::1 - - [26/Nov/2019:16:27:13 +0000] "GET /admin/info HTTP/1.1" 404 149 "http://localhost:4000/dashboard" "Mozilla/5.0 (Macintosh; Intel Mac OS X 10_15_1) AppleWebKit/537.36 (KHTML, like Gecko) Chrome/78.0.3904.97 Safari/537.36"
::1 - - [26/Nov/2019:16:27:28 +0000] "GET /dashboard HTTP/1.1" 200 - "http://localhost:4000/test" "Mozilla/5.0 (Macintosh; Intel Mac OS X 10_15_1) AppleWebKit/537.36 (KHTML, like Gecko) Chrome/78.0.3904.97 Safari/537.36"
::1 - - [26/Nov/2019:16:27:28 +0000] "GET /image/payment/mastero.jpg HTTP/1.1" 404 164 "http://localhost:4000/dashboard" "Mozilla/5.0 (Macintosh; Intel Mac OS X 10_15_1) AppleWebKit/537.36 (KHTML, like Gecko) Chrome/78.0.3904.97 Safari/537.36"
::1 - - [26/Nov/2019:16:27:29 +0000] "GET /image/payment/visa.jpg HTTP/1.1" 404 161 "http://localhost:4000/dashboard" "Mozilla/5.0 (Macintosh; Intel Mac OS X 10_15_1) AppleWebKit/537.36 (KHTML, like Gecko) Chrome/78.0.3904.97 Safari/537.36"
::1 - - [26/Nov/2019:16:27:29 +0000] "GET /image/payment/discover.jpg HTTP/1.1" 404 165 "http://localhost:4000/dashboard" "Mozilla/5.0 (Macintosh; Intel Mac OS X 10_15_1) AppleWebKit/537.36 (KHTML, like Gecko) Chrome/78.0.3904.97 Safari/537.36"
::1 - - [26/Nov/2019:16:27:31 +0000] "GET /image/sprite.png HTTP/1.1" 404 155 "http://localhost:4000/cssM/stylesheet.css" "Mozilla/5.0 (Macintosh; Intel Mac OS X 10_15_1) AppleWebKit/537.36 (KHTML, like Gecko) Chrome/78.0.3904.97 Safari/537.36"
::1 - - [26/Nov/2019:16:27:31 +0000] "GET /image/cms-icon.png HTTP/1.1" 404 157 "http://localhost:4000/cssM/stylesheet.css" "Mozilla/5.0 (Macintosh; Intel Mac OS X 10_15_1) AppleWebKit/537.36 (KHTML, like Gecko) Chrome/78.0.3904.97 Safari/537.36"
::1 - - [26/Nov/2019:16:27:32 +0000] "GET /image/scroll.png HTTP/1.1" 404 155 "http://localhost:4000/cssM/stylesheet.css" "Mozilla/5.0 (Macintosh; Intel Mac OS X 10_15_1) AppleWebKit/537.36 (KHTML, like Gecko) Chrome/78.0.3904.97 Safari/537.36"
::1 - - [26/Nov/2019:16:27:32 +0000] "GET /image/payment/currus.jpg HTTP/1.1" 404 163 "http://localhost:4000/dashboard" "Mozilla/5.0 (Macintosh; Intel Mac OS X 10_15_1) AppleWebKit/537.36 (KHTML, like Gecko) Chrome/78.0.3904.97 Safari/537.36"
::1 - - [26/Nov/2019:16:27:35 +0000] "GET /admin/edit-info HTTP/1.1" 302 64 "http://localhost:4000/dashboard" "Mozilla/5.0 (Macintosh; Intel Mac OS X 10_15_1) AppleWebKit/537.36 (KHTML, like Gecko) Chrome/78.0.3904.97 Safari/537.36"
::1 - - [26/Nov/2019:16:27:36 +0000] "GET /dashboard HTTP/1.1" 304 - "http://localhost:4000/dashboard" "Mozilla/5.0 (Macintosh; Intel Mac OS X 10_15_1) AppleWebKit/537.36 (KHTML, like Gecko) Chrome/78.0.3904.97 Safari/537.36"
::1 - - [26/Nov/2019:16:27:37 +0000] "GET /image/payment/discover.jpg HTTP/1.1" 404 165 "http://localhost:4000/dashboard" "Mozilla/5.0 (Macintosh; Intel Mac OS X 10_15_1) AppleWebKit/537.36 (KHTML, like Gecko) Chrome/78.0.3904.97 Safari/537.36"
::1 - - [26/Nov/2019:16:27:37 +0000] "GET /image/payment/mastero.jpg HTTP/1.1" 404 164 "http://localhost:4000/dashboard" "Mozilla/5.0 (Macintosh; Intel Mac OS X 10_15_1) AppleWebKit/537.36 (KHTML, like Gecko) Chrome/78.0.3904.97 Safari/537.36"
::1 - - [26/Nov/2019:16:27:37 +0000] "GET /image/payment/visa.jpg HTTP/1.1" 404 161 "http://localhost:4000/dashboard" "Mozilla/5.0 (Macintosh; Intel Mac OS X 10_15_1) AppleWebKit/537.36 (KHTML, like Gecko) Chrome/78.0.3904.97 Safari/537.36"
::1 - - [26/Nov/2019:16:27:38 +0000] "GET /image/cms-icon.png HTTP/1.1" 404 157 "http://localhost:4000/cssM/stylesheet.css" "Mozilla/5.0 (Macintosh; Intel Mac OS X 10_15_1) AppleWebKit/537.36 (KHTML, like Gecko) Chrome/78.0.3904.97 Safari/537.36"
::1 - - [26/Nov/2019:16:27:38 +0000] "GET /image/sprite.png HTTP/1.1" 404 155 "http://localhost:4000/cssM/stylesheet.css" "Mozilla/5.0 (Macintosh; Intel Mac OS X 10_15_1) AppleWebKit/537.36 (KHTML, like Gecko) Chrome/78.0.3904.97 Safari/537.36"
::1 - - [26/Nov/2019:16:27:38 +0000] "GET /image/payment/currus.jpg HTTP/1.1" 404 163 "http://localhost:4000/dashboard" "Mozilla/5.0 (Macintosh; Intel Mac OS X 10_15_1) AppleWebKit/537.36 (KHTML, like Gecko) Chrome/78.0.3904.97 Safari/537.36"
::1 - - [26/Nov/2019:16:27:38 +0000] "GET /image/scroll.png HTTP/1.1" 404 155 "http://localhost:4000/cssM/stylesheet.css" "Mozilla/5.0 (Macintosh; Intel Mac OS X 10_15_1) AppleWebKit/537.36 (KHTML, like Gecko) Chrome/78.0.3904.97 Safari/537.36"
::1 - - [26/Nov/2019:16:27:49 +0000] "GET /admin/edit-info HTTP/1.1" 302 64 "http://localhost:4000/dashboard" "Mozilla/5.0 (Macintosh; Intel Mac OS X 10_15_1) AppleWebKit/537.36 (KHTML, like Gecko) Chrome/78.0.3904.97 Safari/537.36"
::1 - - [26/Nov/2019:16:27:50 +0000] "GET /dashboard HTTP/1.1" 200 - "http://localhost:4000/dashboard" "Mozilla/5.0 (Macintosh; Intel Mac OS X 10_15_1) AppleWebKit/537.36 (KHTML, like Gecko) Chrome/78.0.3904.97 Safari/537.36"
::1 - - [26/Nov/2019:16:27:50 +0000] "GET /image/payment/mastero.jpg HTTP/1.1" 404 164 "http://localhost:4000/dashboard" "Mozilla/5.0 (Macintosh; Intel Mac OS X 10_15_1) AppleWebKit/537.36 (KHTML, like Gecko) Chrome/78.0.3904.97 Safari/537.36"
::1 - - [26/Nov/2019:16:27:50 +0000] "GET /image/payment/discover.jpg HTTP/1.1" 404 165 "http://localhost:4000/dashboard" "Mozilla/5.0 (Macintosh; Intel Mac OS X 10_15_1) AppleWebKit/537.36 (KHTML, like Gecko) Chrome/78.0.3904.97 Safari/537.36"
::1 - - [26/Nov/2019:16:27:50 +0000] "GET /image/cms-icon.png HTTP/1.1" 404 157 "http://localhost:4000/cssM/stylesheet.css" "Mozilla/5.0 (Macintosh; Intel Mac OS X 10_15_1) AppleWebKit/537.36 (KHTML, like Gecko) Chrome/78.0.3904.97 Safari/537.36"
::1 - - [26/Nov/2019:16:27:50 +0000] "GET /image/payment/visa.jpg HTTP/1.1" 404 161 "http://localhost:4000/dashboard" "Mozilla/5.0 (Macintosh; Intel Mac OS X 10_15_1) AppleWebKit/537.36 (KHTML, like Gecko) Chrome/78.0.3904.97 Safari/537.36"
::1 - - [26/Nov/2019:16:27:51 +0000] "GET /image/payment/currus.jpg HTTP/1.1" 404 163 "http://localhost:4000/dashboard" "Mozilla/5.0 (Macintosh; Intel Mac OS X 10_15_1) AppleWebKit/537.36 (KHTML, like Gecko) Chrome/78.0.3904.97 Safari/537.36"
::1 - - [26/Nov/2019:16:27:51 +0000] "GET /image/sprite.png HTTP/1.1" 404 155 "http://localhost:4000/cssM/stylesheet.css" "Mozilla/5.0 (Macintosh; Intel Mac OS X 10_15_1) AppleWebKit/537.36 (KHTML, like Gecko) Chrome/78.0.3904.97 Safari/537.36"
::1 - - [26/Nov/2019:16:27:51 +0000] "GET /image/scroll.png HTTP/1.1" 404 155 "http://localhost:4000/cssM/stylesheet.css" "Mozilla/5.0 (Macintosh; Intel Mac OS X 10_15_1) AppleWebKit/537.36 (KHTML, like Gecko) Chrome/78.0.3904.97 Safari/537.36"
::1 - - [26/Nov/2019:16:34:02 +0000] "GET /admin/edit-info HTTP/1.1" 302 64 "http://localhost:4000/dashboard" "Mozilla/5.0 (Macintosh; Intel Mac OS X 10_15_1) AppleWebKit/537.36 (KHTML, like Gecko) Chrome/78.0.3904.97 Safari/537.36"
::1 - - [26/Nov/2019:16:34:02 +0000] "GET /dashboard HTTP/1.1" 304 - "http://localhost:4000/dashboard" "Mozilla/5.0 (Macintosh; Intel Mac OS X 10_15_1) AppleWebKit/537.36 (KHTML, like Gecko) Chrome/78.0.3904.97 Safari/537.36"
::1 - - [26/Nov/2019:16:34:03 +0000] "GET /image/payment/mastero.jpg HTTP/1.1" 404 164 "http://localhost:4000/dashboard" "Mozilla/5.0 (Macintosh; Intel Mac OS X 10_15_1) AppleWebKit/537.36 (KHTML, like Gecko) Chrome/78.0.3904.97 Safari/537.36"
::1 - - [26/Nov/2019:16:34:04 +0000] "GET /image/payment/visa.jpg HTTP/1.1" 404 161 "http://localhost:4000/dashboard" "Mozilla/5.0 (Macintosh; Intel Mac OS X 10_15_1) AppleWebKit/537.36 (KHTML, like Gecko) Chrome/78.0.3904.97 Safari/537.36"
::1 - - [26/Nov/2019:16:34:04 +0000] "GET /image/payment/discover.jpg HTTP/1.1" 404 165 "http://localhost:4000/dashboard" "Mozilla/5.0 (Macintosh; Intel Mac OS X 10_15_1) AppleWebKit/537.36 (KHTML, like Gecko) Chrome/78.0.3904.97 Safari/537.36"
::1 - - [26/Nov/2019:16:34:04 +0000] "GET /image/cms-icon.png HTTP/1.1" 404 157 "http://localhost:4000/cssM/stylesheet.css" "Mozilla/5.0 (Macintosh; Intel Mac OS X 10_15_1) AppleWebKit/537.36 (KHTML, like Gecko) Chrome/78.0.3904.97 Safari/537.36"
::1 - - [26/Nov/2019:16:34:04 +0000] "GET /image/payment/currus.jpg HTTP/1.1" 404 163 "http://localhost:4000/dashboard" "Mozilla/5.0 (Macintosh; Intel Mac OS X 10_15_1) AppleWebKit/537.36 (KHTML, like Gecko) Chrome/78.0.3904.97 Safari/537.36"
::1 - - [26/Nov/2019:16:34:04 +0000] "GET /image/sprite.png HTTP/1.1" 404 155 "http://localhost:4000/cssM/stylesheet.css" "Mozilla/5.0 (Macintosh; Intel Mac OS X 10_15_1) AppleWebKit/537.36 (KHTML, like Gecko) Chrome/78.0.3904.97 Safari/537.36"
::1 - - [26/Nov/2019:16:34:04 +0000] "GET /image/scroll.png HTTP/1.1" 404 155 "http://localhost:4000/cssM/stylesheet.css" "Mozilla/5.0 (Macintosh; Intel Mac OS X 10_15_1) AppleWebKit/537.36 (KHTML, like Gecko) Chrome/78.0.3904.97 Safari/537.36"
::1 - - [26/Nov/2019:16:34:10 +0000] "GET /dashboard HTTP/1.1" 200 - "http://localhost:4000/dashboard" "Mozilla/5.0 (Macintosh; Intel Mac OS X 10_15_1) AppleWebKit/537.36 (KHTML, like Gecko) Chrome/78.0.3904.97 Safari/537.36"
::1 - - [26/Nov/2019:16:34:10 +0000] "GET /image/payment/mastero.jpg HTTP/1.1" 404 164 "http://localhost:4000/dashboard" "Mozilla/5.0 (Macintosh; Intel Mac OS X 10_15_1) AppleWebKit/537.36 (KHTML, like Gecko) Chrome/78.0.3904.97 Safari/537.36"
::1 - - [26/Nov/2019:16:34:10 +0000] "GET /image/payment/visa.jpg HTTP/1.1" 404 161 "http://localhost:4000/dashboard" "Mozilla/5.0 (Macintosh; Intel Mac OS X 10_15_1) AppleWebKit/537.36 (KHTML, like Gecko) Chrome/78.0.3904.97 Safari/537.36"
::1 - - [26/Nov/2019:16:34:10 +0000] "GET /image/payment/currus.jpg HTTP/1.1" 404 163 "http://localhost:4000/dashboard" "Mozilla/5.0 (Macintosh; Intel Mac OS X 10_15_1) AppleWebKit/537.36 (KHTML, like Gecko) Chrome/78.0.3904.97 Safari/537.36"
::1 - - [26/Nov/2019:16:34:10 +0000] "GET /image/payment/discover.jpg HTTP/1.1" 404 165 "http://localhost:4000/dashboard" "Mozilla/5.0 (Macintosh; Intel Mac OS X 10_15_1) AppleWebKit/537.36 (KHTML, like Gecko) Chrome/78.0.3904.97 Safari/537.36"
::1 - - [26/Nov/2019:16:34:16 +0000] "GET /admin/edit-info HTTP/1.1" 302 64 "http://localhost:4000/dashboard" "Mozilla/5.0 (Macintosh; Intel Mac OS X 10_15_1) AppleWebKit/537.36 (KHTML, like Gecko) Chrome/78.0.3904.97 Safari/537.36"
::1 - - [26/Nov/2019:16:34:16 +0000] "GET /dashboard HTTP/1.1" 200 - "http://localhost:4000/dashboard" "Mozilla/5.0 (Macintosh; Intel Mac OS X 10_15_1) AppleWebKit/537.36 (KHTML, like Gecko) Chrome/78.0.3904.97 Safari/537.36"
::1 - - [26/Nov/2019:16:34:17 +0000] "GET /image/payment/mastero.jpg HTTP/1.1" 404 164 "http://localhost:4000/dashboard" "Mozilla/5.0 (Macintosh; Intel Mac OS X 10_15_1) AppleWebKit/537.36 (KHTML, like Gecko) Chrome/78.0.3904.97 Safari/537.36"
::1 - - [26/Nov/2019:16:34:17 +0000] "GET /image/payment/currus.jpg HTTP/1.1" 404 163 "http://localhost:4000/dashboard" "Mozilla/5.0 (Macintosh; Intel Mac OS X 10_15_1) AppleWebKit/537.36 (KHTML, like Gecko) Chrome/78.0.3904.97 Safari/537.36"
::1 - - [26/Nov/2019:16:34:17 +0000] "GET /image/payment/discover.jpg HTTP/1.1" 404 165 "http://localhost:4000/dashboard" "Mozilla/5.0 (Macintosh; Intel Mac OS X 10_15_1) AppleWebKit/537.36 (KHTML, like Gecko) Chrome/78.0.3904.97 Safari/537.36"
::1 - - [26/Nov/2019:16:34:17 +0000] "GET /image/payment/visa.jpg HTTP/1.1" 404 161 "http://localhost:4000/dashboard" "Mozilla/5.0 (Macintosh; Intel Mac OS X 10_15_1) AppleWebKit/537.36 (KHTML, like Gecko) Chrome/78.0.3904.97 Safari/537.36"
::1 - - [26/Nov/2019:16:35:08 +0000] "GET /dashboard HTTP/1.1" 200 - "http://localhost:4000/dashboard" "Mozilla/5.0 (Macintosh; Intel Mac OS X 10_15_1) AppleWebKit/537.36 (KHTML, like Gecko) Chrome/78.0.3904.97 Safari/537.36"
::1 - - [26/Nov/2019:16:35:08 +0000] "GET /image/payment/mastero.jpg HTTP/1.1" 404 164 "http://localhost:4000/dashboard" "Mozilla/5.0 (Macintosh; Intel Mac OS X 10_15_1) AppleWebKit/537.36 (KHTML, like Gecko) Chrome/78.0.3904.97 Safari/537.36"
::1 - - [26/Nov/2019:16:35:09 +0000] "GET /image/payment/visa.jpg HTTP/1.1" 404 161 "http://localhost:4000/dashboard" "Mozilla/5.0 (Macintosh; Intel Mac OS X 10_15_1) AppleWebKit/537.36 (KHTML, like Gecko) Chrome/78.0.3904.97 Safari/537.36"
::1 - - [26/Nov/2019:16:35:09 +0000] "GET /image/payment/currus.jpg HTTP/1.1" 404 163 "http://localhost:4000/dashboard" "Mozilla/5.0 (Macintosh; Intel Mac OS X 10_15_1) AppleWebKit/537.36 (KHTML, like Gecko) Chrome/78.0.3904.97 Safari/537.36"
::1 - - [26/Nov/2019:16:35:11 +0000] "GET /image/payment/discover.jpg HTTP/1.1" 404 165 "http://localhost:4000/dashboard" "Mozilla/5.0 (Macintosh; Intel Mac OS X 10_15_1) AppleWebKit/537.36 (KHTML, like Gecko) Chrome/78.0.3904.97 Safari/537.36"
::1 - - [26/Nov/2019:16:36:56 +0000] "GET /admin/edit-info HTTP/1.1" - - "-" "Mozilla/5.0 (Macintosh; Intel Mac OS X 10_15_1) AppleWebKit/537.36 (KHTML, like Gecko) Chrome/78.0.3904.97 Safari/537.36"
::1 - - [26/Nov/2019:16:37:05 +0000] "GET /dashboard HTTP/1.1" 304 - "-" "Mozilla/5.0 (Macintosh; Intel Mac OS X 10_15_1) AppleWebKit/537.36 (KHTML, like Gecko) Chrome/78.0.3904.97 Safari/537.36"
::1 - - [26/Nov/2019:16:37:05 +0000] "GET /image/payment/mastero.jpg HTTP/1.1" 404 164 "http://localhost:4000/dashboard" "Mozilla/5.0 (Macintosh; Intel Mac OS X 10_15_1) AppleWebKit/537.36 (KHTML, like Gecko) Chrome/78.0.3904.97 Safari/537.36"
::1 - - [26/Nov/2019:16:37:06 +0000] "GET /image/payment/visa.jpg HTTP/1.1" 404 161 "http://localhost:4000/dashboard" "Mozilla/5.0 (Macintosh; Intel Mac OS X 10_15_1) AppleWebKit/537.36 (KHTML, like Gecko) Chrome/78.0.3904.97 Safari/537.36"
::1 - - [26/Nov/2019:16:37:06 +0000] "GET /image/payment/currus.jpg HTTP/1.1" 404 163 "http://localhost:4000/dashboard" "Mozilla/5.0 (Macintosh; Intel Mac OS X 10_15_1) AppleWebKit/537.36 (KHTML, like Gecko) Chrome/78.0.3904.97 Safari/537.36"
::1 - - [26/Nov/2019:16:37:07 +0000] "GET /image/payment/discover.jpg HTTP/1.1" 404 165 "http://localhost:4000/dashboard" "Mozilla/5.0 (Macintosh; Intel Mac OS X 10_15_1) AppleWebKit/537.36 (KHTML, like Gecko) Chrome/78.0.3904.97 Safari/537.36"
::1 - - [26/Nov/2019:16:39:09 +0000] "GET /admin/edit-info HTTP/1.1" - - "http://localhost:4000/dashboard" "Mozilla/5.0 (Macintosh; Intel Mac OS X 10_15_1) AppleWebKit/537.36 (KHTML, like Gecko) Chrome/78.0.3904.97 Safari/537.36"
