::1 - - [16/Dec/2019:11:01:46 +0000] "GET /orders HTTP/1.1" 304 - "http://localhost:4000/cart/checkout/pay" "Mozilla/5.0 (Macintosh; Intel Mac OS X 10_15_1) AppleWebKit/537.36 (KHTML, like Gecko) Chrome/79.0.3945.79 Safari/537.36"
::1 - - [16/Dec/2019:11:01:48 +0000] "GET /image/sprite.png HTTP/1.1" 404 155 "http://localhost:4000/cssM/stylesheet.css" "Mozilla/5.0 (Macintosh; Intel Mac OS X 10_15_1) AppleWebKit/537.36 (KHTML, like Gecko) Chrome/79.0.3945.79 Safari/537.36"
::1 - - [16/Dec/2019:11:01:48 +0000] "GET /image/cms-icon.png HTTP/1.1" 404 157 "http://localhost:4000/cssM/stylesheet.css" "Mozilla/5.0 (Macintosh; Intel Mac OS X 10_15_1) AppleWebKit/537.36 (KHTML, like Gecko) Chrome/79.0.3945.79 Safari/537.36"
::1 - - [16/Dec/2019:11:01:54 +0000] "GET /admin/brands HTTP/1.1" 200 - "http://localhost:4000/orders" "Mozilla/5.0 (Macintosh; Intel Mac OS X 10_15_1) AppleWebKit/537.36 (KHTML, like Gecko) Chrome/79.0.3945.79 Safari/537.36"
::1 - - [16/Dec/2019:11:01:55 +0000] "GET /image/sprite.png HTTP/1.1" 404 155 "http://localhost:4000/cssM/stylesheet.css" "Mozilla/5.0 (Macintosh; Intel Mac OS X 10_15_1) AppleWebKit/537.36 (KHTML, like Gecko) Chrome/79.0.3945.79 Safari/537.36"
::1 - - [16/Dec/2019:11:01:55 +0000] "GET /admin/imageM/payment/mastero.jpg HTTP/1.1" 404 171 "http://localhost:4000/admin/brands" "Mozilla/5.0 (Macintosh; Intel Mac OS X 10_15_1) AppleWebKit/537.36 (KHTML, like Gecko) Chrome/79.0.3945.79 Safari/537.36"
::1 - - [16/Dec/2019:11:01:56 +0000] "GET /admin/imageM/payment/visa.jpg HTTP/1.1" 404 168 "http://localhost:4000/admin/brands" "Mozilla/5.0 (Macintosh; Intel Mac OS X 10_15_1) AppleWebKit/537.36 (KHTML, like Gecko) Chrome/79.0.3945.79 Safari/537.36"
::1 - - [16/Dec/2019:11:01:56 +0000] "GET /admin/imageM/payment/discover.jpg HTTP/1.1" 404 172 "http://localhost:4000/admin/brands" "Mozilla/5.0 (Macintosh; Intel Mac OS X 10_15_1) AppleWebKit/537.36 (KHTML, like Gecko) Chrome/79.0.3945.79 Safari/537.36"
::1 - - [16/Dec/2019:11:01:56 +0000] "GET /admin/imageM/payment/currus.jpg HTTP/1.1" 404 170 "http://localhost:4000/admin/brands" "Mozilla/5.0 (Macintosh; Intel Mac OS X 10_15_1) AppleWebKit/537.36 (KHTML, like Gecko) Chrome/79.0.3945.79 Safari/537.36"
::1 - - [16/Dec/2019:11:01:56 +0000] "GET /image/cms-icon.png HTTP/1.1" 404 157 "http://localhost:4000/cssM/stylesheet.css" "Mozilla/5.0 (Macintosh; Intel Mac OS X 10_15_1) AppleWebKit/537.36 (KHTML, like Gecko) Chrome/79.0.3945.79 Safari/537.36"
::1 - - [16/Dec/2019:11:02:38 +0000] "GET /products/brand/alligator HTTP/1.1" 302 62 "-" "Mozilla/5.0 (Macintosh; Intel Mac OS X 10_15_1) AppleWebKit/537.36 (KHTML, like Gecko) Chrome/79.0.3945.79 Safari/537.36"
::1 - - [16/Dec/2019:11:02:39 +0000] "GET /products HTTP/1.1" 200 - "-" "Mozilla/5.0 (Macintosh; Intel Mac OS X 10_15_1) AppleWebKit/537.36 (KHTML, like Gecko) Chrome/79.0.3945.79 Safari/537.36"
::1 - - [16/Dec/2019:11:02:41 +0000] "GET /image/gridlist.png HTTP/1.1" 404 157 "http://localhost:4000/cssM/stylesheet.css" "Mozilla/5.0 (Macintosh; Intel Mac OS X 10_15_1) AppleWebKit/537.36 (KHTML, like Gecko) Chrome/79.0.3945.79 Safari/537.36"
::1 - - [16/Dec/2019:11:07:32 +0000] "GET /brand/alligator HTTP/1.1" - - "-" "Mozilla/5.0 (Macintosh; Intel Mac OS X 10_15_1) AppleWebKit/537.36 (KHTML, like Gecko) Chrome/79.0.3945.79 Safari/537.36"
::1 - - [16/Dec/2019:11:31:25 +0000] "GET /brand/alligator HTTP/1.1" 500 - "-" "Mozilla/5.0 (Macintosh; Intel Mac OS X 10_15_1) AppleWebKit/537.36 (KHTML, like Gecko) Chrome/79.0.3945.79 Safari/537.36"
::1 - - [16/Dec/2019:11:37:24 +0000] "GET /brand/alligator HTTP/1.1" 200 - "-" "Mozilla/5.0 (Macintosh; Intel Mac OS X 10_15_1) AppleWebKit/537.36 (KHTML, like Gecko) Chrome/79.0.3945.79 Safari/537.36"
::1 - - [16/Dec/2019:11:37:25 +0000] "GET /brand/imageM/payment/mastero.jpg HTTP/1.1" 404 171 "http://localhost:4000/brand/alligator" "Mozilla/5.0 (Macintosh; Intel Mac OS X 10_15_1) AppleWebKit/537.36 (KHTML, like Gecko) Chrome/79.0.3945.79 Safari/537.36"
::1 - - [16/Dec/2019:11:37:26 +0000] "GET /brand/imageM/payment/visa.jpg HTTP/1.1" 404 168 "http://localhost:4000/brand/alligator" "Mozilla/5.0 (Macintosh; Intel Mac OS X 10_15_1) AppleWebKit/537.36 (KHTML, like Gecko) Chrome/79.0.3945.79 Safari/537.36"
::1 - - [16/Dec/2019:11:37:27 +0000] "GET /brand/imageM/payment/currus.jpg HTTP/1.1" 404 170 "http://localhost:4000/brand/alligator" "Mozilla/5.0 (Macintosh; Intel Mac OS X 10_15_1) AppleWebKit/537.36 (KHTML, like Gecko) Chrome/79.0.3945.79 Safari/537.36"
::1 - - [16/Dec/2019:11:37:27 +0000] "GET /image/sprite.png HTTP/1.1" 404 155 "http://localhost:4000/cssM/stylesheet.css" "Mozilla/5.0 (Macintosh; Intel Mac OS X 10_15_1) AppleWebKit/537.36 (KHTML, like Gecko) Chrome/79.0.3945.79 Safari/537.36"
::1 - - [16/Dec/2019:11:37:27 +0000] "GET /brand/imageM/payment/discover.jpg HTTP/1.1" 404 172 "http://localhost:4000/brand/alligator" "Mozilla/5.0 (Macintosh; Intel Mac OS X 10_15_1) AppleWebKit/537.36 (KHTML, like Gecko) Chrome/79.0.3945.79 Safari/537.36"
::1 - - [16/Dec/2019:11:37:28 +0000] "GET /image/cms-icon.png HTTP/1.1" 404 157 "http://localhost:4000/cssM/stylesheet.css" "Mozilla/5.0 (Macintosh; Intel Mac OS X 10_15_1) AppleWebKit/537.36 (KHTML, like Gecko) Chrome/79.0.3945.79 Safari/537.36"
::1 - - [16/Dec/2019:11:37:28 +0000] "GET /image/gridlist.png HTTP/1.1" 404 157 "http://localhost:4000/cssM/stylesheet.css" "Mozilla/5.0 (Macintosh; Intel Mac OS X 10_15_1) AppleWebKit/537.36 (KHTML, like Gecko) Chrome/79.0.3945.79 Safari/537.36"
::1 - - [16/Dec/2019:11:37:42 +0000] "GET /brand/kitchenaid HTTP/1.1" 200 - "-" "Mozilla/5.0 (Macintosh; Intel Mac OS X 10_15_1) AppleWebKit/537.36 (KHTML, like Gecko) Chrome/79.0.3945.79 Safari/537.36"
::1 - - [16/Dec/2019:11:37:43 +0000] "GET /brand/imageM/payment/currus.jpg HTTP/1.1" 404 170 "http://localhost:4000/brand/kitchenaid" "Mozilla/5.0 (Macintosh; Intel Mac OS X 10_15_1) AppleWebKit/537.36 (KHTML, like Gecko) Chrome/79.0.3945.79 Safari/537.36"
::1 - - [16/Dec/2019:11:37:43 +0000] "GET /brand/imageM/payment/mastero.jpg HTTP/1.1" 404 171 "http://localhost:4000/brand/kitchenaid" "Mozilla/5.0 (Macintosh; Intel Mac OS X 10_15_1) AppleWebKit/537.36 (KHTML, like Gecko) Chrome/79.0.3945.79 Safari/537.36"
::1 - - [16/Dec/2019:11:37:43 +0000] "GET /brand/imageM/payment/discover.jpg HTTP/1.1" 404 172 "http://localhost:4000/brand/kitchenaid" "Mozilla/5.0 (Macintosh; Intel Mac OS X 10_15_1) AppleWebKit/537.36 (KHTML, like Gecko) Chrome/79.0.3945.79 Safari/537.36"
::1 - - [16/Dec/2019:11:37:44 +0000] "GET /brand/imageM/payment/visa.jpg HTTP/1.1" 404 168 "http://localhost:4000/brand/kitchenaid" "Mozilla/5.0 (Macintosh; Intel Mac OS X 10_15_1) AppleWebKit/537.36 (KHTML, like Gecko) Chrome/79.0.3945.79 Safari/537.36"
::1 - - [16/Dec/2019:11:37:44 +0000] "GET /image/sprite.png HTTP/1.1" 404 155 "http://localhost:4000/cssM/stylesheet.css" "Mozilla/5.0 (Macintosh; Intel Mac OS X 10_15_1) AppleWebKit/537.36 (KHTML, like Gecko) Chrome/79.0.3945.79 Safari/537.36"
::1 - - [16/Dec/2019:11:37:44 +0000] "GET /image/gridlist.png HTTP/1.1" 404 157 "http://localhost:4000/cssM/stylesheet.css" "Mozilla/5.0 (Macintosh; Intel Mac OS X 10_15_1) AppleWebKit/537.36 (KHTML, like Gecko) Chrome/79.0.3945.79 Safari/537.36"
::1 - - [16/Dec/2019:11:37:44 +0000] "GET /image/cms-icon.png HTTP/1.1" 404 157 "http://localhost:4000/cssM/stylesheet.css" "Mozilla/5.0 (Macintosh; Intel Mac OS X 10_15_1) AppleWebKit/537.36 (KHTML, like Gecko) Chrome/79.0.3945.79 Safari/537.36"
::1 - - [16/Dec/2019:11:40:05 +0000] "GET / HTTP/1.1" 304 - "http://localhost:4000/brand/kitchenaid" "Mozilla/5.0 (Macintosh; Intel Mac OS X 10_15_1) AppleWebKit/537.36 (KHTML, like Gecko) Chrome/79.0.3945.79 Safari/537.36"
::1 - - [16/Dec/2019:11:40:06 +0000] "GET /image/sprite.png HTTP/1.1" 404 155 "http://localhost:4000/cssM/stylesheet.css" "Mozilla/5.0 (Macintosh; Intel Mac OS X 10_15_1) AppleWebKit/537.36 (KHTML, like Gecko) Chrome/79.0.3945.79 Safari/537.36"
::1 - - [16/Dec/2019:11:40:06 +0000] "GET /image/cms-icon.png HTTP/1.1" 404 157 "http://localhost:4000/cssM/stylesheet.css" "Mozilla/5.0 (Macintosh; Intel Mac OS X 10_15_1) AppleWebKit/537.36 (KHTML, like Gecko) Chrome/79.0.3945.79 Safari/537.36"
::1 - - [16/Dec/2019:12:05:46 +0000] "GET /image/sprite.png HTTP/1.1" 404 155 "http://localhost:4000/cssM/stylesheet.css" "Mozilla/5.0 (Macintosh; Intel Mac OS X 10_15_1) AppleWebKit/537.36 (KHTML, like Gecko) Chrome/79.0.3945.79 Safari/537.36"
::1 - - [16/Dec/2019:12:05:53 +0000] "GET / HTTP/1.1" 200 - "http://localhost:4000/brand/kitchenaid" "Mozilla/5.0 (Macintosh; Intel Mac OS X 10_15_1) AppleWebKit/537.36 (KHTML, like Gecko) Chrome/79.0.3945.79 Safari/537.36"
::1 - - [16/Dec/2019:12:05:54 +0000] "GET /image/sprite.png HTTP/1.1" 404 155 "http://localhost:4000/cssM/stylesheet.css" "Mozilla/5.0 (Macintosh; Intel Mac OS X 10_15_1) AppleWebKit/537.36 (KHTML, like Gecko) Chrome/79.0.3945.79 Safari/537.36"
::1 - - [16/Dec/2019:12:05:54 +0000] "GET /image/brand/brand2.png HTTP/1.1" 404 161 "http://localhost:4000/" "Mozilla/5.0 (Macintosh; Intel Mac OS X 10_15_1) AppleWebKit/537.36 (KHTML, like Gecko) Chrome/79.0.3945.79 Safari/537.36"
::1 - - [16/Dec/2019:12:05:54 +0000] "GET /image/brand/brand1.png HTTP/1.1" 404 161 "http://localhost:4000/" "Mozilla/5.0 (Macintosh; Intel Mac OS X 10_15_1) AppleWebKit/537.36 (KHTML, like Gecko) Chrome/79.0.3945.79 Safari/537.36"
::1 - - [16/Dec/2019:12:05:54 +0000] "GET /image/brand/brand5.png HTTP/1.1" 404 161 "http://localhost:4000/" "Mozilla/5.0 (Macintosh; Intel Mac OS X 10_15_1) AppleWebKit/537.36 (KHTML, like Gecko) Chrome/79.0.3945.79 Safari/537.36"
::1 - - [16/Dec/2019:12:05:54 +0000] "GET /image/brand/brand3.png HTTP/1.1" 404 161 "http://localhost:4000/" "Mozilla/5.0 (Macintosh; Intel Mac OS X 10_15_1) AppleWebKit/537.36 (KHTML, like Gecko) Chrome/79.0.3945.79 Safari/537.36"
::1 - - [16/Dec/2019:12:05:55 +0000] "GET /image/brand/brand9.png HTTP/1.1" 404 161 "http://localhost:4000/" "Mozilla/5.0 (Macintosh; Intel Mac OS X 10_15_1) AppleWebKit/537.36 (KHTML, like Gecko) Chrome/79.0.3945.79 Safari/537.36"
::1 - - [16/Dec/2019:12:05:55 +0000] "GET /image/brand/brand7.png HTTP/1.1" 404 161 "http://localhost:4000/" "Mozilla/5.0 (Macintosh; Intel Mac OS X 10_15_1) AppleWebKit/537.36 (KHTML, like Gecko) Chrome/79.0.3945.79 Safari/537.36"
::1 - - [16/Dec/2019:12:05:55 +0000] "GET /image/brand/brand8.png HTTP/1.1" 404 161 "http://localhost:4000/" "Mozilla/5.0 (Macintosh; Intel Mac OS X 10_15_1) AppleWebKit/537.36 (KHTML, like Gecko) Chrome/79.0.3945.79 Safari/537.36"
::1 - - [16/Dec/2019:12:05:55 +0000] "GET /image/brand/brand6.png HTTP/1.1" 404 161 "http://localhost:4000/" "Mozilla/5.0 (Macintosh; Intel Mac OS X 10_15_1) AppleWebKit/537.36 (KHTML, like Gecko) Chrome/79.0.3945.79 Safari/537.36"
::1 - - [16/Dec/2019:12:05:55 +0000] "GET /image/brand/brand4.png HTTP/1.1" 404 161 "http://localhost:4000/" "Mozilla/5.0 (Macintosh; Intel Mac OS X 10_15_1) AppleWebKit/537.36 (KHTML, like Gecko) Chrome/79.0.3945.79 Safari/537.36"
::1 - - [16/Dec/2019:12:05:55 +0000] "GET /image/cms-icon.png HTTP/1.1" 404 157 "http://localhost:4000/cssM/stylesheet.css" "Mozilla/5.0 (Macintosh; Intel Mac OS X 10_15_1) AppleWebKit/537.36 (KHTML, like Gecko) Chrome/79.0.3945.79 Safari/537.36"
::1 - - [16/Dec/2019:12:05:55 +0000] "GET /image/sprite.png HTTP/1.1" 404 155 "http://localhost:4000/cssM/stylesheet.css" "Mozilla/5.0 (Macintosh; Intel Mac OS X 10_15_1) AppleWebKit/537.36 (KHTML, like Gecko) Chrome/79.0.3945.79 Safari/537.36"
::1 - - [16/Dec/2019:12:06:53 +0000] "GET / HTTP/1.1" 200 - "http://localhost:4000/brand/kitchenaid" "Mozilla/5.0 (Macintosh; Intel Mac OS X 10_15_1) AppleWebKit/537.36 (KHTML, like Gecko) Chrome/79.0.3945.79 Safari/537.36"
::1 - - [16/Dec/2019:12:06:53 +0000] "GET /image/sprite.png HTTP/1.1" 404 155 "http://localhost:4000/cssM/stylesheet.css" "Mozilla/5.0 (Macintosh; Intel Mac OS X 10_15_1) AppleWebKit/537.36 (KHTML, like Gecko) Chrome/79.0.3945.79 Safari/537.36"
::1 - - [16/Dec/2019:12:06:54 +0000] "GET /image/cms-icon.png HTTP/1.1" 404 157 "http://localhost:4000/cssM/stylesheet.css" "Mozilla/5.0 (Macintosh; Intel Mac OS X 10_15_1) AppleWebKit/537.36 (KHTML, like Gecko) Chrome/79.0.3945.79 Safari/537.36"
::1 - - [16/Dec/2019:12:06:55 +0000] "GET /image/sprite.png HTTP/1.1" 404 155 "http://localhost:4000/cssM/stylesheet.css" "Mozilla/5.0 (Macintosh; Intel Mac OS X 10_15_1) AppleWebKit/537.36 (KHTML, like Gecko) Chrome/79.0.3945.79 Safari/537.36"
::1 - - [16/Dec/2019:12:08:48 +0000] "GET /admin/brands HTTP/1.1" 200 - "http://localhost:4000/orders" "Mozilla/5.0 (Macintosh; Intel Mac OS X 10_15_1) AppleWebKit/537.36 (KHTML, like Gecko) Chrome/79.0.3945.79 Safari/537.36"
::1 - - [16/Dec/2019:12:08:49 +0000] "GET /admin/imageM/brand/brand1.png HTTP/1.1" 404 168 "http://localhost:4000/admin/brands" "Mozilla/5.0 (Macintosh; Intel Mac OS X 10_15_1) AppleWebKit/537.36 (KHTML, like Gecko) Chrome/79.0.3945.79 Safari/537.36"
::1 - - [16/Dec/2019:12:08:49 +0000] "GET /admin/imageM/brand/brand2.png HTTP/1.1" 404 168 "http://localhost:4000/admin/brands" "Mozilla/5.0 (Macintosh; Intel Mac OS X 10_15_1) AppleWebKit/537.36 (KHTML, like Gecko) Chrome/79.0.3945.79 Safari/537.36"
::1 - - [16/Dec/2019:12:08:49 +0000] "GET /admin/imageM/brand/brand3.png HTTP/1.1" 404 168 "http://localhost:4000/admin/brands" "Mozilla/5.0 (Macintosh; Intel Mac OS X 10_15_1) AppleWebKit/537.36 (KHTML, like Gecko) Chrome/79.0.3945.79 Safari/537.36"
::1 - - [16/Dec/2019:12:08:49 +0000] "GET /admin/imageM/brand/brand5.png HTTP/1.1" 404 168 "http://localhost:4000/admin/brands" "Mozilla/5.0 (Macintosh; Intel Mac OS X 10_15_1) AppleWebKit/537.36 (KHTML, like Gecko) Chrome/79.0.3945.79 Safari/537.36"
::1 - - [16/Dec/2019:12:08:49 +0000] "GET /image/sprite.png HTTP/1.1" 404 155 "http://localhost:4000/cssM/stylesheet.css" "Mozilla/5.0 (Macintosh; Intel Mac OS X 10_15_1) AppleWebKit/537.36 (KHTML, like Gecko) Chrome/79.0.3945.79 Safari/537.36"
::1 - - [16/Dec/2019:12:08:49 +0000] "GET /admin/imageM/brand/brand4.png HTTP/1.1" 404 168 "http://localhost:4000/admin/brands" "Mozilla/5.0 (Macintosh; Intel Mac OS X 10_15_1) AppleWebKit/537.36 (KHTML, like Gecko) Chrome/79.0.3945.79 Safari/537.36"
::1 - - [16/Dec/2019:12:08:49 +0000] "GET /admin/imageM/brand/brand8.png HTTP/1.1" 404 168 "http://localhost:4000/admin/brands" "Mozilla/5.0 (Macintosh; Intel Mac OS X 10_15_1) AppleWebKit/537.36 (KHTML, like Gecko) Chrome/79.0.3945.79 Safari/537.36"
::1 - - [16/Dec/2019:12:08:49 +0000] "GET /admin/imageM/brand/brand6.png HTTP/1.1" 404 168 "http://localhost:4000/admin/brands" "Mozilla/5.0 (Macintosh; Intel Mac OS X 10_15_1) AppleWebKit/537.36 (KHTML, like Gecko) Chrome/79.0.3945.79 Safari/537.36"
::1 - - [16/Dec/2019:12:08:49 +0000] "GET /admin/imageM/brand/brand7.png HTTP/1.1" 404 168 "http://localhost:4000/admin/brands" "Mozilla/5.0 (Macintosh; Intel Mac OS X 10_15_1) AppleWebKit/537.36 (KHTML, like Gecko) Chrome/79.0.3945.79 Safari/537.36"
::1 - - [16/Dec/2019:12:08:49 +0000] "GET /admin/imageM/brand/brand9.png HTTP/1.1" 404 168 "http://localhost:4000/admin/brands" "Mozilla/5.0 (Macintosh; Intel Mac OS X 10_15_1) AppleWebKit/537.36 (KHTML, like Gecko) Chrome/79.0.3945.79 Safari/537.36"
::1 - - [16/Dec/2019:12:08:49 +0000] "GET /admin/imageM/payment/visa.jpg HTTP/1.1" 404 168 "http://localhost:4000/admin/brands" "Mozilla/5.0 (Macintosh; Intel Mac OS X 10_15_1) AppleWebKit/537.36 (KHTML, like Gecko) Chrome/79.0.3945.79 Safari/537.36"
::1 - - [16/Dec/2019:12:08:49 +0000] "GET /admin/imageM/payment/mastero.jpg HTTP/1.1" 404 171 "http://localhost:4000/admin/brands" "Mozilla/5.0 (Macintosh; Intel Mac OS X 10_15_1) AppleWebKit/537.36 (KHTML, like Gecko) Chrome/79.0.3945.79 Safari/537.36"
::1 - - [16/Dec/2019:12:08:50 +0000] "GET /admin/imageM/payment/currus.jpg HTTP/1.1" 404 170 "http://localhost:4000/admin/brands" "Mozilla/5.0 (Macintosh; Intel Mac OS X 10_15_1) AppleWebKit/537.36 (KHTML, like Gecko) Chrome/79.0.3945.79 Safari/537.36"
::1 - - [16/Dec/2019:12:08:50 +0000] "GET /admin/imageM/payment/discover.jpg HTTP/1.1" 404 172 "http://localhost:4000/admin/brands" "Mozilla/5.0 (Macintosh; Intel Mac OS X 10_15_1) AppleWebKit/537.36 (KHTML, like Gecko) Chrome/79.0.3945.79 Safari/537.36"
::1 - - [16/Dec/2019:12:08:50 +0000] "GET /image/cms-icon.png HTTP/1.1" 404 157 "http://localhost:4000/cssM/stylesheet.css" "Mozilla/5.0 (Macintosh; Intel Mac OS X 10_15_1) AppleWebKit/537.36 (KHTML, like Gecko) Chrome/79.0.3945.79 Safari/537.36"
::1 - - [16/Dec/2019:12:09:02 +0000] "GET / HTTP/1.1" 304 - "http://localhost:4000/brand/kitchenaid" "Mozilla/5.0 (Macintosh; Intel Mac OS X 10_15_1) AppleWebKit/537.36 (KHTML, like Gecko) Chrome/79.0.3945.79 Safari/537.36"
::1 - - [16/Dec/2019:12:09:03 +0000] "GET /image/sprite.png HTTP/1.1" 404 155 "http://localhost:4000/cssM/stylesheet.css" "Mozilla/5.0 (Macintosh; Intel Mac OS X 10_15_1) AppleWebKit/537.36 (KHTML, like Gecko) Chrome/79.0.3945.79 Safari/537.36"
::1 - - [16/Dec/2019:12:09:03 +0000] "GET /image/cms-icon.png HTTP/1.1" 404 157 "http://localhost:4000/cssM/stylesheet.css" "Mozilla/5.0 (Macintosh; Intel Mac OS X 10_15_1) AppleWebKit/537.36 (KHTML, like Gecko) Chrome/79.0.3945.79 Safari/537.36"
::1 - - [16/Dec/2019:12:09:04 +0000] "GET /image/sprite.png HTTP/1.1" 404 155 "http://localhost:4000/cssM/stylesheet.css" "Mozilla/5.0 (Macintosh; Intel Mac OS X 10_15_1) AppleWebKit/537.36 (KHTML, like Gecko) Chrome/79.0.3945.79 Safari/537.36"
::1 - - [16/Dec/2019:12:09:15 +0000] "GET /admin/brands HTTP/1.1" 304 - "http://localhost:4000/orders" "Mozilla/5.0 (Macintosh; Intel Mac OS X 10_15_1) AppleWebKit/537.36 (KHTML, like Gecko) Chrome/79.0.3945.79 Safari/537.36"
::1 - - [16/Dec/2019:12:09:15 +0000] "GET /admin/imageM/brand/brand1.png HTTP/1.1" 404 168 "http://localhost:4000/admin/brands" "Mozilla/5.0 (Macintosh; Intel Mac OS X 10_15_1) AppleWebKit/537.36 (KHTML, like Gecko) Chrome/79.0.3945.79 Safari/537.36"
::1 - - [16/Dec/2019:12:09:15 +0000] "GET /admin/imageM/brand/brand3.png HTTP/1.1" 404 168 "http://localhost:4000/admin/brands" "Mozilla/5.0 (Macintosh; Intel Mac OS X 10_15_1) AppleWebKit/537.36 (KHTML, like Gecko) Chrome/79.0.3945.79 Safari/537.36"
::1 - - [16/Dec/2019:12:09:15 +0000] "GET /admin/imageM/brand/brand2.png HTTP/1.1" 404 168 "http://localhost:4000/admin/brands" "Mozilla/5.0 (Macintosh; Intel Mac OS X 10_15_1) AppleWebKit/537.36 (KHTML, like Gecko) Chrome/79.0.3945.79 Safari/537.36"
::1 - - [16/Dec/2019:12:09:15 +0000] "GET /admin/imageM/brand/brand6.png HTTP/1.1" 404 168 "http://localhost:4000/admin/brands" "Mozilla/5.0 (Macintosh; Intel Mac OS X 10_15_1) AppleWebKit/537.36 (KHTML, like Gecko) Chrome/79.0.3945.79 Safari/537.36"
::1 - - [16/Dec/2019:12:09:15 +0000] "GET /admin/imageM/brand/brand4.png HTTP/1.1" 404 168 "http://localhost:4000/admin/brands" "Mozilla/5.0 (Macintosh; Intel Mac OS X 10_15_1) AppleWebKit/537.36 (KHTML, like Gecko) Chrome/79.0.3945.79 Safari/537.36"
::1 - - [16/Dec/2019:12:09:15 +0000] "GET /admin/imageM/brand/brand5.png HTTP/1.1" 404 168 "http://localhost:4000/admin/brands" "Mozilla/5.0 (Macintosh; Intel Mac OS X 10_15_1) AppleWebKit/537.36 (KHTML, like Gecko) Chrome/79.0.3945.79 Safari/537.36"
::1 - - [16/Dec/2019:12:09:16 +0000] "GET /image/sprite.png HTTP/1.1" 404 155 "http://localhost:4000/cssM/stylesheet.css" "Mozilla/5.0 (Macintosh; Intel Mac OS X 10_15_1) AppleWebKit/537.36 (KHTML, like Gecko) Chrome/79.0.3945.79 Safari/537.36"
::1 - - [16/Dec/2019:12:09:16 +0000] "GET /admin/imageM/brand/brand7.png HTTP/1.1" 404 168 "http://localhost:4000/admin/brands" "Mozilla/5.0 (Macintosh; Intel Mac OS X 10_15_1) AppleWebKit/537.36 (KHTML, like Gecko) Chrome/79.0.3945.79 Safari/537.36"
::1 - - [16/Dec/2019:12:09:16 +0000] "GET /admin/imageM/brand/brand9.png HTTP/1.1" 404 168 "http://localhost:4000/admin/brands" "Mozilla/5.0 (Macintosh; Intel Mac OS X 10_15_1) AppleWebKit/537.36 (KHTML, like Gecko) Chrome/79.0.3945.79 Safari/537.36"
::1 - - [16/Dec/2019:12:09:16 +0000] "GET /admin/imageM/brand/brand8.png HTTP/1.1" 404 168 "http://localhost:4000/admin/brands" "Mozilla/5.0 (Macintosh; Intel Mac OS X 10_15_1) AppleWebKit/537.36 (KHTML, like Gecko) Chrome/79.0.3945.79 Safari/537.36"
::1 - - [16/Dec/2019:12:09:16 +0000] "GET /admin/imageM/payment/visa.jpg HTTP/1.1" 404 168 "http://localhost:4000/admin/brands" "Mozilla/5.0 (Macintosh; Intel Mac OS X 10_15_1) AppleWebKit/537.36 (KHTML, like Gecko) Chrome/79.0.3945.79 Safari/537.36"
::1 - - [16/Dec/2019:12:09:16 +0000] "GET /admin/imageM/payment/mastero.jpg HTTP/1.1" 404 171 "http://localhost:4000/admin/brands" "Mozilla/5.0 (Macintosh; Intel Mac OS X 10_15_1) AppleWebKit/537.36 (KHTML, like Gecko) Chrome/79.0.3945.79 Safari/537.36"
::1 - - [16/Dec/2019:12:09:16 +0000] "GET /admin/imageM/payment/currus.jpg HTTP/1.1" 404 170 "http://localhost:4000/admin/brands" "Mozilla/5.0 (Macintosh; Intel Mac OS X 10_15_1) AppleWebKit/537.36 (KHTML, like Gecko) Chrome/79.0.3945.79 Safari/537.36"
::1 - - [16/Dec/2019:12:09:16 +0000] "GET /admin/imageM/payment/discover.jpg HTTP/1.1" 404 172 "http://localhost:4000/admin/brands" "Mozilla/5.0 (Macintosh; Intel Mac OS X 10_15_1) AppleWebKit/537.36 (KHTML, like Gecko) Chrome/79.0.3945.79 Safari/537.36"
::1 - - [16/Dec/2019:12:09:16 +0000] "GET /image/cms-icon.png HTTP/1.1" 404 157 "http://localhost:4000/cssM/stylesheet.css" "Mozilla/5.0 (Macintosh; Intel Mac OS X 10_15_1) AppleWebKit/537.36 (KHTML, like Gecko) Chrome/79.0.3945.79 Safari/537.36"
::1 - - [16/Dec/2019:12:14:59 +0000] "GET /admin/brands HTTP/1.1" 304 - "http://localhost:4000/orders" "Mozilla/5.0 (Macintosh; Intel Mac OS X 10_15_1) AppleWebKit/537.36 (KHTML, like Gecko) Chrome/79.0.3945.79 Safari/537.36"
::1 - - [16/Dec/2019:12:15:00 +0000] "GET /image/sprite.png HTTP/1.1" 404 155 "http://localhost:4000/cssM/stylesheet.css" "Mozilla/5.0 (Macintosh; Intel Mac OS X 10_15_1) AppleWebKit/537.36 (KHTML, like Gecko) Chrome/79.0.3945.79 Safari/537.36"
::1 - - [16/Dec/2019:12:15:00 +0000] "GET /admin/imageM/brand/brand1.png HTTP/1.1" 404 168 "http://localhost:4000/admin/brands" "Mozilla/5.0 (Macintosh; Intel Mac OS X 10_15_1) AppleWebKit/537.36 (KHTML, like Gecko) Chrome/79.0.3945.79 Safari/537.36"
::1 - - [16/Dec/2019:12:15:00 +0000] "GET /admin/imageM/brand/brand2.png HTTP/1.1" 404 168 "http://localhost:4000/admin/brands" "Mozilla/5.0 (Macintosh; Intel Mac OS X 10_15_1) AppleWebKit/537.36 (KHTML, like Gecko) Chrome/79.0.3945.79 Safari/537.36"
::1 - - [16/Dec/2019:12:15:00 +0000] "GET /admin/imageM/brand/brand4.png HTTP/1.1" 404 168 "http://localhost:4000/admin/brands" "Mozilla/5.0 (Macintosh; Intel Mac OS X 10_15_1) AppleWebKit/537.36 (KHTML, like Gecko) Chrome/79.0.3945.79 Safari/537.36"
::1 - - [16/Dec/2019:12:15:00 +0000] "GET /admin/imageM/brand/brand3.png HTTP/1.1" 404 168 "http://localhost:4000/admin/brands" "Mozilla/5.0 (Macintosh; Intel Mac OS X 10_15_1) AppleWebKit/537.36 (KHTML, like Gecko) Chrome/79.0.3945.79 Safari/537.36"
::1 - - [16/Dec/2019:12:15:00 +0000] "GET /admin/imageM/brand/brand5.png HTTP/1.1" 404 168 "http://localhost:4000/admin/brands" "Mozilla/5.0 (Macintosh; Intel Mac OS X 10_15_1) AppleWebKit/537.36 (KHTML, like Gecko) Chrome/79.0.3945.79 Safari/537.36"
::1 - - [16/Dec/2019:12:15:00 +0000] "GET /admin/imageM/brand/brand6.png HTTP/1.1" 404 168 "http://localhost:4000/admin/brands" "Mozilla/5.0 (Macintosh; Intel Mac OS X 10_15_1) AppleWebKit/537.36 (KHTML, like Gecko) Chrome/79.0.3945.79 Safari/537.36"
::1 - - [16/Dec/2019:12:15:00 +0000] "GET /admin/imageM/brand/brand7.png HTTP/1.1" 404 168 "http://localhost:4000/admin/brands" "Mozilla/5.0 (Macintosh; Intel Mac OS X 10_15_1) AppleWebKit/537.36 (KHTML, like Gecko) Chrome/79.0.3945.79 Safari/537.36"
::1 - - [16/Dec/2019:12:15:00 +0000] "GET /admin/imageM/brand/brand8.png HTTP/1.1" 404 168 "http://localhost:4000/admin/brands" "Mozilla/5.0 (Macintosh; Intel Mac OS X 10_15_1) AppleWebKit/537.36 (KHTML, like Gecko) Chrome/79.0.3945.79 Safari/537.36"
::1 - - [16/Dec/2019:12:15:00 +0000] "GET /admin/imageM/payment/mastero.jpg HTTP/1.1" 404 171 "http://localhost:4000/admin/brands" "Mozilla/5.0 (Macintosh; Intel Mac OS X 10_15_1) AppleWebKit/537.36 (KHTML, like Gecko) Chrome/79.0.3945.79 Safari/537.36"
::1 - - [16/Dec/2019:12:15:00 +0000] "GET /admin/imageM/brand/brand9.png HTTP/1.1" 404 168 "http://localhost:4000/admin/brands" "Mozilla/5.0 (Macintosh; Intel Mac OS X 10_15_1) AppleWebKit/537.36 (KHTML, like Gecko) Chrome/79.0.3945.79 Safari/537.36"
::1 - - [16/Dec/2019:12:15:00 +0000] "GET /admin/imageM/payment/visa.jpg HTTP/1.1" 404 168 "http://localhost:4000/admin/brands" "Mozilla/5.0 (Macintosh; Intel Mac OS X 10_15_1) AppleWebKit/537.36 (KHTML, like Gecko) Chrome/79.0.3945.79 Safari/537.36"
::1 - - [16/Dec/2019:12:15:00 +0000] "GET /admin/imageM/payment/currus.jpg HTTP/1.1" 404 170 "http://localhost:4000/admin/brands" "Mozilla/5.0 (Macintosh; Intel Mac OS X 10_15_1) AppleWebKit/537.36 (KHTML, like Gecko) Chrome/79.0.3945.79 Safari/537.36"
::1 - - [16/Dec/2019:12:15:00 +0000] "GET /image/cms-icon.png HTTP/1.1" 404 157 "http://localhost:4000/cssM/stylesheet.css" "Mozilla/5.0 (Macintosh; Intel Mac OS X 10_15_1) AppleWebKit/537.36 (KHTML, like Gecko) Chrome/79.0.3945.79 Safari/537.36"
::1 - - [16/Dec/2019:12:15:00 +0000] "GET /admin/imageM/payment/discover.jpg HTTP/1.1" 404 172 "http://localhost:4000/admin/brands" "Mozilla/5.0 (Macintosh; Intel Mac OS X 10_15_1) AppleWebKit/537.36 (KHTML, like Gecko) Chrome/79.0.3945.79 Safari/537.36"
::1 - - [16/Dec/2019:12:15:11 +0000] "GET / HTTP/1.1" 304 - "http://localhost:4000/brand/kitchenaid" "Mozilla/5.0 (Macintosh; Intel Mac OS X 10_15_1) AppleWebKit/537.36 (KHTML, like Gecko) Chrome/79.0.3945.79 Safari/537.36"
::1 - - [16/Dec/2019:12:15:12 +0000] "GET /image/sprite.png HTTP/1.1" 404 155 "http://localhost:4000/cssM/stylesheet.css" "Mozilla/5.0 (Macintosh; Intel Mac OS X 10_15_1) AppleWebKit/537.36 (KHTML, like Gecko) Chrome/79.0.3945.79 Safari/537.36"
::1 - - [16/Dec/2019:12:15:12 +0000] "GET /image/cms-icon.png HTTP/1.1" 404 157 "http://localhost:4000/cssM/stylesheet.css" "Mozilla/5.0 (Macintosh; Intel Mac OS X 10_15_1) AppleWebKit/537.36 (KHTML, like Gecko) Chrome/79.0.3945.79 Safari/537.36"
::1 - - [16/Dec/2019:12:15:13 +0000] "GET /image/sprite.png HTTP/1.1" 404 155 "http://localhost:4000/cssM/stylesheet.css" "Mozilla/5.0 (Macintosh; Intel Mac OS X 10_15_1) AppleWebKit/537.36 (KHTML, like Gecko) Chrome/79.0.3945.79 Safari/537.36"
::1 - - [16/Dec/2019:12:15:47 +0000] "GET /orders HTTP/1.1" 200 - "http://localhost:4000/cart" "Mozilla/5.0 (Macintosh; Intel Mac OS X 10_15_1) AppleWebKit/537.36 (KHTML, like Gecko) Chrome/79.0.3945.79 Safari/537.36"
::1 - - [16/Dec/2019:12:15:47 +0000] "GET /image/sprite.png HTTP/1.1" 404 155 "http://localhost:4000/cssM/stylesheet.css" "Mozilla/5.0 (Macintosh; Intel Mac OS X 10_15_1) AppleWebKit/537.36 (KHTML, like Gecko) Chrome/79.0.3945.79 Safari/537.36"
::1 - - [16/Dec/2019:12:15:47 +0000] "GET /image/cms-icon.png HTTP/1.1" 404 157 "http://localhost:4000/cssM/stylesheet.css" "Mozilla/5.0 (Macintosh; Intel Mac OS X 10_15_1) AppleWebKit/537.36 (KHTML, like Gecko) Chrome/79.0.3945.79 Safari/537.36"
::1 - - [16/Dec/2019:12:15:48 +0000] "GET /image/sprite.png HTTP/1.1" 404 155 "http://localhost:4000/cssM/stylesheet.css" "Mozilla/5.0 (Macintosh; Intel Mac OS X 10_15_1) AppleWebKit/537.36 (KHTML, like Gecko) Chrome/79.0.3945.79 Safari/537.36"
::1 - - [16/Dec/2019:12:21:15 +0000] "GET /admin/brands HTTP/1.1" 304 - "http://localhost:4000/orders" "Mozilla/5.0 (Macintosh; Intel Mac OS X 10_15_1) AppleWebKit/537.36 (KHTML, like Gecko) Chrome/79.0.3945.79 Safari/537.36"
::1 - - [16/Dec/2019:12:21:16 +0000] "GET /image/sprite.png HTTP/1.1" 404 155 "http://localhost:4000/cssM/stylesheet.css" "Mozilla/5.0 (Macintosh; Intel Mac OS X 10_15_1) AppleWebKit/537.36 (KHTML, like Gecko) Chrome/79.0.3945.79 Safari/537.36"
::1 - - [16/Dec/2019:12:21:16 +0000] "GET /admin/imageM/brand/brand2.png HTTP/1.1" 404 168 "http://localhost:4000/admin/brands" "Mozilla/5.0 (Macintosh; Intel Mac OS X 10_15_1) AppleWebKit/537.36 (KHTML, like Gecko) Chrome/79.0.3945.79 Safari/537.36"
::1 - - [16/Dec/2019:12:21:16 +0000] "GET /admin/imageM/brand/brand1.png HTTP/1.1" 404 168 "http://localhost:4000/admin/brands" "Mozilla/5.0 (Macintosh; Intel Mac OS X 10_15_1) AppleWebKit/537.36 (KHTML, like Gecko) Chrome/79.0.3945.79 Safari/537.36"
::1 - - [16/Dec/2019:12:21:16 +0000] "GET /admin/imageM/brand/brand4.png HTTP/1.1" 404 168 "http://localhost:4000/admin/brands" "Mozilla/5.0 (Macintosh; Intel Mac OS X 10_15_1) AppleWebKit/537.36 (KHTML, like Gecko) Chrome/79.0.3945.79 Safari/537.36"
::1 - - [16/Dec/2019:12:21:16 +0000] "GET /admin/imageM/brand/brand3.png HTTP/1.1" 404 168 "http://localhost:4000/admin/brands" "Mozilla/5.0 (Macintosh; Intel Mac OS X 10_15_1) AppleWebKit/537.36 (KHTML, like Gecko) Chrome/79.0.3945.79 Safari/537.36"
::1 - - [16/Dec/2019:12:21:16 +0000] "GET /admin/imageM/brand/brand5.png HTTP/1.1" 404 168 "http://localhost:4000/admin/brands" "Mozilla/5.0 (Macintosh; Intel Mac OS X 10_15_1) AppleWebKit/537.36 (KHTML, like Gecko) Chrome/79.0.3945.79 Safari/537.36"
::1 - - [16/Dec/2019:12:21:16 +0000] "GET /admin/imageM/brand/brand6.png HTTP/1.1" 404 168 "http://localhost:4000/admin/brands" "Mozilla/5.0 (Macintosh; Intel Mac OS X 10_15_1) AppleWebKit/537.36 (KHTML, like Gecko) Chrome/79.0.3945.79 Safari/537.36"
::1 - - [16/Dec/2019:12:21:16 +0000] "GET /admin/imageM/brand/brand7.png HTTP/1.1" 404 168 "http://localhost:4000/admin/brands" "Mozilla/5.0 (Macintosh; Intel Mac OS X 10_15_1) AppleWebKit/537.36 (KHTML, like Gecko) Chrome/79.0.3945.79 Safari/537.36"
::1 - - [16/Dec/2019:12:21:16 +0000] "GET /admin/imageM/brand/brand8.png HTTP/1.1" 404 168 "http://localhost:4000/admin/brands" "Mozilla/5.0 (Macintosh; Intel Mac OS X 10_15_1) AppleWebKit/537.36 (KHTML, like Gecko) Chrome/79.0.3945.79 Safari/537.36"
::1 - - [16/Dec/2019:12:21:16 +0000] "GET /admin/imageM/brand/brand9.png HTTP/1.1" 404 168 "http://localhost:4000/admin/brands" "Mozilla/5.0 (Macintosh; Intel Mac OS X 10_15_1) AppleWebKit/537.36 (KHTML, like Gecko) Chrome/79.0.3945.79 Safari/537.36"
::1 - - [16/Dec/2019:12:21:16 +0000] "GET /admin/imageM/payment/visa.jpg HTTP/1.1" 404 168 "http://localhost:4000/admin/brands" "Mozilla/5.0 (Macintosh; Intel Mac OS X 10_15_1) AppleWebKit/537.36 (KHTML, like Gecko) Chrome/79.0.3945.79 Safari/537.36"
::1 - - [16/Dec/2019:12:21:16 +0000] "GET /admin/imageM/payment/mastero.jpg HTTP/1.1" 404 171 "http://localhost:4000/admin/brands" "Mozilla/5.0 (Macintosh; Intel Mac OS X 10_15_1) AppleWebKit/537.36 (KHTML, like Gecko) Chrome/79.0.3945.79 Safari/537.36"
::1 - - [16/Dec/2019:12:21:16 +0000] "GET /admin/imageM/payment/currus.jpg HTTP/1.1" 404 170 "http://localhost:4000/admin/brands" "Mozilla/5.0 (Macintosh; Intel Mac OS X 10_15_1) AppleWebKit/537.36 (KHTML, like Gecko) Chrome/79.0.3945.79 Safari/537.36"
::1 - - [16/Dec/2019:12:21:17 +0000] "GET /admin/imageM/payment/discover.jpg HTTP/1.1" 404 172 "http://localhost:4000/admin/brands" "Mozilla/5.0 (Macintosh; Intel Mac OS X 10_15_1) AppleWebKit/537.36 (KHTML, like Gecko) Chrome/79.0.3945.79 Safari/537.36"
::1 - - [16/Dec/2019:12:21:17 +0000] "GET /image/cms-icon.png HTTP/1.1" 404 157 "http://localhost:4000/cssM/stylesheet.css" "Mozilla/5.0 (Macintosh; Intel Mac OS X 10_15_1) AppleWebKit/537.36 (KHTML, like Gecko) Chrome/79.0.3945.79 Safari/537.36"
::1 - - [16/Dec/2019:12:25:53 +0000] "GET /admin/brands HTTP/1.1" 304 - "http://localhost:4000/orders" "Mozilla/5.0 (Macintosh; Intel Mac OS X 10_15_1) AppleWebKit/537.36 (KHTML, like Gecko) Chrome/79.0.3945.79 Safari/537.36"
::1 - - [16/Dec/2019:12:25:54 +0000] "GET /admin/imageM/brand/brand1.png HTTP/1.1" 404 168 "http://localhost:4000/admin/brands" "Mozilla/5.0 (Macintosh; Intel Mac OS X 10_15_1) AppleWebKit/537.36 (KHTML, like Gecko) Chrome/79.0.3945.79 Safari/537.36"
::1 - - [16/Dec/2019:12:25:54 +0000] "GET /admin/imageM/brand/brand2.png HTTP/1.1" 404 168 "http://localhost:4000/admin/brands" "Mozilla/5.0 (Macintosh; Intel Mac OS X 10_15_1) AppleWebKit/537.36 (KHTML, like Gecko) Chrome/79.0.3945.79 Safari/537.36"
::1 - - [16/Dec/2019:12:25:54 +0000] "GET /admin/imageM/brand/brand6.png HTTP/1.1" 404 168 "http://localhost:4000/admin/brands" "Mozilla/5.0 (Macintosh; Intel Mac OS X 10_15_1) AppleWebKit/537.36 (KHTML, like Gecko) Chrome/79.0.3945.79 Safari/537.36"
::1 - - [16/Dec/2019:12:25:54 +0000] "GET /admin/imageM/brand/brand5.png HTTP/1.1" 404 168 "http://localhost:4000/admin/brands" "Mozilla/5.0 (Macintosh; Intel Mac OS X 10_15_1) AppleWebKit/537.36 (KHTML, like Gecko) Chrome/79.0.3945.79 Safari/537.36"
::1 - - [16/Dec/2019:12:25:54 +0000] "GET /admin/imageM/brand/brand4.png HTTP/1.1" 404 168 "http://localhost:4000/admin/brands" "Mozilla/5.0 (Macintosh; Intel Mac OS X 10_15_1) AppleWebKit/537.36 (KHTML, like Gecko) Chrome/79.0.3945.79 Safari/537.36"
::1 - - [16/Dec/2019:12:25:54 +0000] "GET /admin/imageM/brand/brand3.png HTTP/1.1" 404 168 "http://localhost:4000/admin/brands" "Mozilla/5.0 (Macintosh; Intel Mac OS X 10_15_1) AppleWebKit/537.36 (KHTML, like Gecko) Chrome/79.0.3945.79 Safari/537.36"
::1 - - [16/Dec/2019:12:25:54 +0000] "GET /admin/imageM/brand/brand8.png HTTP/1.1" 404 168 "http://localhost:4000/admin/brands" "Mozilla/5.0 (Macintosh; Intel Mac OS X 10_15_1) AppleWebKit/537.36 (KHTML, like Gecko) Chrome/79.0.3945.79 Safari/537.36"
::1 - - [16/Dec/2019:12:25:54 +0000] "GET /image/sprite.png HTTP/1.1" 404 155 "http://localhost:4000/cssM/stylesheet.css" "Mozilla/5.0 (Macintosh; Intel Mac OS X 10_15_1) AppleWebKit/537.36 (KHTML, like Gecko) Chrome/79.0.3945.79 Safari/537.36"
::1 - - [16/Dec/2019:12:25:54 +0000] "GET /admin/imageM/brand/brand9.png HTTP/1.1" 404 168 "http://localhost:4000/admin/brands" "Mozilla/5.0 (Macintosh; Intel Mac OS X 10_15_1) AppleWebKit/537.36 (KHTML, like Gecko) Chrome/79.0.3945.79 Safari/537.36"
::1 - - [16/Dec/2019:12:25:54 +0000] "GET /admin/imageM/brand/brand7.png HTTP/1.1" 404 168 "http://localhost:4000/admin/brands" "Mozilla/5.0 (Macintosh; Intel Mac OS X 10_15_1) AppleWebKit/537.36 (KHTML, like Gecko) Chrome/79.0.3945.79 Safari/537.36"
::1 - - [16/Dec/2019:12:25:54 +0000] "GET /admin/imageM/payment/visa.jpg HTTP/1.1" 404 168 "http://localhost:4000/admin/brands" "Mozilla/5.0 (Macintosh; Intel Mac OS X 10_15_1) AppleWebKit/537.36 (KHTML, like Gecko) Chrome/79.0.3945.79 Safari/537.36"
::1 - - [16/Dec/2019:12:25:54 +0000] "GET /admin/imageM/payment/mastero.jpg HTTP/1.1" 404 171 "http://localhost:4000/admin/brands" "Mozilla/5.0 (Macintosh; Intel Mac OS X 10_15_1) AppleWebKit/537.36 (KHTML, like Gecko) Chrome/79.0.3945.79 Safari/537.36"
::1 - - [16/Dec/2019:12:25:54 +0000] "GET /admin/imageM/payment/currus.jpg HTTP/1.1" 404 170 "http://localhost:4000/admin/brands" "Mozilla/5.0 (Macintosh; Intel Mac OS X 10_15_1) AppleWebKit/537.36 (KHTML, like Gecko) Chrome/79.0.3945.79 Safari/537.36"
::1 - - [16/Dec/2019:12:25:54 +0000] "GET /admin/imageM/payment/discover.jpg HTTP/1.1" 404 172 "http://localhost:4000/admin/brands" "Mozilla/5.0 (Macintosh; Intel Mac OS X 10_15_1) AppleWebKit/537.36 (KHTML, like Gecko) Chrome/79.0.3945.79 Safari/537.36"
::1 - - [16/Dec/2019:12:25:54 +0000] "GET /image/cms-icon.png HTTP/1.1" 404 157 "http://localhost:4000/cssM/stylesheet.css" "Mozilla/5.0 (Macintosh; Intel Mac OS X 10_15_1) AppleWebKit/537.36 (KHTML, like Gecko) Chrome/79.0.3945.79 Safari/537.36"
::1 - - [16/Dec/2019:12:33:41 +0000] "GET /admin/brands HTTP/1.1" 200 - "http://localhost:4000/orders" "Mozilla/5.0 (Macintosh; Intel Mac OS X 10_15_1) AppleWebKit/537.36 (KHTML, like Gecko) Chrome/79.0.3945.79 Safari/537.36"
::1 - - [16/Dec/2019:12:33:42 +0000] "GET /image/sprite.png HTTP/1.1" 404 155 "http://localhost:4000/cssM/stylesheet.css" "Mozilla/5.0 (Macintosh; Intel Mac OS X 10_15_1) AppleWebKit/537.36 (KHTML, like Gecko) Chrome/79.0.3945.79 Safari/537.36"
::1 - - [16/Dec/2019:12:33:42 +0000] "GET /image/cms-icon.png HTTP/1.1" 404 157 "http://localhost:4000/cssM/stylesheet.css" "Mozilla/5.0 (Macintosh; Intel Mac OS X 10_15_1) AppleWebKit/537.36 (KHTML, like Gecko) Chrome/79.0.3945.79 Safari/537.36"
::1 - - [16/Dec/2019:12:33:42 +0000] "GET /admin/imageM/brand/brand4.png HTTP/1.1" 404 168 "http://localhost:4000/admin/brands" "Mozilla/5.0 (Macintosh; Intel Mac OS X 10_15_1) AppleWebKit/537.36 (KHTML, like Gecko) Chrome/79.0.3945.79 Safari/537.36"
::1 - - [16/Dec/2019:12:33:42 +0000] "GET /admin/imageM/brand/brand1.png HTTP/1.1" 404 168 "http://localhost:4000/admin/brands" "Mozilla/5.0 (Macintosh; Intel Mac OS X 10_15_1) AppleWebKit/537.36 (KHTML, like Gecko) Chrome/79.0.3945.79 Safari/537.36"
::1 - - [16/Dec/2019:12:33:42 +0000] "GET /admin/imageM/brand/brand2.png HTTP/1.1" 404 168 "http://localhost:4000/admin/brands" "Mozilla/5.0 (Macintosh; Intel Mac OS X 10_15_1) AppleWebKit/537.36 (KHTML, like Gecko) Chrome/79.0.3945.79 Safari/537.36"
::1 - - [16/Dec/2019:12:33:42 +0000] "GET /admin/imageM/brand/brand3.png HTTP/1.1" 404 168 "http://localhost:4000/admin/brands" "Mozilla/5.0 (Macintosh; Intel Mac OS X 10_15_1) AppleWebKit/537.36 (KHTML, like Gecko) Chrome/79.0.3945.79 Safari/537.36"
::1 - - [16/Dec/2019:12:33:42 +0000] "GET /admin/imageM/brand/brand6.png HTTP/1.1" 404 168 "http://localhost:4000/admin/brands" "Mozilla/5.0 (Macintosh; Intel Mac OS X 10_15_1) AppleWebKit/537.36 (KHTML, like Gecko) Chrome/79.0.3945.79 Safari/537.36"
::1 - - [16/Dec/2019:12:33:42 +0000] "GET /admin/imageM/brand/brand5.png HTTP/1.1" 404 168 "http://localhost:4000/admin/brands" "Mozilla/5.0 (Macintosh; Intel Mac OS X 10_15_1) AppleWebKit/537.36 (KHTML, like Gecko) Chrome/79.0.3945.79 Safari/537.36"
::1 - - [16/Dec/2019:12:33:42 +0000] "GET /admin/imageM/brand/brand8.png HTTP/1.1" 404 168 "http://localhost:4000/admin/brands" "Mozilla/5.0 (Macintosh; Intel Mac OS X 10_15_1) AppleWebKit/537.36 (KHTML, like Gecko) Chrome/79.0.3945.79 Safari/537.36"
::1 - - [16/Dec/2019:12:33:42 +0000] "GET /admin/imageM/brand/brand7.png HTTP/1.1" 404 168 "http://localhost:4000/admin/brands" "Mozilla/5.0 (Macintosh; Intel Mac OS X 10_15_1) AppleWebKit/537.36 (KHTML, like Gecko) Chrome/79.0.3945.79 Safari/537.36"
::1 - - [16/Dec/2019:12:33:42 +0000] "GET /admin/imageM/brand/brand9.png HTTP/1.1" 404 168 "http://localhost:4000/admin/brands" "Mozilla/5.0 (Macintosh; Intel Mac OS X 10_15_1) AppleWebKit/537.36 (KHTML, like Gecko) Chrome/79.0.3945.79 Safari/537.36"
::1 - - [16/Dec/2019:12:33:42 +0000] "GET /admin/imageM/payment/mastero.jpg HTTP/1.1" 404 171 "http://localhost:4000/admin/brands" "Mozilla/5.0 (Macintosh; Intel Mac OS X 10_15_1) AppleWebKit/537.36 (KHTML, like Gecko) Chrome/79.0.3945.79 Safari/537.36"
::1 - - [16/Dec/2019:12:33:42 +0000] "GET /admin/imageM/payment/visa.jpg HTTP/1.1" 404 168 "http://localhost:4000/admin/brands" "Mozilla/5.0 (Macintosh; Intel Mac OS X 10_15_1) AppleWebKit/537.36 (KHTML, like Gecko) Chrome/79.0.3945.79 Safari/537.36"
::1 - - [16/Dec/2019:12:33:42 +0000] "GET /admin/imageM/payment/currus.jpg HTTP/1.1" 404 170 "http://localhost:4000/admin/brands" "Mozilla/5.0 (Macintosh; Intel Mac OS X 10_15_1) AppleWebKit/537.36 (KHTML, like Gecko) Chrome/79.0.3945.79 Safari/537.36"
::1 - - [16/Dec/2019:12:33:42 +0000] "GET /admin/imageM/payment/discover.jpg HTTP/1.1" 404 172 "http://localhost:4000/admin/brands" "Mozilla/5.0 (Macintosh; Intel Mac OS X 10_15_1) AppleWebKit/537.36 (KHTML, like Gecko) Chrome/79.0.3945.79 Safari/537.36"
::1 - - [16/Dec/2019:12:33:47 +0000] "GET /orders HTTP/1.1" 200 - "http://localhost:4000/cart" "Mozilla/5.0 (Macintosh; Intel Mac OS X 10_15_1) AppleWebKit/537.36 (KHTML, like Gecko) Chrome/79.0.3945.79 Safari/537.36"
::1 - - [16/Dec/2019:12:33:47 +0000] "GET /image/cms-icon.png HTTP/1.1" 404 157 "http://localhost:4000/cssM/stylesheet.css" "Mozilla/5.0 (Macintosh; Intel Mac OS X 10_15_1) AppleWebKit/537.36 (KHTML, like Gecko) Chrome/79.0.3945.79 Safari/537.36"
::1 - - [16/Dec/2019:12:33:47 +0000] "GET /image/sprite.png HTTP/1.1" 404 155 "http://localhost:4000/cssM/stylesheet.css" "Mozilla/5.0 (Macintosh; Intel Mac OS X 10_15_1) AppleWebKit/537.36 (KHTML, like Gecko) Chrome/79.0.3945.79 Safari/537.36"
::1 - - [16/Dec/2019:12:33:58 +0000] "GET / HTTP/1.1" 200 - "http://localhost:4000/brand/kitchenaid" "Mozilla/5.0 (Macintosh; Intel Mac OS X 10_15_1) AppleWebKit/537.36 (KHTML, like Gecko) Chrome/79.0.3945.79 Safari/537.36"
::1 - - [16/Dec/2019:12:33:59 +0000] "GET /image/sprite.png HTTP/1.1" 404 155 "http://localhost:4000/cssM/stylesheet.css" "Mozilla/5.0 (Macintosh; Intel Mac OS X 10_15_1) AppleWebKit/537.36 (KHTML, like Gecko) Chrome/79.0.3945.79 Safari/537.36"
::1 - - [16/Dec/2019:12:33:59 +0000] "GET /image/cms-icon.png HTTP/1.1" 404 157 "http://localhost:4000/cssM/stylesheet.css" "Mozilla/5.0 (Macintosh; Intel Mac OS X 10_15_1) AppleWebKit/537.36 (KHTML, like Gecko) Chrome/79.0.3945.79 Safari/537.36"
::1 - - [16/Dec/2019:12:44:16 +0000] "GET /admin/brands HTTP/1.1" 200 - "http://localhost:4000/orders" "Mozilla/5.0 (Macintosh; Intel Mac OS X 10_15_1) AppleWebKit/537.36 (KHTML, like Gecko) Chrome/79.0.3945.79 Safari/537.36"
::1 - - [16/Dec/2019:12:44:17 +0000] "GET /image/sprite.png HTTP/1.1" 404 155 "http://localhost:4000/cssM/stylesheet.css" "Mozilla/5.0 (Macintosh; Intel Mac OS X 10_15_1) AppleWebKit/537.36 (KHTML, like Gecko) Chrome/79.0.3945.79 Safari/537.36"
::1 - - [16/Dec/2019:12:44:17 +0000] "GET /image/cms-icon.png HTTP/1.1" 404 157 "http://localhost:4000/cssM/stylesheet.css" "Mozilla/5.0 (Macintosh; Intel Mac OS X 10_15_1) AppleWebKit/537.36 (KHTML, like Gecko) Chrome/79.0.3945.79 Safari/537.36"
::1 - - [16/Dec/2019:12:44:17 +0000] "GET /admin/imageM/brand/brand3.png HTTP/1.1" 404 168 "http://localhost:4000/admin/brands" "Mozilla/5.0 (Macintosh; Intel Mac OS X 10_15_1) AppleWebKit/537.36 (KHTML, like Gecko) Chrome/79.0.3945.79 Safari/537.36"
::1 - - [16/Dec/2019:12:44:17 +0000] "GET /admin/imageM/brand/brand2.png HTTP/1.1" 404 168 "http://localhost:4000/admin/brands" "Mozilla/5.0 (Macintosh; Intel Mac OS X 10_15_1) AppleWebKit/537.36 (KHTML, like Gecko) Chrome/79.0.3945.79 Safari/537.36"
::1 - - [16/Dec/2019:12:44:17 +0000] "GET /admin/imageM/brand/brand1.png HTTP/1.1" 404 168 "http://localhost:4000/admin/brands" "Mozilla/5.0 (Macintosh; Intel Mac OS X 10_15_1) AppleWebKit/537.36 (KHTML, like Gecko) Chrome/79.0.3945.79 Safari/537.36"
::1 - - [16/Dec/2019:12:44:17 +0000] "GET /admin/imageM/brand/brand4.png HTTP/1.1" 404 168 "http://localhost:4000/admin/brands" "Mozilla/5.0 (Macintosh; Intel Mac OS X 10_15_1) AppleWebKit/537.36 (KHTML, like Gecko) Chrome/79.0.3945.79 Safari/537.36"
::1 - - [16/Dec/2019:12:44:17 +0000] "GET /admin/imageM/brand/brand5.png HTTP/1.1" 404 168 "http://localhost:4000/admin/brands" "Mozilla/5.0 (Macintosh; Intel Mac OS X 10_15_1) AppleWebKit/537.36 (KHTML, like Gecko) Chrome/79.0.3945.79 Safari/537.36"
::1 - - [16/Dec/2019:12:44:17 +0000] "GET /admin/imageM/brand/brand6.png HTTP/1.1" 404 168 "http://localhost:4000/admin/brands" "Mozilla/5.0 (Macintosh; Intel Mac OS X 10_15_1) AppleWebKit/537.36 (KHTML, like Gecko) Chrome/79.0.3945.79 Safari/537.36"
::1 - - [16/Dec/2019:12:44:17 +0000] "GET /admin/imageM/brand/brand7.png HTTP/1.1" 404 168 "http://localhost:4000/admin/brands" "Mozilla/5.0 (Macintosh; Intel Mac OS X 10_15_1) AppleWebKit/537.36 (KHTML, like Gecko) Chrome/79.0.3945.79 Safari/537.36"
::1 - - [16/Dec/2019:12:44:17 +0000] "GET /admin/imageM/brand/brand9.png HTTP/1.1" 404 168 "http://localhost:4000/admin/brands" "Mozilla/5.0 (Macintosh; Intel Mac OS X 10_15_1) AppleWebKit/537.36 (KHTML, like Gecko) Chrome/79.0.3945.79 Safari/537.36"
::1 - - [16/Dec/2019:12:44:17 +0000] "GET /admin/imageM/payment/mastero.jpg HTTP/1.1" 404 171 "http://localhost:4000/admin/brands" "Mozilla/5.0 (Macintosh; Intel Mac OS X 10_15_1) AppleWebKit/537.36 (KHTML, like Gecko) Chrome/79.0.3945.79 Safari/537.36"
::1 - - [16/Dec/2019:12:44:17 +0000] "GET /admin/imageM/brand/brand8.png HTTP/1.1" 404 168 "http://localhost:4000/admin/brands" "Mozilla/5.0 (Macintosh; Intel Mac OS X 10_15_1) AppleWebKit/537.36 (KHTML, like Gecko) Chrome/79.0.3945.79 Safari/537.36"
::1 - - [16/Dec/2019:12:44:17 +0000] "GET /admin/imageM/payment/visa.jpg HTTP/1.1" 404 168 "http://localhost:4000/admin/brands" "Mozilla/5.0 (Macintosh; Intel Mac OS X 10_15_1) AppleWebKit/537.36 (KHTML, like Gecko) Chrome/79.0.3945.79 Safari/537.36"
::1 - - [16/Dec/2019:12:44:17 +0000] "GET /admin/imageM/payment/currus.jpg HTTP/1.1" 404 170 "http://localhost:4000/admin/brands" "Mozilla/5.0 (Macintosh; Intel Mac OS X 10_15_1) AppleWebKit/537.36 (KHTML, like Gecko) Chrome/79.0.3945.79 Safari/537.36"
::1 - - [16/Dec/2019:12:44:17 +0000] "GET /admin/imageM/payment/discover.jpg HTTP/1.1" 404 172 "http://localhost:4000/admin/brands" "Mozilla/5.0 (Macintosh; Intel Mac OS X 10_15_1) AppleWebKit/537.36 (KHTML, like Gecko) Chrome/79.0.3945.79 Safari/537.36"
::1 - - [16/Dec/2019:12:44:17 +0000] "GET /image/sprite.png HTTP/1.1" 404 155 "http://localhost:4000/cssM/stylesheet.css" "Mozilla/5.0 (Macintosh; Intel Mac OS X 10_15_1) AppleWebKit/537.36 (KHTML, like Gecko) Chrome/79.0.3945.79 Safari/537.36"
::1 - - [16/Dec/2019:12:44:49 +0000] "GET /admin/brands HTTP/1.1" 200 - "http://localhost:4000/orders" "Mozilla/5.0 (Macintosh; Intel Mac OS X 10_15_1) AppleWebKit/537.36 (KHTML, like Gecko) Chrome/79.0.3945.79 Safari/537.36"
::1 - - [16/Dec/2019:12:44:50 +0000] "GET /image/sprite.png HTTP/1.1" 404 155 "http://localhost:4000/cssM/stylesheet.css" "Mozilla/5.0 (Macintosh; Intel Mac OS X 10_15_1) AppleWebKit/537.36 (KHTML, like Gecko) Chrome/79.0.3945.79 Safari/537.36"
::1 - - [16/Dec/2019:12:44:50 +0000] "GET /admin/imageM/brand/brand1.png HTTP/1.1" 404 168 "http://localhost:4000/admin/brands" "Mozilla/5.0 (Macintosh; Intel Mac OS X 10_15_1) AppleWebKit/537.36 (KHTML, like Gecko) Chrome/79.0.3945.79 Safari/537.36"
::1 - - [16/Dec/2019:12:44:50 +0000] "GET /admin/imageM/brand/brand3.png HTTP/1.1" 404 168 "http://localhost:4000/admin/brands" "Mozilla/5.0 (Macintosh; Intel Mac OS X 10_15_1) AppleWebKit/537.36 (KHTML, like Gecko) Chrome/79.0.3945.79 Safari/537.36"
::1 - - [16/Dec/2019:12:44:50 +0000] "GET /admin/imageM/brand/brand4.png HTTP/1.1" 404 168 "http://localhost:4000/admin/brands" "Mozilla/5.0 (Macintosh; Intel Mac OS X 10_15_1) AppleWebKit/537.36 (KHTML, like Gecko) Chrome/79.0.3945.79 Safari/537.36"
::1 - - [16/Dec/2019:12:44:50 +0000] "GET /admin/imageM/brand/brand2.png HTTP/1.1" 404 168 "http://localhost:4000/admin/brands" "Mozilla/5.0 (Macintosh; Intel Mac OS X 10_15_1) AppleWebKit/537.36 (KHTML, like Gecko) Chrome/79.0.3945.79 Safari/537.36"
::1 - - [16/Dec/2019:12:44:50 +0000] "GET /admin/imageM/brand/brand5.png HTTP/1.1" 404 168 "http://localhost:4000/admin/brands" "Mozilla/5.0 (Macintosh; Intel Mac OS X 10_15_1) AppleWebKit/537.36 (KHTML, like Gecko) Chrome/79.0.3945.79 Safari/537.36"
::1 - - [16/Dec/2019:12:44:50 +0000] "GET /admin/imageM/brand/brand6.png HTTP/1.1" 404 168 "http://localhost:4000/admin/brands" "Mozilla/5.0 (Macintosh; Intel Mac OS X 10_15_1) AppleWebKit/537.36 (KHTML, like Gecko) Chrome/79.0.3945.79 Safari/537.36"
::1 - - [16/Dec/2019:12:44:50 +0000] "GET /admin/imageM/brand/brand7.png HTTP/1.1" 404 168 "http://localhost:4000/admin/brands" "Mozilla/5.0 (Macintosh; Intel Mac OS X 10_15_1) AppleWebKit/537.36 (KHTML, like Gecko) Chrome/79.0.3945.79 Safari/537.36"
::1 - - [16/Dec/2019:12:44:50 +0000] "GET /admin/imageM/brand/brand9.png HTTP/1.1" 404 168 "http://localhost:4000/admin/brands" "Mozilla/5.0 (Macintosh; Intel Mac OS X 10_15_1) AppleWebKit/537.36 (KHTML, like Gecko) Chrome/79.0.3945.79 Safari/537.36"
::1 - - [16/Dec/2019:12:44:50 +0000] "GET /admin/imageM/payment/visa.jpg HTTP/1.1" 404 168 "http://localhost:4000/admin/brands" "Mozilla/5.0 (Macintosh; Intel Mac OS X 10_15_1) AppleWebKit/537.36 (KHTML, like Gecko) Chrome/79.0.3945.79 Safari/537.36"
::1 - - [16/Dec/2019:12:44:50 +0000] "GET /admin/imageM/brand/brand8.png HTTP/1.1" 404 168 "http://localhost:4000/admin/brands" "Mozilla/5.0 (Macintosh; Intel Mac OS X 10_15_1) AppleWebKit/537.36 (KHTML, like Gecko) Chrome/79.0.3945.79 Safari/537.36"
::1 - - [16/Dec/2019:12:44:50 +0000] "GET /admin/imageM/payment/mastero.jpg HTTP/1.1" 404 171 "http://localhost:4000/admin/brands" "Mozilla/5.0 (Macintosh; Intel Mac OS X 10_15_1) AppleWebKit/537.36 (KHTML, like Gecko) Chrome/79.0.3945.79 Safari/537.36"
::1 - - [16/Dec/2019:12:44:50 +0000] "GET /admin/imageM/payment/currus.jpg HTTP/1.1" 404 170 "http://localhost:4000/admin/brands" "Mozilla/5.0 (Macintosh; Intel Mac OS X 10_15_1) AppleWebKit/537.36 (KHTML, like Gecko) Chrome/79.0.3945.79 Safari/537.36"
::1 - - [16/Dec/2019:12:44:50 +0000] "GET /admin/imageM/payment/discover.jpg HTTP/1.1" 404 172 "http://localhost:4000/admin/brands" "Mozilla/5.0 (Macintosh; Intel Mac OS X 10_15_1) AppleWebKit/537.36 (KHTML, like Gecko) Chrome/79.0.3945.79 Safari/537.36"
::1 - - [16/Dec/2019:12:44:50 +0000] "GET /image/cms-icon.png HTTP/1.1" 404 157 "http://localhost:4000/cssM/stylesheet.css" "Mozilla/5.0 (Macintosh; Intel Mac OS X 10_15_1) AppleWebKit/537.36 (KHTML, like Gecko) Chrome/79.0.3945.79 Safari/537.36"
::1 - - [16/Dec/2019:12:46:36 +0000] "GET /admin/brands HTTP/1.1" 200 - "http://localhost:4000/orders" "Mozilla/5.0 (Macintosh; Intel Mac OS X 10_15_1) AppleWebKit/537.36 (KHTML, like Gecko) Chrome/79.0.3945.79 Safari/537.36"
::1 - - [16/Dec/2019:12:46:37 +0000] "GET /image/sprite.png HTTP/1.1" 404 155 "http://localhost:4000/cssM/stylesheet.css" "Mozilla/5.0 (Macintosh; Intel Mac OS X 10_15_1) AppleWebKit/537.36 (KHTML, like Gecko) Chrome/79.0.3945.79 Safari/537.36"
::1 - - [16/Dec/2019:12:46:37 +0000] "GET /admin/imageM/brand/brand1.png HTTP/1.1" 404 168 "http://localhost:4000/admin/brands" "Mozilla/5.0 (Macintosh; Intel Mac OS X 10_15_1) AppleWebKit/537.36 (KHTML, like Gecko) Chrome/79.0.3945.79 Safari/537.36"
::1 - - [16/Dec/2019:12:46:37 +0000] "GET /admin/imageM/brand/brand2.png HTTP/1.1" 404 168 "http://localhost:4000/admin/brands" "Mozilla/5.0 (Macintosh; Intel Mac OS X 10_15_1) AppleWebKit/537.36 (KHTML, like Gecko) Chrome/79.0.3945.79 Safari/537.36"
::1 - - [16/Dec/2019:12:46:37 +0000] "GET /admin/imageM/brand/brand5.png HTTP/1.1" 404 168 "http://localhost:4000/admin/brands" "Mozilla/5.0 (Macintosh; Intel Mac OS X 10_15_1) AppleWebKit/537.36 (KHTML, like Gecko) Chrome/79.0.3945.79 Safari/537.36"
::1 - - [16/Dec/2019:12:46:37 +0000] "GET /admin/imageM/brand/brand3.png HTTP/1.1" 404 168 "http://localhost:4000/admin/brands" "Mozilla/5.0 (Macintosh; Intel Mac OS X 10_15_1) AppleWebKit/537.36 (KHTML, like Gecko) Chrome/79.0.3945.79 Safari/537.36"
::1 - - [16/Dec/2019:12:46:37 +0000] "GET /admin/imageM/brand/brand4.png HTTP/1.1" 404 168 "http://localhost:4000/admin/brands" "Mozilla/5.0 (Macintosh; Intel Mac OS X 10_15_1) AppleWebKit/537.36 (KHTML, like Gecko) Chrome/79.0.3945.79 Safari/537.36"
::1 - - [16/Dec/2019:12:46:37 +0000] "GET /admin/imageM/brand/brand6.png HTTP/1.1" 404 168 "http://localhost:4000/admin/brands" "Mozilla/5.0 (Macintosh; Intel Mac OS X 10_15_1) AppleWebKit/537.36 (KHTML, like Gecko) Chrome/79.0.3945.79 Safari/537.36"
::1 - - [16/Dec/2019:12:46:37 +0000] "GET /admin/imageM/brand/brand7.png HTTP/1.1" 404 168 "http://localhost:4000/admin/brands" "Mozilla/5.0 (Macintosh; Intel Mac OS X 10_15_1) AppleWebKit/537.36 (KHTML, like Gecko) Chrome/79.0.3945.79 Safari/537.36"
::1 - - [16/Dec/2019:12:46:37 +0000] "GET /admin/imageM/brand/brand8.png HTTP/1.1" 404 168 "http://localhost:4000/admin/brands" "Mozilla/5.0 (Macintosh; Intel Mac OS X 10_15_1) AppleWebKit/537.36 (KHTML, like Gecko) Chrome/79.0.3945.79 Safari/537.36"
::1 - - [16/Dec/2019:12:46:37 +0000] "GET /admin/imageM/brand/brand9.png HTTP/1.1" 404 168 "http://localhost:4000/admin/brands" "Mozilla/5.0 (Macintosh; Intel Mac OS X 10_15_1) AppleWebKit/537.36 (KHTML, like Gecko) Chrome/79.0.3945.79 Safari/537.36"
::1 - - [16/Dec/2019:12:46:37 +0000] "GET /admin/imageM/payment/visa.jpg HTTP/1.1" 404 168 "http://localhost:4000/admin/brands" "Mozilla/5.0 (Macintosh; Intel Mac OS X 10_15_1) AppleWebKit/537.36 (KHTML, like Gecko) Chrome/79.0.3945.79 Safari/537.36"
::1 - - [16/Dec/2019:12:46:37 +0000] "GET /admin/imageM/payment/mastero.jpg HTTP/1.1" 404 171 "http://localhost:4000/admin/brands" "Mozilla/5.0 (Macintosh; Intel Mac OS X 10_15_1) AppleWebKit/537.36 (KHTML, like Gecko) Chrome/79.0.3945.79 Safari/537.36"
::1 - - [16/Dec/2019:12:46:37 +0000] "GET /admin/imageM/payment/currus.jpg HTTP/1.1" 404 170 "http://localhost:4000/admin/brands" "Mozilla/5.0 (Macintosh; Intel Mac OS X 10_15_1) AppleWebKit/537.36 (KHTML, like Gecko) Chrome/79.0.3945.79 Safari/537.36"
::1 - - [16/Dec/2019:12:46:37 +0000] "GET /admin/imageM/payment/discover.jpg HTTP/1.1" 404 172 "http://localhost:4000/admin/brands" "Mozilla/5.0 (Macintosh; Intel Mac OS X 10_15_1) AppleWebKit/537.36 (KHTML, like Gecko) Chrome/79.0.3945.79 Safari/537.36"
::1 - - [16/Dec/2019:12:46:37 +0000] "GET /image/cms-icon.png HTTP/1.1" 404 157 "http://localhost:4000/cssM/stylesheet.css" "Mozilla/5.0 (Macintosh; Intel Mac OS X 10_15_1) AppleWebKit/537.36 (KHTML, like Gecko) Chrome/79.0.3945.79 Safari/537.36"
::1 - - [16/Dec/2019:12:46:43 +0000] "GET /orders HTTP/1.1" 200 - "http://localhost:4000/cart" "Mozilla/5.0 (Macintosh; Intel Mac OS X 10_15_1) AppleWebKit/537.36 (KHTML, like Gecko) Chrome/79.0.3945.79 Safari/537.36"
::1 - - [16/Dec/2019:12:46:44 +0000] "GET /image/cms-icon.png HTTP/1.1" 404 157 "http://localhost:4000/cssM/stylesheet.css" "Mozilla/5.0 (Macintosh; Intel Mac OS X 10_15_1) AppleWebKit/537.36 (KHTML, like Gecko) Chrome/79.0.3945.79 Safari/537.36"
::1 - - [16/Dec/2019:12:46:44 +0000] "GET /image/sprite.png HTTP/1.1" 404 155 "http://localhost:4000/cssM/stylesheet.css" "Mozilla/5.0 (Macintosh; Intel Mac OS X 10_15_1) AppleWebKit/537.36 (KHTML, like Gecko) Chrome/79.0.3945.79 Safari/537.36"
::1 - - [16/Dec/2019:12:46:45 +0000] "GET /image/sprite.png HTTP/1.1" 404 155 "http://localhost:4000/cssM/stylesheet.css" "Mozilla/5.0 (Macintosh; Intel Mac OS X 10_15_1) AppleWebKit/537.36 (KHTML, like Gecko) Chrome/79.0.3945.79 Safari/537.36"
::1 - - [16/Dec/2019:12:46:57 +0000] "GET / HTTP/1.1" 200 - "http://localhost:4000/brand/kitchenaid" "Mozilla/5.0 (Macintosh; Intel Mac OS X 10_15_1) AppleWebKit/537.36 (KHTML, like Gecko) Chrome/79.0.3945.79 Safari/537.36"
::1 - - [16/Dec/2019:12:46:58 +0000] "GET /image/sprite.png HTTP/1.1" 404 155 "http://localhost:4000/cssM/stylesheet.css" "Mozilla/5.0 (Macintosh; Intel Mac OS X 10_15_1) AppleWebKit/537.36 (KHTML, like Gecko) Chrome/79.0.3945.79 Safari/537.36"
::1 - - [16/Dec/2019:12:46:58 +0000] "GET /image/cms-icon.png HTTP/1.1" 404 157 "http://localhost:4000/cssM/stylesheet.css" "Mozilla/5.0 (Macintosh; Intel Mac OS X 10_15_1) AppleWebKit/537.36 (KHTML, like Gecko) Chrome/79.0.3945.79 Safari/537.36"
::1 - - [16/Dec/2019:12:46:59 +0000] "GET /image/sprite.png HTTP/1.1" 404 155 "http://localhost:4000/cssM/stylesheet.css" "Mozilla/5.0 (Macintosh; Intel Mac OS X 10_15_1) AppleWebKit/537.36 (KHTML, like Gecko) Chrome/79.0.3945.79 Safari/537.36"
::1 - - [16/Dec/2019:13:53:43 +0000] "GET /admin/brands HTTP/1.1" 200 - "http://localhost:4000/orders" "Mozilla/5.0 (Macintosh; Intel Mac OS X 10_15_1) AppleWebKit/537.36 (KHTML, like Gecko) Chrome/79.0.3945.79 Safari/537.36"
::1 - - [16/Dec/2019:13:53:44 +0000] "GET /admin/imageM/brand/brand1.png HTTP/1.1" 404 168 "http://localhost:4000/admin/brands" "Mozilla/5.0 (Macintosh; Intel Mac OS X 10_15_1) AppleWebKit/537.36 (KHTML, like Gecko) Chrome/79.0.3945.79 Safari/537.36"
::1 - - [16/Dec/2019:13:53:44 +0000] "GET /admin/imageM/brand/brand3.png HTTP/1.1" 404 168 "http://localhost:4000/admin/brands" "Mozilla/5.0 (Macintosh; Intel Mac OS X 10_15_1) AppleWebKit/537.36 (KHTML, like Gecko) Chrome/79.0.3945.79 Safari/537.36"
::1 - - [16/Dec/2019:13:53:44 +0000] "GET /admin/imageM/brand/brand5.png HTTP/1.1" 404 168 "http://localhost:4000/admin/brands" "Mozilla/5.0 (Macintosh; Intel Mac OS X 10_15_1) AppleWebKit/537.36 (KHTML, like Gecko) Chrome/79.0.3945.79 Safari/537.36"
::1 - - [16/Dec/2019:13:53:44 +0000] "GET /admin/imageM/brand/brand6.png HTTP/1.1" 404 168 "http://localhost:4000/admin/brands" "Mozilla/5.0 (Macintosh; Intel Mac OS X 10_15_1) AppleWebKit/537.36 (KHTML, like Gecko) Chrome/79.0.3945.79 Safari/537.36"
::1 - - [16/Dec/2019:13:53:44 +0000] "GET /admin/imageM/brand/brand4.png HTTP/1.1" 404 168 "http://localhost:4000/admin/brands" "Mozilla/5.0 (Macintosh; Intel Mac OS X 10_15_1) AppleWebKit/537.36 (KHTML, like Gecko) Chrome/79.0.3945.79 Safari/537.36"
::1 - - [16/Dec/2019:13:53:44 +0000] "GET /admin/imageM/brand/brand2.png HTTP/1.1" 404 168 "http://localhost:4000/admin/brands" "Mozilla/5.0 (Macintosh; Intel Mac OS X 10_15_1) AppleWebKit/537.36 (KHTML, like Gecko) Chrome/79.0.3945.79 Safari/537.36"
::1 - - [16/Dec/2019:13:53:44 +0000] "GET /image/sprite.png HTTP/1.1" 404 155 "http://localhost:4000/cssM/stylesheet.css" "Mozilla/5.0 (Macintosh; Intel Mac OS X 10_15_1) AppleWebKit/537.36 (KHTML, like Gecko) Chrome/79.0.3945.79 Safari/537.36"
::1 - - [16/Dec/2019:13:53:44 +0000] "GET /admin/imageM/brand/brand7.png HTTP/1.1" 404 168 "http://localhost:4000/admin/brands" "Mozilla/5.0 (Macintosh; Intel Mac OS X 10_15_1) AppleWebKit/537.36 (KHTML, like Gecko) Chrome/79.0.3945.79 Safari/537.36"
::1 - - [16/Dec/2019:13:53:44 +0000] "GET /admin/imageM/brand/brand8.png HTTP/1.1" 404 168 "http://localhost:4000/admin/brands" "Mozilla/5.0 (Macintosh; Intel Mac OS X 10_15_1) AppleWebKit/537.36 (KHTML, like Gecko) Chrome/79.0.3945.79 Safari/537.36"
::1 - - [16/Dec/2019:13:53:44 +0000] "GET /admin/imageM/payment/mastero.jpg HTTP/1.1" 404 171 "http://localhost:4000/admin/brands" "Mozilla/5.0 (Macintosh; Intel Mac OS X 10_15_1) AppleWebKit/537.36 (KHTML, like Gecko) Chrome/79.0.3945.79 Safari/537.36"
::1 - - [16/Dec/2019:13:53:44 +0000] "GET /admin/imageM/brand/brand9.png HTTP/1.1" 404 168 "http://localhost:4000/admin/brands" "Mozilla/5.0 (Macintosh; Intel Mac OS X 10_15_1) AppleWebKit/537.36 (KHTML, like Gecko) Chrome/79.0.3945.79 Safari/537.36"
::1 - - [16/Dec/2019:13:53:44 +0000] "GET /admin/imageM/payment/visa.jpg HTTP/1.1" 404 168 "http://localhost:4000/admin/brands" "Mozilla/5.0 (Macintosh; Intel Mac OS X 10_15_1) AppleWebKit/537.36 (KHTML, like Gecko) Chrome/79.0.3945.79 Safari/537.36"
::1 - - [16/Dec/2019:13:53:44 +0000] "GET /admin/imageM/payment/currus.jpg HTTP/1.1" 404 170 "http://localhost:4000/admin/brands" "Mozilla/5.0 (Macintosh; Intel Mac OS X 10_15_1) AppleWebKit/537.36 (KHTML, like Gecko) Chrome/79.0.3945.79 Safari/537.36"
::1 - - [16/Dec/2019:13:53:44 +0000] "GET /admin/imageM/payment/discover.jpg HTTP/1.1" 404 172 "http://localhost:4000/admin/brands" "Mozilla/5.0 (Macintosh; Intel Mac OS X 10_15_1) AppleWebKit/537.36 (KHTML, like Gecko) Chrome/79.0.3945.79 Safari/537.36"
::1 - - [16/Dec/2019:13:53:44 +0000] "GET /image/cms-icon.png HTTP/1.1" 404 157 "http://localhost:4000/cssM/stylesheet.css" "Mozilla/5.0 (Macintosh; Intel Mac OS X 10_15_1) AppleWebKit/537.36 (KHTML, like Gecko) Chrome/79.0.3945.79 Safari/537.36"
::1 - - [16/Dec/2019:14:09:10 +0000] "GET /orders HTTP/1.1" 200 - "http://localhost:4000/cart" "Mozilla/5.0 (Macintosh; Intel Mac OS X 10_15_1) AppleWebKit/537.36 (KHTML, like Gecko) Chrome/79.0.3945.79 Safari/537.36"
::1 - - [16/Dec/2019:14:09:11 +0000] "GET /image/sprite.png HTTP/1.1" 404 155 "http://localhost:4000/cssM/stylesheet.css" "Mozilla/5.0 (Macintosh; Intel Mac OS X 10_15_1) AppleWebKit/537.36 (KHTML, like Gecko) Chrome/79.0.3945.79 Safari/537.36"
::1 - - [16/Dec/2019:14:09:11 +0000] "GET /image/cms-icon.png HTTP/1.1" 404 157 "http://localhost:4000/cssM/stylesheet.css" "Mozilla/5.0 (Macintosh; Intel Mac OS X 10_15_1) AppleWebKit/537.36 (KHTML, like Gecko) Chrome/79.0.3945.79 Safari/537.36"
::1 - - [16/Dec/2019:14:09:21 +0000] "GET /image/sprite.png HTTP/1.1" 404 155 "http://localhost:4000/cssM/stylesheet.css" "Mozilla/5.0 (Macintosh; Intel Mac OS X 10_15_1) AppleWebKit/537.36 (KHTML, like Gecko) Chrome/79.0.3945.79 Safari/537.36"
::1 - - [16/Dec/2019:14:10:08 +0000] "GET /orders HTTP/1.1" 304 - "http://localhost:4000/cart" "Mozilla/5.0 (Macintosh; Intel Mac OS X 10_15_1) AppleWebKit/537.36 (KHTML, like Gecko) Chrome/79.0.3945.79 Safari/537.36"
::1 - - [16/Dec/2019:14:11:20 +0000] "GET /orders HTTP/1.1" 304 - "http://localhost:4000/cart" "Mozilla/5.0 (Macintosh; Intel Mac OS X 10_15_1) AppleWebKit/537.36 (KHTML, like Gecko) Chrome/79.0.3945.79 Safari/537.36"
::1 - - [16/Dec/2019:16:05:28 +0000] "GET /orders HTTP/1.1" 304 - "http://localhost:4000/cart" "Mozilla/5.0 (Macintosh; Intel Mac OS X 10_15_1) AppleWebKit/537.36 (KHTML, like Gecko) Chrome/79.0.3945.79 Safari/537.36"
