::1 - - [16/Dec/2019:10:33:05 +0000] "GET /cart/add/bbq-briefcase HTTP/1.1" 302 100 "http://localhost:4000/orders" "Mozilla/5.0 (Macintosh; Intel Mac OS X 10_15_1) AppleWebKit/537.36 (KHTML, like Gecko) Chrome/79.0.3945.79 Safari/537.36"
::1 - - [16/Dec/2019:10:33:07 +0000] "GET /orders HTTP/1.1" 200 - "http://localhost:4000/orders" "Mozilla/5.0 (Macintosh; Intel Mac OS X 10_15_1) AppleWebKit/537.36 (KHTML, like Gecko) Chrome/79.0.3945.79 Safari/537.36"
::1 - - [16/Dec/2019:10:33:07 +0000] "GET /image/sprite.png HTTP/1.1" 404 155 "http://localhost:4000/cssM/stylesheet.css" "Mozilla/5.0 (Macintosh; Intel Mac OS X 10_15_1) AppleWebKit/537.36 (KHTML, like Gecko) Chrome/79.0.3945.79 Safari/537.36"
::1 - - [16/Dec/2019:10:33:07 +0000] "GET /image/cms-icon.png HTTP/1.1" 404 157 "http://localhost:4000/cssM/stylesheet.css" "Mozilla/5.0 (Macintosh; Intel Mac OS X 10_15_1) AppleWebKit/537.36 (KHTML, like Gecko) Chrome/79.0.3945.79 Safari/537.36"
::1 - - [16/Dec/2019:10:33:13 +0000] "GET /cart/add/red-wine-aerator HTTP/1.1" 302 100 "http://localhost:4000/orders" "Mozilla/5.0 (Macintosh; Intel Mac OS X 10_15_1) AppleWebKit/537.36 (KHTML, like Gecko) Chrome/79.0.3945.79 Safari/537.36"
::1 - - [16/Dec/2019:10:33:13 +0000] "GET /orders HTTP/1.1" 200 - "http://localhost:4000/orders" "Mozilla/5.0 (Macintosh; Intel Mac OS X 10_15_1) AppleWebKit/537.36 (KHTML, like Gecko) Chrome/79.0.3945.79 Safari/537.36"
::1 - - [16/Dec/2019:10:33:14 +0000] "GET /image/sprite.png HTTP/1.1" 404 155 "http://localhost:4000/cssM/stylesheet.css" "Mozilla/5.0 (Macintosh; Intel Mac OS X 10_15_1) AppleWebKit/537.36 (KHTML, like Gecko) Chrome/79.0.3945.79 Safari/537.36"
::1 - - [16/Dec/2019:10:33:14 +0000] "GET /image/cms-icon.png HTTP/1.1" 404 157 "http://localhost:4000/cssM/stylesheet.css" "Mozilla/5.0 (Macintosh; Intel Mac OS X 10_15_1) AppleWebKit/537.36 (KHTML, like Gecko) Chrome/79.0.3945.79 Safari/537.36"
::1 - - [16/Dec/2019:10:33:20 +0000] "GET /cart HTTP/1.1" 200 - "http://localhost:4000/orders" "Mozilla/5.0 (Macintosh; Intel Mac OS X 10_15_1) AppleWebKit/537.36 (KHTML, like Gecko) Chrome/79.0.3945.79 Safari/537.36"
::1 - - [16/Dec/2019:10:33:21 +0000] "GET /image/sprite.png HTTP/1.1" 404 155 "http://localhost:4000/cssM/stylesheet.css" "Mozilla/5.0 (Macintosh; Intel Mac OS X 10_15_1) AppleWebKit/537.36 (KHTML, like Gecko) Chrome/79.0.3945.79 Safari/537.36"
::1 - - [16/Dec/2019:10:33:21 +0000] "GET /image/cms-icon.png HTTP/1.1" 404 157 "http://localhost:4000/cssM/stylesheet.css" "Mozilla/5.0 (Macintosh; Intel Mac OS X 10_15_1) AppleWebKit/537.36 (KHTML, like Gecko) Chrome/79.0.3945.79 Safari/537.36"
::1 - - [16/Dec/2019:10:33:27 +0000] "GET /cart/update/red-wine-aerator?action=add HTTP/1.1" 302 54 "http://localhost:4000/cart" "Mozilla/5.0 (Macintosh; Intel Mac OS X 10_15_1) AppleWebKit/537.36 (KHTML, like Gecko) Chrome/79.0.3945.79 Safari/537.36"
::1 - - [16/Dec/2019:10:33:28 +0000] "GET /cart HTTP/1.1" 200 - "http://localhost:4000/cart" "Mozilla/5.0 (Macintosh; Intel Mac OS X 10_15_1) AppleWebKit/537.36 (KHTML, like Gecko) Chrome/79.0.3945.79 Safari/537.36"
::1 - - [16/Dec/2019:10:33:28 +0000] "GET /image/sprite.png HTTP/1.1" 404 155 "http://localhost:4000/cssM/stylesheet.css" "Mozilla/5.0 (Macintosh; Intel Mac OS X 10_15_1) AppleWebKit/537.36 (KHTML, like Gecko) Chrome/79.0.3945.79 Safari/537.36"
::1 - - [16/Dec/2019:10:33:28 +0000] "GET /image/cms-icon.png HTTP/1.1" 404 157 "http://localhost:4000/cssM/stylesheet.css" "Mozilla/5.0 (Macintosh; Intel Mac OS X 10_15_1) AppleWebKit/537.36 (KHTML, like Gecko) Chrome/79.0.3945.79 Safari/537.36"
::1 - - [16/Dec/2019:10:33:35 +0000] "GET /cart/checkout HTTP/1.1" 200 - "http://localhost:4000/cart" "Mozilla/5.0 (Macintosh; Intel Mac OS X 10_15_1) AppleWebKit/537.36 (KHTML, like Gecko) Chrome/79.0.3945.79 Safari/537.36"
::1 - - [16/Dec/2019:10:33:36 +0000] "GET /cart/imageM/payment/mastero.jpg HTTP/1.1" 404 170 "http://localhost:4000/cart/checkout" "Mozilla/5.0 (Macintosh; Intel Mac OS X 10_15_1) AppleWebKit/537.36 (KHTML, like Gecko) Chrome/79.0.3945.79 Safari/537.36"
::1 - - [16/Dec/2019:10:33:36 +0000] "GET /cart/imageM/payment/visa.jpg HTTP/1.1" 404 167 "http://localhost:4000/cart/checkout" "Mozilla/5.0 (Macintosh; Intel Mac OS X 10_15_1) AppleWebKit/537.36 (KHTML, like Gecko) Chrome/79.0.3945.79 Safari/537.36"
::1 - - [16/Dec/2019:10:33:36 +0000] "GET /image/sprite.png HTTP/1.1" 404 155 "http://localhost:4000/cssM/stylesheet.css" "Mozilla/5.0 (Macintosh; Intel Mac OS X 10_15_1) AppleWebKit/537.36 (KHTML, like Gecko) Chrome/79.0.3945.79 Safari/537.36"
::1 - - [16/Dec/2019:10:33:36 +0000] "GET /cart/imageM/payment/currus.jpg HTTP/1.1" 404 169 "http://localhost:4000/cart/checkout" "Mozilla/5.0 (Macintosh; Intel Mac OS X 10_15_1) AppleWebKit/537.36 (KHTML, like Gecko) Chrome/79.0.3945.79 Safari/537.36"
::1 - - [16/Dec/2019:10:33:36 +0000] "GET /cart/imageM/payment/discover.jpg HTTP/1.1" 404 171 "http://localhost:4000/cart/checkout" "Mozilla/5.0 (Macintosh; Intel Mac OS X 10_15_1) AppleWebKit/537.36 (KHTML, like Gecko) Chrome/79.0.3945.79 Safari/537.36"
::1 - - [16/Dec/2019:10:33:37 +0000] "GET /image/cms-icon.png HTTP/1.1" 404 157 "http://localhost:4000/cssM/stylesheet.css" "Mozilla/5.0 (Macintosh; Intel Mac OS X 10_15_1) AppleWebKit/537.36 (KHTML, like Gecko) Chrome/79.0.3945.79 Safari/537.36"
::1 - - [16/Dec/2019:10:34:08 +0000] "POST /cart/checkout/pay HTTP/1.1" 200 - "http://localhost:4000/cart/checkout" "Mozilla/5.0 (Macintosh; Intel Mac OS X 10_15_1) AppleWebKit/537.36 (KHTML, like Gecko) Chrome/79.0.3945.79 Safari/537.36"
::1 - - [16/Dec/2019:10:34:08 +0000] "GET /cart/checkout/imageM/payment/mastero.jpg HTTP/1.1" 404 179 "http://localhost:4000/cart/checkout/pay" "Mozilla/5.0 (Macintosh; Intel Mac OS X 10_15_1) AppleWebKit/537.36 (KHTML, like Gecko) Chrome/79.0.3945.79 Safari/537.36"
::1 - - [16/Dec/2019:10:34:08 +0000] "GET /cart/checkout/imageM/payment/visa.jpg HTTP/1.1" 404 176 "http://localhost:4000/cart/checkout/pay" "Mozilla/5.0 (Macintosh; Intel Mac OS X 10_15_1) AppleWebKit/537.36 (KHTML, like Gecko) Chrome/79.0.3945.79 Safari/537.36"
::1 - - [16/Dec/2019:10:34:08 +0000] "GET /cart/checkout/imageM/payment/currus.jpg HTTP/1.1" 404 178 "http://localhost:4000/cart/checkout/pay" "Mozilla/5.0 (Macintosh; Intel Mac OS X 10_15_1) AppleWebKit/537.36 (KHTML, like Gecko) Chrome/79.0.3945.79 Safari/537.36"
::1 - - [16/Dec/2019:10:34:09 +0000] "GET /image/cms-icon.png HTTP/1.1" 404 157 "http://localhost:4000/cssM/stylesheet.css" "Mozilla/5.0 (Macintosh; Intel Mac OS X 10_15_1) AppleWebKit/537.36 (KHTML, like Gecko) Chrome/79.0.3945.79 Safari/537.36"
::1 - - [16/Dec/2019:10:34:09 +0000] "GET /cart/checkout/imageM/payment/discover.jpg HTTP/1.1" 404 180 "http://localhost:4000/cart/checkout/pay" "Mozilla/5.0 (Macintosh; Intel Mac OS X 10_15_1) AppleWebKit/537.36 (KHTML, like Gecko) Chrome/79.0.3945.79 Safari/537.36"
::1 - - [16/Dec/2019:10:34:09 +0000] "GET /image/sprite.png HTTP/1.1" 404 155 "http://localhost:4000/cssM/stylesheet.css" "Mozilla/5.0 (Macintosh; Intel Mac OS X 10_15_1) AppleWebKit/537.36 (KHTML, like Gecko) Chrome/79.0.3945.79 Safari/537.36"
::1 - - [16/Dec/2019:10:34:14 +0000] "GET /orders HTTP/1.1" 200 - "http://localhost:4000/cart/checkout/pay" "Mozilla/5.0 (Macintosh; Intel Mac OS X 10_15_1) AppleWebKit/537.36 (KHTML, like Gecko) Chrome/79.0.3945.79 Safari/537.36"
::1 - - [16/Dec/2019:10:34:14 +0000] "GET /image/sprite.png HTTP/1.1" 404 155 "http://localhost:4000/cssM/stylesheet.css" "Mozilla/5.0 (Macintosh; Intel Mac OS X 10_15_1) AppleWebKit/537.36 (KHTML, like Gecko) Chrome/79.0.3945.79 Safari/537.36"
::1 - - [16/Dec/2019:10:34:14 +0000] "GET /image/cms-icon.png HTTP/1.1" 404 157 "http://localhost:4000/cssM/stylesheet.css" "Mozilla/5.0 (Macintosh; Intel Mac OS X 10_15_1) AppleWebKit/537.36 (KHTML, like Gecko) Chrome/79.0.3945.79 Safari/537.36"
