::1 - - [16/Dec/2019:18:41:52 +0000] "GET /products/cookware HTTP/1.1" 200 - "http://localhost:4000/brand/bodum" "Mozilla/5.0 (Macintosh; Intel Mac OS X 10_15_1) AppleWebKit/537.36 (KHTML, like Gecko) Chrome/79.0.3945.79 Safari/537.36"
::1 - - [16/Dec/2019:18:41:53 +0000] "GET /products/imageM/payment/mastero.jpg HTTP/1.1" 404 174 "http://localhost:4000/products/cookware" "Mozilla/5.0 (Macintosh; Intel Mac OS X 10_15_1) AppleWebKit/537.36 (KHTML, like Gecko) Chrome/79.0.3945.79 Safari/537.36"
::1 - - [16/Dec/2019:18:41:54 +0000] "GET /products/imageM/payment/currus.jpg HTTP/1.1" 404 173 "http://localhost:4000/products/cookware" "Mozilla/5.0 (Macintosh; Intel Mac OS X 10_15_1) AppleWebKit/537.36 (KHTML, like Gecko) Chrome/79.0.3945.79 Safari/537.36"
::1 - - [16/Dec/2019:18:41:54 +0000] "GET /products/imageM/payment/visa.jpg HTTP/1.1" 404 171 "http://localhost:4000/products/cookware" "Mozilla/5.0 (Macintosh; Intel Mac OS X 10_15_1) AppleWebKit/537.36 (KHTML, like Gecko) Chrome/79.0.3945.79 Safari/537.36"
::1 - - [16/Dec/2019:18:41:55 +0000] "GET /image/gridlist.png HTTP/1.1" 404 157 "http://localhost:4000/cssM/stylesheet.css" "Mozilla/5.0 (Macintosh; Intel Mac OS X 10_15_1) AppleWebKit/537.36 (KHTML, like Gecko) Chrome/79.0.3945.79 Safari/537.36"
::1 - - [16/Dec/2019:18:41:55 +0000] "GET /products/imageM/payment/discover.jpg HTTP/1.1" 404 175 "http://localhost:4000/products/cookware" "Mozilla/5.0 (Macintosh; Intel Mac OS X 10_15_1) AppleWebKit/537.36 (KHTML, like Gecko) Chrome/79.0.3945.79 Safari/537.36"
::1 - - [16/Dec/2019:18:41:55 +0000] "GET /image/sprite.png HTTP/1.1" 404 155 "http://localhost:4000/cssM/stylesheet.css" "Mozilla/5.0 (Macintosh; Intel Mac OS X 10_15_1) AppleWebKit/537.36 (KHTML, like Gecko) Chrome/79.0.3945.79 Safari/537.36"
::1 - - [16/Dec/2019:18:41:56 +0000] "GET /image/cms-icon.png HTTP/1.1" 404 157 "http://localhost:4000/cssM/stylesheet.css" "Mozilla/5.0 (Macintosh; Intel Mac OS X 10_15_1) AppleWebKit/537.36 (KHTML, like Gecko) Chrome/79.0.3945.79 Safari/537.36"
::1 - - [16/Dec/2019:18:42:32 +0000] "GET /services HTTP/1.1" 200 - "http://localhost:4000/products/cookware" "Mozilla/5.0 (Macintosh; Intel Mac OS X 10_15_1) AppleWebKit/537.36 (KHTML, like Gecko) Chrome/79.0.3945.79 Safari/537.36"
::1 - - [16/Dec/2019:18:42:32 +0000] "GET /js/jQuery.js HTTP/1.1" 404 151 "http://localhost:4000/services" "Mozilla/5.0 (Macintosh; Intel Mac OS X 10_15_1) AppleWebKit/537.36 (KHTML, like Gecko) Chrome/79.0.3945.79 Safari/537.36"
::1 - - [16/Dec/2019:18:42:32 +0000] "GET /js/bootstrap.js HTTP/1.1" 404 154 "http://localhost:4000/services" "Mozilla/5.0 (Macintosh; Intel Mac OS X 10_15_1) AppleWebKit/537.36 (KHTML, like Gecko) Chrome/79.0.3945.79 Safari/537.36"
::1 - - [16/Dec/2019:18:42:32 +0000] "GET /image/sprite.png HTTP/1.1" 404 155 "http://localhost:4000/cssM/stylesheet.css" "Mozilla/5.0 (Macintosh; Intel Mac OS X 10_15_1) AppleWebKit/537.36 (KHTML, like Gecko) Chrome/79.0.3945.79 Safari/537.36"
::1 - - [16/Dec/2019:18:42:33 +0000] "GET /image/cms-icon.png HTTP/1.1" 404 157 "http://localhost:4000/cssM/stylesheet.css" "Mozilla/5.0 (Macintosh; Intel Mac OS X 10_15_1) AppleWebKit/537.36 (KHTML, like Gecko) Chrome/79.0.3945.79 Safari/537.36"
::1 - - [16/Dec/2019:18:42:56 +0000] "GET /contact HTTP/1.1" 200 - "http://localhost:4000/services" "Mozilla/5.0 (Macintosh; Intel Mac OS X 10_15_1) AppleWebKit/537.36 (KHTML, like Gecko) Chrome/79.0.3945.79 Safari/537.36"
::1 - - [16/Dec/2019:18:42:56 +0000] "GET /js/bootstrap.js HTTP/1.1" 404 154 "http://localhost:4000/contact" "Mozilla/5.0 (Macintosh; Intel Mac OS X 10_15_1) AppleWebKit/537.36 (KHTML, like Gecko) Chrome/79.0.3945.79 Safari/537.36"
::1 - - [16/Dec/2019:18:42:56 +0000] "GET /js/jQuery.js HTTP/1.1" 404 151 "http://localhost:4000/contact" "Mozilla/5.0 (Macintosh; Intel Mac OS X 10_15_1) AppleWebKit/537.36 (KHTML, like Gecko) Chrome/79.0.3945.79 Safari/537.36"
::1 - - [16/Dec/2019:18:42:56 +0000] "GET /image/sprite.png HTTP/1.1" 404 155 "http://localhost:4000/cssM/stylesheet.css" "Mozilla/5.0 (Macintosh; Intel Mac OS X 10_15_1) AppleWebKit/537.36 (KHTML, like Gecko) Chrome/79.0.3945.79 Safari/537.36"
::1 - - [16/Dec/2019:18:42:56 +0000] "GET /js/bootstrap.js HTTP/1.1" 404 154 "http://localhost:4000/contact" "Mozilla/5.0 (Macintosh; Intel Mac OS X 10_15_1) AppleWebKit/537.36 (KHTML, like Gecko) Chrome/79.0.3945.79 Safari/537.36"
::1 - - [16/Dec/2019:18:42:57 +0000] "GET /image/cms-icon.png HTTP/1.1" 404 157 "http://localhost:4000/cssM/stylesheet.css" "Mozilla/5.0 (Macintosh; Intel Mac OS X 10_15_1) AppleWebKit/537.36 (KHTML, like Gecko) Chrome/79.0.3945.79 Safari/537.36"
::1 - - [16/Dec/2019:18:43:18 +0000] "GET /about HTTP/1.1" 200 - "http://localhost:4000/contact" "Mozilla/5.0 (Macintosh; Intel Mac OS X 10_15_1) AppleWebKit/537.36 (KHTML, like Gecko) Chrome/79.0.3945.79 Safari/537.36"
::1 - - [16/Dec/2019:18:43:18 +0000] "GET /js/jQuery.js HTTP/1.1" 404 151 "http://localhost:4000/about" "Mozilla/5.0 (Macintosh; Intel Mac OS X 10_15_1) AppleWebKit/537.36 (KHTML, like Gecko) Chrome/79.0.3945.79 Safari/537.36"
::1 - - [16/Dec/2019:18:43:18 +0000] "GET /js/bootstrap.js HTTP/1.1" 404 154 "http://localhost:4000/about" "Mozilla/5.0 (Macintosh; Intel Mac OS X 10_15_1) AppleWebKit/537.36 (KHTML, like Gecko) Chrome/79.0.3945.79 Safari/537.36"
::1 - - [16/Dec/2019:18:43:18 +0000] "GET /image/sprite.png HTTP/1.1" 404 155 "http://localhost:4000/cssM/stylesheet.css" "Mozilla/5.0 (Macintosh; Intel Mac OS X 10_15_1) AppleWebKit/537.36 (KHTML, like Gecko) Chrome/79.0.3945.79 Safari/537.36"
::1 - - [16/Dec/2019:18:43:19 +0000] "GET /image/cms-icon.png HTTP/1.1" 404 157 "http://localhost:4000/cssM/stylesheet.css" "Mozilla/5.0 (Macintosh; Intel Mac OS X 10_15_1) AppleWebKit/537.36 (KHTML, like Gecko) Chrome/79.0.3945.79 Safari/537.36"
::1 - - [16/Dec/2019:18:44:50 +0000] "GET /brand/kitchenaid HTTP/1.1" 200 - "http://localhost:4000/about" "Mozilla/5.0 (Macintosh; Intel Mac OS X 10_15_1) AppleWebKit/537.36 (KHTML, like Gecko) Chrome/79.0.3945.79 Safari/537.36"
::1 - - [16/Dec/2019:18:44:51 +0000] "GET /brand/imageM/payment/currus.jpg HTTP/1.1" 404 170 "http://localhost:4000/brand/kitchenaid" "Mozilla/5.0 (Macintosh; Intel Mac OS X 10_15_1) AppleWebKit/537.36 (KHTML, like Gecko) Chrome/79.0.3945.79 Safari/537.36"
::1 - - [16/Dec/2019:18:44:51 +0000] "GET /brand/imageM/payment/mastero.jpg HTTP/1.1" 404 171 "http://localhost:4000/brand/kitchenaid" "Mozilla/5.0 (Macintosh; Intel Mac OS X 10_15_1) AppleWebKit/537.36 (KHTML, like Gecko) Chrome/79.0.3945.79 Safari/537.36"
::1 - - [16/Dec/2019:18:44:51 +0000] "GET /brand/imageM/payment/visa.jpg HTTP/1.1" 404 168 "http://localhost:4000/brand/kitchenaid" "Mozilla/5.0 (Macintosh; Intel Mac OS X 10_15_1) AppleWebKit/537.36 (KHTML, like Gecko) Chrome/79.0.3945.79 Safari/537.36"
::1 - - [16/Dec/2019:18:44:52 +0000] "GET /brand/imageM/payment/discover.jpg HTTP/1.1" 404 172 "http://localhost:4000/brand/kitchenaid" "Mozilla/5.0 (Macintosh; Intel Mac OS X 10_15_1) AppleWebKit/537.36 (KHTML, like Gecko) Chrome/79.0.3945.79 Safari/537.36"
::1 - - [16/Dec/2019:18:44:52 +0000] "GET /image/cms-icon.png HTTP/1.1" 404 157 "http://localhost:4000/cssM/stylesheet.css" "Mozilla/5.0 (Macintosh; Intel Mac OS X 10_15_1) AppleWebKit/537.36 (KHTML, like Gecko) Chrome/79.0.3945.79 Safari/537.36"
::1 - - [16/Dec/2019:18:44:52 +0000] "GET /image/gridlist.png HTTP/1.1" 404 157 "http://localhost:4000/cssM/stylesheet.css" "Mozilla/5.0 (Macintosh; Intel Mac OS X 10_15_1) AppleWebKit/537.36 (KHTML, like Gecko) Chrome/79.0.3945.79 Safari/537.36"
::1 - - [16/Dec/2019:18:44:52 +0000] "GET /image/sprite.png HTTP/1.1" 404 155 "http://localhost:4000/cssM/stylesheet.css" "Mozilla/5.0 (Macintosh; Intel Mac OS X 10_15_1) AppleWebKit/537.36 (KHTML, like Gecko) Chrome/79.0.3945.79 Safari/537.36"
::1 - - [16/Dec/2019:18:45:03 +0000] "GET /brand/bodum HTTP/1.1" 304 - "http://localhost:4000/brand/kitchenaid" "Mozilla/5.0 (Macintosh; Intel Mac OS X 10_15_1) AppleWebKit/537.36 (KHTML, like Gecko) Chrome/79.0.3945.79 Safari/537.36"
::1 - - [16/Dec/2019:18:45:04 +0000] "GET /brand/imageM/payment/visa.jpg HTTP/1.1" 404 168 "http://localhost:4000/brand/bodum" "Mozilla/5.0 (Macintosh; Intel Mac OS X 10_15_1) AppleWebKit/537.36 (KHTML, like Gecko) Chrome/79.0.3945.79 Safari/537.36"
::1 - - [16/Dec/2019:18:45:04 +0000] "GET /brand/imageM/payment/mastero.jpg HTTP/1.1" 404 171 "http://localhost:4000/brand/bodum" "Mozilla/5.0 (Macintosh; Intel Mac OS X 10_15_1) AppleWebKit/537.36 (KHTML, like Gecko) Chrome/79.0.3945.79 Safari/537.36"
::1 - - [16/Dec/2019:18:45:04 +0000] "GET /brand/imageM/payment/discover.jpg HTTP/1.1" 404 172 "http://localhost:4000/brand/bodum" "Mozilla/5.0 (Macintosh; Intel Mac OS X 10_15_1) AppleWebKit/537.36 (KHTML, like Gecko) Chrome/79.0.3945.79 Safari/537.36"
::1 - - [16/Dec/2019:18:45:04 +0000] "GET /brand/imageM/payment/currus.jpg HTTP/1.1" 404 170 "http://localhost:4000/brand/bodum" "Mozilla/5.0 (Macintosh; Intel Mac OS X 10_15_1) AppleWebKit/537.36 (KHTML, like Gecko) Chrome/79.0.3945.79 Safari/537.36"
::1 - - [16/Dec/2019:18:45:05 +0000] "GET /image/cms-icon.png HTTP/1.1" 404 157 "http://localhost:4000/cssM/stylesheet.css" "Mozilla/5.0 (Macintosh; Intel Mac OS X 10_15_1) AppleWebKit/537.36 (KHTML, like Gecko) Chrome/79.0.3945.79 Safari/537.36"
::1 - - [16/Dec/2019:18:45:05 +0000] "GET /image/gridlist.png HTTP/1.1" 404 157 "http://localhost:4000/cssM/stylesheet.css" "Mozilla/5.0 (Macintosh; Intel Mac OS X 10_15_1) AppleWebKit/537.36 (KHTML, like Gecko) Chrome/79.0.3945.79 Safari/537.36"
::1 - - [16/Dec/2019:18:45:05 +0000] "GET /image/sprite.png HTTP/1.1" 404 155 "http://localhost:4000/cssM/stylesheet.css" "Mozilla/5.0 (Macintosh; Intel Mac OS X 10_15_1) AppleWebKit/537.36 (KHTML, like Gecko) Chrome/79.0.3945.79 Safari/537.36"
::1 - - [16/Dec/2019:18:45:20 +0000] "GET /brand/cuisinart HTTP/1.1" 200 - "http://localhost:4000/brand/bodum" "Mozilla/5.0 (Macintosh; Intel Mac OS X 10_15_1) AppleWebKit/537.36 (KHTML, like Gecko) Chrome/79.0.3945.79 Safari/537.36"
::1 - - [16/Dec/2019:18:45:20 +0000] "GET /brand/imageM/payment/mastero.jpg HTTP/1.1" 404 171 "http://localhost:4000/brand/cuisinart" "Mozilla/5.0 (Macintosh; Intel Mac OS X 10_15_1) AppleWebKit/537.36 (KHTML, like Gecko) Chrome/79.0.3945.79 Safari/537.36"
::1 - - [16/Dec/2019:18:45:20 +0000] "GET /brand/imageM/payment/currus.jpg HTTP/1.1" 404 170 "http://localhost:4000/brand/cuisinart" "Mozilla/5.0 (Macintosh; Intel Mac OS X 10_15_1) AppleWebKit/537.36 (KHTML, like Gecko) Chrome/79.0.3945.79 Safari/537.36"
::1 - - [16/Dec/2019:18:45:20 +0000] "GET /image/gridlist.png HTTP/1.1" 404 157 "http://localhost:4000/cssM/stylesheet.css" "Mozilla/5.0 (Macintosh; Intel Mac OS X 10_15_1) AppleWebKit/537.36 (KHTML, like Gecko) Chrome/79.0.3945.79 Safari/537.36"
::1 - - [16/Dec/2019:18:45:20 +0000] "GET /brand/imageM/payment/discover.jpg HTTP/1.1" 404 172 "http://localhost:4000/brand/cuisinart" "Mozilla/5.0 (Macintosh; Intel Mac OS X 10_15_1) AppleWebKit/537.36 (KHTML, like Gecko) Chrome/79.0.3945.79 Safari/537.36"
::1 - - [16/Dec/2019:18:45:21 +0000] "GET /brand/imageM/payment/visa.jpg HTTP/1.1" 404 168 "http://localhost:4000/brand/cuisinart" "Mozilla/5.0 (Macintosh; Intel Mac OS X 10_15_1) AppleWebKit/537.36 (KHTML, like Gecko) Chrome/79.0.3945.79 Safari/537.36"
::1 - - [16/Dec/2019:18:45:21 +0000] "GET /image/cms-icon.png HTTP/1.1" 404 157 "http://localhost:4000/cssM/stylesheet.css" "Mozilla/5.0 (Macintosh; Intel Mac OS X 10_15_1) AppleWebKit/537.36 (KHTML, like Gecko) Chrome/79.0.3945.79 Safari/537.36"
::1 - - [16/Dec/2019:18:45:21 +0000] "GET /image/sprite.png HTTP/1.1" 404 155 "http://localhost:4000/cssM/stylesheet.css" "Mozilla/5.0 (Macintosh; Intel Mac OS X 10_15_1) AppleWebKit/537.36 (KHTML, like Gecko) Chrome/79.0.3945.79 Safari/537.36"
::1 - - [16/Dec/2019:18:45:31 +0000] "GET /brand/kitchenaid HTTP/1.1" 304 - "http://localhost:4000/brand/cuisinart" "Mozilla/5.0 (Macintosh; Intel Mac OS X 10_15_1) AppleWebKit/537.36 (KHTML, like Gecko) Chrome/79.0.3945.79 Safari/537.36"
::1 - - [16/Dec/2019:18:45:31 +0000] "GET /brand/imageM/payment/visa.jpg HTTP/1.1" 404 168 "http://localhost:4000/brand/kitchenaid" "Mozilla/5.0 (Macintosh; Intel Mac OS X 10_15_1) AppleWebKit/537.36 (KHTML, like Gecko) Chrome/79.0.3945.79 Safari/537.36"
::1 - - [16/Dec/2019:18:45:31 +0000] "GET /brand/imageM/payment/mastero.jpg HTTP/1.1" 404 171 "http://localhost:4000/brand/kitchenaid" "Mozilla/5.0 (Macintosh; Intel Mac OS X 10_15_1) AppleWebKit/537.36 (KHTML, like Gecko) Chrome/79.0.3945.79 Safari/537.36"
::1 - - [16/Dec/2019:18:45:31 +0000] "GET /brand/imageM/payment/currus.jpg HTTP/1.1" 404 170 "http://localhost:4000/brand/kitchenaid" "Mozilla/5.0 (Macintosh; Intel Mac OS X 10_15_1) AppleWebKit/537.36 (KHTML, like Gecko) Chrome/79.0.3945.79 Safari/537.36"
::1 - - [16/Dec/2019:18:45:31 +0000] "GET /brand/imageM/payment/discover.jpg HTTP/1.1" 404 172 "http://localhost:4000/brand/kitchenaid" "Mozilla/5.0 (Macintosh; Intel Mac OS X 10_15_1) AppleWebKit/537.36 (KHTML, like Gecko) Chrome/79.0.3945.79 Safari/537.36"
::1 - - [16/Dec/2019:18:45:31 +0000] "GET /image/gridlist.png HTTP/1.1" 404 157 "http://localhost:4000/cssM/stylesheet.css" "Mozilla/5.0 (Macintosh; Intel Mac OS X 10_15_1) AppleWebKit/537.36 (KHTML, like Gecko) Chrome/79.0.3945.79 Safari/537.36"
::1 - - [16/Dec/2019:18:45:31 +0000] "GET /image/sprite.png HTTP/1.1" 404 155 "http://localhost:4000/cssM/stylesheet.css" "Mozilla/5.0 (Macintosh; Intel Mac OS X 10_15_1) AppleWebKit/537.36 (KHTML, like Gecko) Chrome/79.0.3945.79 Safari/537.36"
::1 - - [16/Dec/2019:18:45:31 +0000] "GET /image/cms-icon.png HTTP/1.1" 404 157 "http://localhost:4000/cssM/stylesheet.css" "Mozilla/5.0 (Macintosh; Intel Mac OS X 10_15_1) AppleWebKit/537.36 (KHTML, like Gecko) Chrome/79.0.3945.79 Safari/537.36"
::1 - - [16/Dec/2019:18:45:39 +0000] "GET /brand/ladelle HTTP/1.1" 200 - "http://localhost:4000/brand/kitchenaid" "Mozilla/5.0 (Macintosh; Intel Mac OS X 10_15_1) AppleWebKit/537.36 (KHTML, like Gecko) Chrome/79.0.3945.79 Safari/537.36"
::1 - - [16/Dec/2019:18:45:40 +0000] "GET /brand/imageM/payment/visa.jpg HTTP/1.1" 404 168 "http://localhost:4000/brand/ladelle" "Mozilla/5.0 (Macintosh; Intel Mac OS X 10_15_1) AppleWebKit/537.36 (KHTML, like Gecko) Chrome/79.0.3945.79 Safari/537.36"
::1 - - [16/Dec/2019:18:45:40 +0000] "GET /brand/imageM/payment/currus.jpg HTTP/1.1" 404 170 "http://localhost:4000/brand/ladelle" "Mozilla/5.0 (Macintosh; Intel Mac OS X 10_15_1) AppleWebKit/537.36 (KHTML, like Gecko) Chrome/79.0.3945.79 Safari/537.36"
::1 - - [16/Dec/2019:18:45:40 +0000] "GET /brand/imageM/payment/discover.jpg HTTP/1.1" 404 172 "http://localhost:4000/brand/ladelle" "Mozilla/5.0 (Macintosh; Intel Mac OS X 10_15_1) AppleWebKit/537.36 (KHTML, like Gecko) Chrome/79.0.3945.79 Safari/537.36"
::1 - - [16/Dec/2019:18:45:40 +0000] "GET /image/sprite.png HTTP/1.1" 404 155 "http://localhost:4000/cssM/stylesheet.css" "Mozilla/5.0 (Macintosh; Intel Mac OS X 10_15_1) AppleWebKit/537.36 (KHTML, like Gecko) Chrome/79.0.3945.79 Safari/537.36"
::1 - - [16/Dec/2019:18:45:40 +0000] "GET /brand/imageM/payment/mastero.jpg HTTP/1.1" 404 171 "http://localhost:4000/brand/ladelle" "Mozilla/5.0 (Macintosh; Intel Mac OS X 10_15_1) AppleWebKit/537.36 (KHTML, like Gecko) Chrome/79.0.3945.79 Safari/537.36"
::1 - - [16/Dec/2019:18:45:40 +0000] "GET /image/gridlist.png HTTP/1.1" 404 157 "http://localhost:4000/cssM/stylesheet.css" "Mozilla/5.0 (Macintosh; Intel Mac OS X 10_15_1) AppleWebKit/537.36 (KHTML, like Gecko) Chrome/79.0.3945.79 Safari/537.36"
::1 - - [16/Dec/2019:18:45:40 +0000] "GET /image/cms-icon.png HTTP/1.1" 404 157 "http://localhost:4000/cssM/stylesheet.css" "Mozilla/5.0 (Macintosh; Intel Mac OS X 10_15_1) AppleWebKit/537.36 (KHTML, like Gecko) Chrome/79.0.3945.79 Safari/537.36"
::1 - - [16/Dec/2019:18:45:48 +0000] "GET /brand/maverick HTTP/1.1" 200 - "http://localhost:4000/brand/ladelle" "Mozilla/5.0 (Macintosh; Intel Mac OS X 10_15_1) AppleWebKit/537.36 (KHTML, like Gecko) Chrome/79.0.3945.79 Safari/537.36"
::1 - - [16/Dec/2019:18:45:49 +0000] "GET /brand/imageM/payment/mastero.jpg HTTP/1.1" 404 171 "http://localhost:4000/brand/maverick" "Mozilla/5.0 (Macintosh; Intel Mac OS X 10_15_1) AppleWebKit/537.36 (KHTML, like Gecko) Chrome/79.0.3945.79 Safari/537.36"
::1 - - [16/Dec/2019:18:45:49 +0000] "GET /brand/imageM/payment/visa.jpg HTTP/1.1" 404 168 "http://localhost:4000/brand/maverick" "Mozilla/5.0 (Macintosh; Intel Mac OS X 10_15_1) AppleWebKit/537.36 (KHTML, like Gecko) Chrome/79.0.3945.79 Safari/537.36"
::1 - - [16/Dec/2019:18:45:49 +0000] "GET /brand/imageM/payment/discover.jpg HTTP/1.1" 404 172 "http://localhost:4000/brand/maverick" "Mozilla/5.0 (Macintosh; Intel Mac OS X 10_15_1) AppleWebKit/537.36 (KHTML, like Gecko) Chrome/79.0.3945.79 Safari/537.36"
::1 - - [16/Dec/2019:18:45:49 +0000] "GET /brand/imageM/payment/currus.jpg HTTP/1.1" 404 170 "http://localhost:4000/brand/maverick" "Mozilla/5.0 (Macintosh; Intel Mac OS X 10_15_1) AppleWebKit/537.36 (KHTML, like Gecko) Chrome/79.0.3945.79 Safari/537.36"
::1 - - [16/Dec/2019:18:45:49 +0000] "GET /image/gridlist.png HTTP/1.1" 404 157 "http://localhost:4000/cssM/stylesheet.css" "Mozilla/5.0 (Macintosh; Intel Mac OS X 10_15_1) AppleWebKit/537.36 (KHTML, like Gecko) Chrome/79.0.3945.79 Safari/537.36"
::1 - - [16/Dec/2019:18:45:49 +0000] "GET /image/sprite.png HTTP/1.1" 404 155 "http://localhost:4000/cssM/stylesheet.css" "Mozilla/5.0 (Macintosh; Intel Mac OS X 10_15_1) AppleWebKit/537.36 (KHTML, like Gecko) Chrome/79.0.3945.79 Safari/537.36"
::1 - - [16/Dec/2019:18:45:49 +0000] "GET /image/cms-icon.png HTTP/1.1" 404 157 "http://localhost:4000/cssM/stylesheet.css" "Mozilla/5.0 (Macintosh; Intel Mac OS X 10_15_1) AppleWebKit/537.36 (KHTML, like Gecko) Chrome/79.0.3945.79 Safari/537.36"
::1 - - [16/Dec/2019:18:46:02 +0000] "GET /brand/swissmar HTTP/1.1" 200 - "http://localhost:4000/brand/maverick" "Mozilla/5.0 (Macintosh; Intel Mac OS X 10_15_1) AppleWebKit/537.36 (KHTML, like Gecko) Chrome/79.0.3945.79 Safari/537.36"
::1 - - [16/Dec/2019:18:46:02 +0000] "GET /brand/imageM/payment/mastero.jpg HTTP/1.1" 404 171 "http://localhost:4000/brand/swissmar" "Mozilla/5.0 (Macintosh; Intel Mac OS X 10_15_1) AppleWebKit/537.36 (KHTML, like Gecko) Chrome/79.0.3945.79 Safari/537.36"
::1 - - [16/Dec/2019:18:46:02 +0000] "GET /image/gridlist.png HTTP/1.1" 404 157 "http://localhost:4000/cssM/stylesheet.css" "Mozilla/5.0 (Macintosh; Intel Mac OS X 10_15_1) AppleWebKit/537.36 (KHTML, like Gecko) Chrome/79.0.3945.79 Safari/537.36"
::1 - - [16/Dec/2019:18:46:02 +0000] "GET /brand/imageM/payment/discover.jpg HTTP/1.1" 404 172 "http://localhost:4000/brand/swissmar" "Mozilla/5.0 (Macintosh; Intel Mac OS X 10_15_1) AppleWebKit/537.36 (KHTML, like Gecko) Chrome/79.0.3945.79 Safari/537.36"
::1 - - [16/Dec/2019:18:46:02 +0000] "GET /brand/imageM/payment/visa.jpg HTTP/1.1" 404 168 "http://localhost:4000/brand/swissmar" "Mozilla/5.0 (Macintosh; Intel Mac OS X 10_15_1) AppleWebKit/537.36 (KHTML, like Gecko) Chrome/79.0.3945.79 Safari/537.36"
::1 - - [16/Dec/2019:18:46:02 +0000] "GET /brand/imageM/payment/currus.jpg HTTP/1.1" 404 170 "http://localhost:4000/brand/swissmar" "Mozilla/5.0 (Macintosh; Intel Mac OS X 10_15_1) AppleWebKit/537.36 (KHTML, like Gecko) Chrome/79.0.3945.79 Safari/537.36"
::1 - - [16/Dec/2019:18:46:02 +0000] "GET /image/sprite.png HTTP/1.1" 404 155 "http://localhost:4000/cssM/stylesheet.css" "Mozilla/5.0 (Macintosh; Intel Mac OS X 10_15_1) AppleWebKit/537.36 (KHTML, like Gecko) Chrome/79.0.3945.79 Safari/537.36"
::1 - - [16/Dec/2019:18:46:02 +0000] "GET /image/cms-icon.png HTTP/1.1" 404 157 "http://localhost:4000/cssM/stylesheet.css" "Mozilla/5.0 (Macintosh; Intel Mac OS X 10_15_1) AppleWebKit/537.36 (KHTML, like Gecko) Chrome/79.0.3945.79 Safari/537.36"
::1 - - [16/Dec/2019:18:46:20 +0000] "GET /brand/tefal HTTP/1.1" 200 - "http://localhost:4000/brand/swissmar" "Mozilla/5.0 (Macintosh; Intel Mac OS X 10_15_1) AppleWebKit/537.36 (KHTML, like Gecko) Chrome/79.0.3945.79 Safari/537.36"
::1 - - [16/Dec/2019:18:46:20 +0000] "GET /brand/imageM/payment/mastero.jpg HTTP/1.1" 404 171 "http://localhost:4000/brand/tefal" "Mozilla/5.0 (Macintosh; Intel Mac OS X 10_15_1) AppleWebKit/537.36 (KHTML, like Gecko) Chrome/79.0.3945.79 Safari/537.36"
::1 - - [16/Dec/2019:18:46:20 +0000] "GET /brand/imageM/payment/discover.jpg HTTP/1.1" 404 172 "http://localhost:4000/brand/tefal" "Mozilla/5.0 (Macintosh; Intel Mac OS X 10_15_1) AppleWebKit/537.36 (KHTML, like Gecko) Chrome/79.0.3945.79 Safari/537.36"
::1 - - [16/Dec/2019:18:46:20 +0000] "GET /brand/imageM/payment/visa.jpg HTTP/1.1" 404 168 "http://localhost:4000/brand/tefal" "Mozilla/5.0 (Macintosh; Intel Mac OS X 10_15_1) AppleWebKit/537.36 (KHTML, like Gecko) Chrome/79.0.3945.79 Safari/537.36"
::1 - - [16/Dec/2019:18:46:20 +0000] "GET /brand/imageM/payment/currus.jpg HTTP/1.1" 404 170 "http://localhost:4000/brand/tefal" "Mozilla/5.0 (Macintosh; Intel Mac OS X 10_15_1) AppleWebKit/537.36 (KHTML, like Gecko) Chrome/79.0.3945.79 Safari/537.36"
::1 - - [16/Dec/2019:18:46:21 +0000] "GET /image/cms-icon.png HTTP/1.1" 404 157 "http://localhost:4000/cssM/stylesheet.css" "Mozilla/5.0 (Macintosh; Intel Mac OS X 10_15_1) AppleWebKit/537.36 (KHTML, like Gecko) Chrome/79.0.3945.79 Safari/537.36"
::1 - - [16/Dec/2019:18:46:21 +0000] "GET /image/sprite.png HTTP/1.1" 404 155 "http://localhost:4000/cssM/stylesheet.css" "Mozilla/5.0 (Macintosh; Intel Mac OS X 10_15_1) AppleWebKit/537.36 (KHTML, like Gecko) Chrome/79.0.3945.79 Safari/537.36"
::1 - - [16/Dec/2019:18:46:21 +0000] "GET /image/gridlist.png HTTP/1.1" 404 157 "http://localhost:4000/cssM/stylesheet.css" "Mozilla/5.0 (Macintosh; Intel Mac OS X 10_15_1) AppleWebKit/537.36 (KHTML, like Gecko) Chrome/79.0.3945.79 Safari/537.36"
::1 - - [16/Dec/2019:18:46:31 +0000] "GET /brand/victorinox HTTP/1.1" 200 - "http://localhost:4000/brand/tefal" "Mozilla/5.0 (Macintosh; Intel Mac OS X 10_15_1) AppleWebKit/537.36 (KHTML, like Gecko) Chrome/79.0.3945.79 Safari/537.36"
::1 - - [16/Dec/2019:18:46:32 +0000] "GET /brand/imageM/payment/mastero.jpg HTTP/1.1" 404 171 "http://localhost:4000/brand/victorinox" "Mozilla/5.0 (Macintosh; Intel Mac OS X 10_15_1) AppleWebKit/537.36 (KHTML, like Gecko) Chrome/79.0.3945.79 Safari/537.36"
::1 - - [16/Dec/2019:18:46:32 +0000] "GET /brand/imageM/payment/currus.jpg HTTP/1.1" 404 170 "http://localhost:4000/brand/victorinox" "Mozilla/5.0 (Macintosh; Intel Mac OS X 10_15_1) AppleWebKit/537.36 (KHTML, like Gecko) Chrome/79.0.3945.79 Safari/537.36"
::1 - - [16/Dec/2019:18:46:32 +0000] "GET /image/gridlist.png HTTP/1.1" 404 157 "http://localhost:4000/cssM/stylesheet.css" "Mozilla/5.0 (Macintosh; Intel Mac OS X 10_15_1) AppleWebKit/537.36 (KHTML, like Gecko) Chrome/79.0.3945.79 Safari/537.36"
::1 - - [16/Dec/2019:18:46:32 +0000] "GET /brand/imageM/payment/visa.jpg HTTP/1.1" 404 168 "http://localhost:4000/brand/victorinox" "Mozilla/5.0 (Macintosh; Intel Mac OS X 10_15_1) AppleWebKit/537.36 (KHTML, like Gecko) Chrome/79.0.3945.79 Safari/537.36"
::1 - - [16/Dec/2019:18:46:32 +0000] "GET /image/sprite.png HTTP/1.1" 404 155 "http://localhost:4000/cssM/stylesheet.css" "Mozilla/5.0 (Macintosh; Intel Mac OS X 10_15_1) AppleWebKit/537.36 (KHTML, like Gecko) Chrome/79.0.3945.79 Safari/537.36"
::1 - - [16/Dec/2019:18:46:32 +0000] "GET /brand/imageM/payment/discover.jpg HTTP/1.1" 404 172 "http://localhost:4000/brand/victorinox" "Mozilla/5.0 (Macintosh; Intel Mac OS X 10_15_1) AppleWebKit/537.36 (KHTML, like Gecko) Chrome/79.0.3945.79 Safari/537.36"
::1 - - [16/Dec/2019:18:46:32 +0000] "GET /image/cms-icon.png HTTP/1.1" 404 157 "http://localhost:4000/cssM/stylesheet.css" "Mozilla/5.0 (Macintosh; Intel Mac OS X 10_15_1) AppleWebKit/537.36 (KHTML, like Gecko) Chrome/79.0.3945.79 Safari/537.36"
::1 - - [16/Dec/2019:18:46:49 +0000] "GET /brand/bodum HTTP/1.1" 304 - "http://localhost:4000/brand/victorinox" "Mozilla/5.0 (Macintosh; Intel Mac OS X 10_15_1) AppleWebKit/537.36 (KHTML, like Gecko) Chrome/79.0.3945.79 Safari/537.36"
::1 - - [16/Dec/2019:18:46:49 +0000] "GET /brand/imageM/payment/currus.jpg HTTP/1.1" 404 170 "http://localhost:4000/brand/bodum" "Mozilla/5.0 (Macintosh; Intel Mac OS X 10_15_1) AppleWebKit/537.36 (KHTML, like Gecko) Chrome/79.0.3945.79 Safari/537.36"
::1 - - [16/Dec/2019:18:46:49 +0000] "GET /brand/imageM/payment/mastero.jpg HTTP/1.1" 404 171 "http://localhost:4000/brand/bodum" "Mozilla/5.0 (Macintosh; Intel Mac OS X 10_15_1) AppleWebKit/537.36 (KHTML, like Gecko) Chrome/79.0.3945.79 Safari/537.36"
::1 - - [16/Dec/2019:18:46:49 +0000] "GET /brand/imageM/payment/visa.jpg HTTP/1.1" 404 168 "http://localhost:4000/brand/bodum" "Mozilla/5.0 (Macintosh; Intel Mac OS X 10_15_1) AppleWebKit/537.36 (KHTML, like Gecko) Chrome/79.0.3945.79 Safari/537.36"
::1 - - [16/Dec/2019:18:46:49 +0000] "GET /image/sprite.png HTTP/1.1" 404 155 "http://localhost:4000/cssM/stylesheet.css" "Mozilla/5.0 (Macintosh; Intel Mac OS X 10_15_1) AppleWebKit/537.36 (KHTML, like Gecko) Chrome/79.0.3945.79 Safari/537.36"
::1 - - [16/Dec/2019:18:46:49 +0000] "GET /brand/imageM/payment/discover.jpg HTTP/1.1" 404 172 "http://localhost:4000/brand/bodum" "Mozilla/5.0 (Macintosh; Intel Mac OS X 10_15_1) AppleWebKit/537.36 (KHTML, like Gecko) Chrome/79.0.3945.79 Safari/537.36"
::1 - - [16/Dec/2019:18:46:49 +0000] "GET /image/gridlist.png HTTP/1.1" 404 157 "http://localhost:4000/cssM/stylesheet.css" "Mozilla/5.0 (Macintosh; Intel Mac OS X 10_15_1) AppleWebKit/537.36 (KHTML, like Gecko) Chrome/79.0.3945.79 Safari/537.36"
::1 - - [16/Dec/2019:18:46:49 +0000] "GET /image/cms-icon.png HTTP/1.1" 404 157 "http://localhost:4000/cssM/stylesheet.css" "Mozilla/5.0 (Macintosh; Intel Mac OS X 10_15_1) AppleWebKit/537.36 (KHTML, like Gecko) Chrome/79.0.3945.79 Safari/537.36"
::1 - - [16/Dec/2019:18:48:27 +0000] "GET /brand/bodum HTTP/1.1" 200 - "http://localhost:4000/brand/victorinox" "Mozilla/5.0 (Macintosh; Intel Mac OS X 10_15_1) AppleWebKit/537.36 (KHTML, like Gecko) Chrome/79.0.3945.79 Safari/537.36"
::1 - - [16/Dec/2019:18:48:27 +0000] "GET /brand/imageM/payment/visa.jpg HTTP/1.1" 404 168 "http://localhost:4000/brand/bodum" "Mozilla/5.0 (Macintosh; Intel Mac OS X 10_15_1) AppleWebKit/537.36 (KHTML, like Gecko) Chrome/79.0.3945.79 Safari/537.36"
::1 - - [16/Dec/2019:18:48:27 +0000] "GET /brand/imageM/payment/mastero.jpg HTTP/1.1" 404 171 "http://localhost:4000/brand/bodum" "Mozilla/5.0 (Macintosh; Intel Mac OS X 10_15_1) AppleWebKit/537.36 (KHTML, like Gecko) Chrome/79.0.3945.79 Safari/537.36"
::1 - - [16/Dec/2019:18:48:27 +0000] "GET /brand/imageM/payment/currus.jpg HTTP/1.1" 404 170 "http://localhost:4000/brand/bodum" "Mozilla/5.0 (Macintosh; Intel Mac OS X 10_15_1) AppleWebKit/537.36 (KHTML, like Gecko) Chrome/79.0.3945.79 Safari/537.36"
::1 - - [16/Dec/2019:18:48:27 +0000] "GET /brand/imageM/payment/discover.jpg HTTP/1.1" 404 172 "http://localhost:4000/brand/bodum" "Mozilla/5.0 (Macintosh; Intel Mac OS X 10_15_1) AppleWebKit/537.36 (KHTML, like Gecko) Chrome/79.0.3945.79 Safari/537.36"
::1 - - [16/Dec/2019:18:48:27 +0000] "GET /image/sprite.png HTTP/1.1" 404 155 "http://localhost:4000/cssM/stylesheet.css" "Mozilla/5.0 (Macintosh; Intel Mac OS X 10_15_1) AppleWebKit/537.36 (KHTML, like Gecko) Chrome/79.0.3945.79 Safari/537.36"
::1 - - [16/Dec/2019:18:48:27 +0000] "GET /image/gridlist.png HTTP/1.1" 404 157 "http://localhost:4000/cssM/stylesheet.css" "Mozilla/5.0 (Macintosh; Intel Mac OS X 10_15_1) AppleWebKit/537.36 (KHTML, like Gecko) Chrome/79.0.3945.79 Safari/537.36"
::1 - - [16/Dec/2019:18:48:28 +0000] "GET /image/cms-icon.png HTTP/1.1" 404 157 "http://localhost:4000/cssM/stylesheet.css" "Mozilla/5.0 (Macintosh; Intel Mac OS X 10_15_1) AppleWebKit/537.36 (KHTML, like Gecko) Chrome/79.0.3945.79 Safari/537.36"
::1 - - [16/Dec/2019:18:49:47 +0000] "GET /brand/bodum HTTP/1.1" 404 150 "http://localhost:4000/brand/victorinox" "Mozilla/5.0 (Macintosh; Intel Mac OS X 10_15_1) AppleWebKit/537.36 (KHTML, like Gecko) Chrome/79.0.3945.79 Safari/537.36"
::1 - - [16/Dec/2019:18:49:58 +0000] "GET /brand/victorinox HTTP/1.1" 404 155 "http://localhost:4000/brand/tefal" "Mozilla/5.0 (Macintosh; Intel Mac OS X 10_15_1) AppleWebKit/537.36 (KHTML, like Gecko) Chrome/79.0.3945.79 Safari/537.36"
::1 - - [16/Dec/2019:18:50:06 +0000] "GET /services HTTP/1.1" 200 - "http://localhost:4000/brand/maverick" "Mozilla/5.0 (Macintosh; Intel Mac OS X 10_15_1) AppleWebKit/537.36 (KHTML, like Gecko) Chrome/79.0.3945.79 Safari/537.36"
::1 - - [16/Dec/2019:18:50:06 +0000] "GET /js/jQuery.js HTTP/1.1" 404 151 "http://localhost:4000/services" "Mozilla/5.0 (Macintosh; Intel Mac OS X 10_15_1) AppleWebKit/537.36 (KHTML, like Gecko) Chrome/79.0.3945.79 Safari/537.36"
::1 - - [16/Dec/2019:18:50:07 +0000] "GET /js/bootstrap.js HTTP/1.1" 404 154 "http://localhost:4000/services" "Mozilla/5.0 (Macintosh; Intel Mac OS X 10_15_1) AppleWebKit/537.36 (KHTML, like Gecko) Chrome/79.0.3945.79 Safari/537.36"
::1 - - [16/Dec/2019:18:50:07 +0000] "GET /image/sprite.png HTTP/1.1" 404 155 "http://localhost:4000/cssM/stylesheet.css" "Mozilla/5.0 (Macintosh; Intel Mac OS X 10_15_1) AppleWebKit/537.36 (KHTML, like Gecko) Chrome/79.0.3945.79 Safari/537.36"
::1 - - [16/Dec/2019:18:50:08 +0000] "GET /image/cms-icon.png HTTP/1.1" 404 157 "http://localhost:4000/cssM/stylesheet.css" "Mozilla/5.0 (Macintosh; Intel Mac OS X 10_15_1) AppleWebKit/537.36 (KHTML, like Gecko) Chrome/79.0.3945.79 Safari/537.36"
::1 - - [16/Dec/2019:18:50:13 +0000] "GET /brands/cuisinart HTTP/1.1" 200 - "http://localhost:4000/services" "Mozilla/5.0 (Macintosh; Intel Mac OS X 10_15_1) AppleWebKit/537.36 (KHTML, like Gecko) Chrome/79.0.3945.79 Safari/537.36"
::1 - - [16/Dec/2019:18:50:14 +0000] "GET /brands/imageM/payment/mastero.jpg HTTP/1.1" 404 172 "http://localhost:4000/brands/cuisinart" "Mozilla/5.0 (Macintosh; Intel Mac OS X 10_15_1) AppleWebKit/537.36 (KHTML, like Gecko) Chrome/79.0.3945.79 Safari/537.36"
::1 - - [16/Dec/2019:18:50:14 +0000] "GET /image/sprite.png HTTP/1.1" 404 155 "http://localhost:4000/cssM/stylesheet.css" "Mozilla/5.0 (Macintosh; Intel Mac OS X 10_15_1) AppleWebKit/537.36 (KHTML, like Gecko) Chrome/79.0.3945.79 Safari/537.36"
::1 - - [16/Dec/2019:18:50:15 +0000] "GET /brands/imageM/payment/visa.jpg HTTP/1.1" 404 169 "http://localhost:4000/brands/cuisinart" "Mozilla/5.0 (Macintosh; Intel Mac OS X 10_15_1) AppleWebKit/537.36 (KHTML, like Gecko) Chrome/79.0.3945.79 Safari/537.36"
::1 - - [16/Dec/2019:18:50:15 +0000] "GET /image/gridlist.png HTTP/1.1" 404 157 "http://localhost:4000/cssM/stylesheet.css" "Mozilla/5.0 (Macintosh; Intel Mac OS X 10_15_1) AppleWebKit/537.36 (KHTML, like Gecko) Chrome/79.0.3945.79 Safari/537.36"
::1 - - [16/Dec/2019:18:50:15 +0000] "GET /brands/imageM/payment/currus.jpg HTTP/1.1" 404 171 "http://localhost:4000/brands/cuisinart" "Mozilla/5.0 (Macintosh; Intel Mac OS X 10_15_1) AppleWebKit/537.36 (KHTML, like Gecko) Chrome/79.0.3945.79 Safari/537.36"
::1 - - [16/Dec/2019:18:50:16 +0000] "GET /image/cms-icon.png HTTP/1.1" 404 157 "http://localhost:4000/cssM/stylesheet.css" "Mozilla/5.0 (Macintosh; Intel Mac OS X 10_15_1) AppleWebKit/537.36 (KHTML, like Gecko) Chrome/79.0.3945.79 Safari/537.36"
::1 - - [16/Dec/2019:18:50:16 +0000] "GET /brands/imageM/payment/discover.jpg HTTP/1.1" 404 173 "http://localhost:4000/brands/cuisinart" "Mozilla/5.0 (Macintosh; Intel Mac OS X 10_15_1) AppleWebKit/537.36 (KHTML, like Gecko) Chrome/79.0.3945.79 Safari/537.36"
::1 - - [16/Dec/2019:18:50:28 +0000] "GET /products/appliances HTTP/1.1" 200 - "http://localhost:4000/brands/cuisinart" "Mozilla/5.0 (Macintosh; Intel Mac OS X 10_15_1) AppleWebKit/537.36 (KHTML, like Gecko) Chrome/79.0.3945.79 Safari/537.36"
::1 - - [16/Dec/2019:18:50:28 +0000] "GET /products/imageM/payment/mastero.jpg HTTP/1.1" 404 174 "http://localhost:4000/products/appliances" "Mozilla/5.0 (Macintosh; Intel Mac OS X 10_15_1) AppleWebKit/537.36 (KHTML, like Gecko) Chrome/79.0.3945.79 Safari/537.36"
::1 - - [16/Dec/2019:18:50:28 +0000] "GET /products/imageM/payment/discover.jpg HTTP/1.1" 404 175 "http://localhost:4000/products/appliances" "Mozilla/5.0 (Macintosh; Intel Mac OS X 10_15_1) AppleWebKit/537.36 (KHTML, like Gecko) Chrome/79.0.3945.79 Safari/537.36"
::1 - - [16/Dec/2019:18:50:28 +0000] "GET /products/imageM/payment/currus.jpg HTTP/1.1" 404 173 "http://localhost:4000/products/appliances" "Mozilla/5.0 (Macintosh; Intel Mac OS X 10_15_1) AppleWebKit/537.36 (KHTML, like Gecko) Chrome/79.0.3945.79 Safari/537.36"
::1 - - [16/Dec/2019:18:50:30 +0000] "GET /image/sprite.png HTTP/1.1" 404 155 "http://localhost:4000/cssM/stylesheet.css" "Mozilla/5.0 (Macintosh; Intel Mac OS X 10_15_1) AppleWebKit/537.36 (KHTML, like Gecko) Chrome/79.0.3945.79 Safari/537.36"
::1 - - [16/Dec/2019:18:50:30 +0000] "GET /products/imageM/payment/visa.jpg HTTP/1.1" 404 171 "http://localhost:4000/products/appliances" "Mozilla/5.0 (Macintosh; Intel Mac OS X 10_15_1) AppleWebKit/537.36 (KHTML, like Gecko) Chrome/79.0.3945.79 Safari/537.36"
::1 - - [16/Dec/2019:18:50:30 +0000] "GET /image/cms-icon.png HTTP/1.1" 404 157 "http://localhost:4000/cssM/stylesheet.css" "Mozilla/5.0 (Macintosh; Intel Mac OS X 10_15_1) AppleWebKit/537.36 (KHTML, like Gecko) Chrome/79.0.3945.79 Safari/537.36"
::1 - - [16/Dec/2019:18:50:30 +0000] "GET /image/gridlist.png HTTP/1.1" 404 157 "http://localhost:4000/cssM/stylesheet.css" "Mozilla/5.0 (Macintosh; Intel Mac OS X 10_15_1) AppleWebKit/537.36 (KHTML, like Gecko) Chrome/79.0.3945.79 Safari/537.36"
::1 - - [16/Dec/2019:18:50:36 +0000] "GET /brands/kitchenaid HTTP/1.1" 200 - "http://localhost:4000/products/appliances" "Mozilla/5.0 (Macintosh; Intel Mac OS X 10_15_1) AppleWebKit/537.36 (KHTML, like Gecko) Chrome/79.0.3945.79 Safari/537.36"
::1 - - [16/Dec/2019:18:50:37 +0000] "GET /brands/imageM/payment/mastero.jpg HTTP/1.1" 404 172 "http://localhost:4000/brands/kitchenaid" "Mozilla/5.0 (Macintosh; Intel Mac OS X 10_15_1) AppleWebKit/537.36 (KHTML, like Gecko) Chrome/79.0.3945.79 Safari/537.36"
::1 - - [16/Dec/2019:18:50:37 +0000] "GET /brands/imageM/payment/discover.jpg HTTP/1.1" 404 173 "http://localhost:4000/brands/kitchenaid" "Mozilla/5.0 (Macintosh; Intel Mac OS X 10_15_1) AppleWebKit/537.36 (KHTML, like Gecko) Chrome/79.0.3945.79 Safari/537.36"
::1 - - [16/Dec/2019:18:50:37 +0000] "GET /image/sprite.png HTTP/1.1" 404 155 "http://localhost:4000/cssM/stylesheet.css" "Mozilla/5.0 (Macintosh; Intel Mac OS X 10_15_1) AppleWebKit/537.36 (KHTML, like Gecko) Chrome/79.0.3945.79 Safari/537.36"
::1 - - [16/Dec/2019:18:50:37 +0000] "GET /brands/imageM/payment/visa.jpg HTTP/1.1" 404 169 "http://localhost:4000/brands/kitchenaid" "Mozilla/5.0 (Macintosh; Intel Mac OS X 10_15_1) AppleWebKit/537.36 (KHTML, like Gecko) Chrome/79.0.3945.79 Safari/537.36"
::1 - - [16/Dec/2019:18:50:38 +0000] "GET /image/cms-icon.png HTTP/1.1" 404 157 "http://localhost:4000/cssM/stylesheet.css" "Mozilla/5.0 (Macintosh; Intel Mac OS X 10_15_1) AppleWebKit/537.36 (KHTML, like Gecko) Chrome/79.0.3945.79 Safari/537.36"
::1 - - [16/Dec/2019:18:50:38 +0000] "GET /image/gridlist.png HTTP/1.1" 404 157 "http://localhost:4000/cssM/stylesheet.css" "Mozilla/5.0 (Macintosh; Intel Mac OS X 10_15_1) AppleWebKit/537.36 (KHTML, like Gecko) Chrome/79.0.3945.79 Safari/537.36"
::1 - - [16/Dec/2019:18:50:38 +0000] "GET /brands/imageM/payment/currus.jpg HTTP/1.1" 404 171 "http://localhost:4000/brands/kitchenaid" "Mozilla/5.0 (Macintosh; Intel Mac OS X 10_15_1) AppleWebKit/537.36 (KHTML, like Gecko) Chrome/79.0.3945.79 Safari/537.36"
::1 - - [16/Dec/2019:18:53:54 +0000] "GET / HTTP/1.1" 200 - "http://localhost:4000/brands/kitchenaid" "Mozilla/5.0 (Macintosh; Intel Mac OS X 10_15_1) AppleWebKit/537.36 (KHTML, like Gecko) Chrome/79.0.3945.79 Safari/537.36"
::1 - - [16/Dec/2019:18:53:55 +0000] "GET /image/sprite.png HTTP/1.1" 404 155 "http://localhost:4000/cssM/stylesheet.css" "Mozilla/5.0 (Macintosh; Intel Mac OS X 10_15_1) AppleWebKit/537.36 (KHTML, like Gecko) Chrome/79.0.3945.79 Safari/537.36"
::1 - - [16/Dec/2019:18:53:55 +0000] "GET /image/cms-icon.png HTTP/1.1" 404 157 "http://localhost:4000/cssM/stylesheet.css" "Mozilla/5.0 (Macintosh; Intel Mac OS X 10_15_1) AppleWebKit/537.36 (KHTML, like Gecko) Chrome/79.0.3945.79 Safari/537.36"
::1 - - [16/Dec/2019:18:53:57 +0000] "GET /image/sprite.png HTTP/1.1" 404 155 "http://localhost:4000/cssM/stylesheet.css" "Mozilla/5.0 (Macintosh; Intel Mac OS X 10_15_1) AppleWebKit/537.36 (KHTML, like Gecko) Chrome/79.0.3945.79 Safari/537.36"
::1 - - [16/Dec/2019:18:54:09 +0000] "GET /products HTTP/1.1" 200 - "http://localhost:4000/" "Mozilla/5.0 (Macintosh; Intel Mac OS X 10_15_1) AppleWebKit/537.36 (KHTML, like Gecko) Chrome/79.0.3945.79 Safari/537.36"
::1 - - [16/Dec/2019:18:54:10 +0000] "GET /image/sprite.png HTTP/1.1" 404 155 "http://localhost:4000/cssM/stylesheet.css" "Mozilla/5.0 (Macintosh; Intel Mac OS X 10_15_1) AppleWebKit/537.36 (KHTML, like Gecko) Chrome/79.0.3945.79 Safari/537.36"
::1 - - [16/Dec/2019:18:54:10 +0000] "GET /image/cms-icon.png HTTP/1.1" 404 157 "http://localhost:4000/cssM/stylesheet.css" "Mozilla/5.0 (Macintosh; Intel Mac OS X 10_15_1) AppleWebKit/537.36 (KHTML, like Gecko) Chrome/79.0.3945.79 Safari/537.36"
::1 - - [16/Dec/2019:18:54:10 +0000] "GET /image/gridlist.png HTTP/1.1" 404 157 "http://localhost:4000/cssM/stylesheet.css" "Mozilla/5.0 (Macintosh; Intel Mac OS X 10_15_1) AppleWebKit/537.36 (KHTML, like Gecko) Chrome/79.0.3945.79 Safari/537.36"
::1 - - [16/Dec/2019:18:55:55 +0000] "GET /products HTTP/1.1" 304 - "http://localhost:4000/" "Mozilla/5.0 (Macintosh; Intel Mac OS X 10_15_1) AppleWebKit/537.36 (KHTML, like Gecko) Chrome/79.0.3945.79 Safari/537.36"
::1 - - [16/Dec/2019:18:55:55 +0000] "GET /image/sprite.png HTTP/1.1" 404 155 "http://localhost:4000/cssM/stylesheet.css" "Mozilla/5.0 (Macintosh; Intel Mac OS X 10_15_1) AppleWebKit/537.36 (KHTML, like Gecko) Chrome/79.0.3945.79 Safari/537.36"
::1 - - [16/Dec/2019:18:55:56 +0000] "GET /image/gridlist.png HTTP/1.1" 404 157 "http://localhost:4000/cssM/stylesheet.css" "Mozilla/5.0 (Macintosh; Intel Mac OS X 10_15_1) AppleWebKit/537.36 (KHTML, like Gecko) Chrome/79.0.3945.79 Safari/537.36"
::1 - - [16/Dec/2019:18:55:56 +0000] "GET /image/cms-icon.png HTTP/1.1" 404 157 "http://localhost:4000/cssM/stylesheet.css" "Mozilla/5.0 (Macintosh; Intel Mac OS X 10_15_1) AppleWebKit/537.36 (KHTML, like Gecko) Chrome/79.0.3945.79 Safari/537.36"
::1 - - [16/Dec/2019:18:56:23 +0000] "GET /products HTTP/1.1" 304 - "http://localhost:4000/" "Mozilla/5.0 (Macintosh; Intel Mac OS X 10_15_1) AppleWebKit/537.36 (KHTML, like Gecko) Chrome/79.0.3945.79 Safari/537.36"
::1 - - [16/Dec/2019:18:56:23 +0000] "GET /image/sprite.png HTTP/1.1" 404 155 "http://localhost:4000/cssM/stylesheet.css" "Mozilla/5.0 (Macintosh; Intel Mac OS X 10_15_1) AppleWebKit/537.36 (KHTML, like Gecko) Chrome/79.0.3945.79 Safari/537.36"
::1 - - [16/Dec/2019:18:56:23 +0000] "GET /image/gridlist.png HTTP/1.1" 404 157 "http://localhost:4000/cssM/stylesheet.css" "Mozilla/5.0 (Macintosh; Intel Mac OS X 10_15_1) AppleWebKit/537.36 (KHTML, like Gecko) Chrome/79.0.3945.79 Safari/537.36"
::1 - - [16/Dec/2019:18:56:23 +0000] "GET /image/cms-icon.png HTTP/1.1" 404 157 "http://localhost:4000/cssM/stylesheet.css" "Mozilla/5.0 (Macintosh; Intel Mac OS X 10_15_1) AppleWebKit/537.36 (KHTML, like Gecko) Chrome/79.0.3945.79 Safari/537.36"
::1 - - [16/Dec/2019:18:56:24 +0000] "GET /image/gridlist.png HTTP/1.1" 404 157 "http://localhost:4000/cssM/stylesheet.css" "Mozilla/5.0 (Macintosh; Intel Mac OS X 10_15_1) AppleWebKit/537.36 (KHTML, like Gecko) Chrome/79.0.3945.79 Safari/537.36"
::1 - - [16/Dec/2019:18:56:50 +0000] "GET /products HTTP/1.1" 304 - "http://localhost:4000/" "Mozilla/5.0 (Macintosh; Intel Mac OS X 10_15_1) AppleWebKit/537.36 (KHTML, like Gecko) Chrome/79.0.3945.79 Safari/537.36"
::1 - - [16/Dec/2019:18:56:50 +0000] "GET /image/sprite.png HTTP/1.1" 404 155 "http://localhost:4000/cssM/stylesheet.css" "Mozilla/5.0 (Macintosh; Intel Mac OS X 10_15_1) AppleWebKit/537.36 (KHTML, like Gecko) Chrome/79.0.3945.79 Safari/537.36"
::1 - - [16/Dec/2019:18:56:50 +0000] "GET /image/gridlist.png HTTP/1.1" 404 157 "http://localhost:4000/cssM/stylesheet.css" "Mozilla/5.0 (Macintosh; Intel Mac OS X 10_15_1) AppleWebKit/537.36 (KHTML, like Gecko) Chrome/79.0.3945.79 Safari/537.36"
::1 - - [16/Dec/2019:18:56:50 +0000] "GET /image/cms-icon.png HTTP/1.1" 404 157 "http://localhost:4000/cssM/stylesheet.css" "Mozilla/5.0 (Macintosh; Intel Mac OS X 10_15_1) AppleWebKit/537.36 (KHTML, like Gecko) Chrome/79.0.3945.79 Safari/537.36"
::1 - - [16/Dec/2019:18:58:28 +0000] "GET /products HTTP/1.1" 304 - "http://localhost:4000/" "Mozilla/5.0 (Macintosh; Intel Mac OS X 10_15_1) AppleWebKit/537.36 (KHTML, like Gecko) Chrome/79.0.3945.79 Safari/537.36"
::1 - - [16/Dec/2019:18:58:29 +0000] "GET /image/gridlist.png HTTP/1.1" 404 157 "http://localhost:4000/cssM/stylesheet.css" "Mozilla/5.0 (Macintosh; Intel Mac OS X 10_15_1) AppleWebKit/537.36 (KHTML, like Gecko) Chrome/79.0.3945.79 Safari/537.36"
::1 - - [16/Dec/2019:18:58:29 +0000] "GET /image/sprite.png HTTP/1.1" 404 155 "http://localhost:4000/cssM/stylesheet.css" "Mozilla/5.0 (Macintosh; Intel Mac OS X 10_15_1) AppleWebKit/537.36 (KHTML, like Gecko) Chrome/79.0.3945.79 Safari/537.36"
::1 - - [16/Dec/2019:18:58:29 +0000] "GET /image/cms-icon.png HTTP/1.1" 404 157 "http://localhost:4000/cssM/stylesheet.css" "Mozilla/5.0 (Macintosh; Intel Mac OS X 10_15_1) AppleWebKit/537.36 (KHTML, like Gecko) Chrome/79.0.3945.79 Safari/537.36"
::1 - - [16/Dec/2019:19:04:18 +0000] "GET /admin/brands HTTP/1.1" 200 - "http://localhost:4000/products" "Mozilla/5.0 (Macintosh; Intel Mac OS X 10_15_1) AppleWebKit/537.36 (KHTML, like Gecko) Chrome/79.0.3945.79 Safari/537.36"
::1 - - [16/Dec/2019:19:04:19 +0000] "GET /images/brands/work-sharp/Work%20Sharp.png HTTP/1.1" 404 180 "http://localhost:4000/admin/brands" "Mozilla/5.0 (Macintosh; Intel Mac OS X 10_15_1) AppleWebKit/537.36 (KHTML, like Gecko) Chrome/79.0.3945.79 Safari/537.36"
::1 - - [16/Dec/2019:19:04:19 +0000] "GET /admin/imageM/payment/currus.jpg HTTP/1.1" 404 170 "http://localhost:4000/admin/brands" "Mozilla/5.0 (Macintosh; Intel Mac OS X 10_15_1) AppleWebKit/537.36 (KHTML, like Gecko) Chrome/79.0.3945.79 Safari/537.36"
::1 - - [16/Dec/2019:19:04:19 +0000] "GET /admin/imageM/payment/visa.jpg HTTP/1.1" 404 168 "http://localhost:4000/admin/brands" "Mozilla/5.0 (Macintosh; Intel Mac OS X 10_15_1) AppleWebKit/537.36 (KHTML, like Gecko) Chrome/79.0.3945.79 Safari/537.36"
::1 - - [16/Dec/2019:19:04:19 +0000] "GET /image/sprite.png HTTP/1.1" 404 155 "http://localhost:4000/cssM/stylesheet.css" "Mozilla/5.0 (Macintosh; Intel Mac OS X 10_15_1) AppleWebKit/537.36 (KHTML, like Gecko) Chrome/79.0.3945.79 Safari/537.36"
::1 - - [16/Dec/2019:19:04:19 +0000] "GET /admin/imageM/payment/discover.jpg HTTP/1.1" 404 172 "http://localhost:4000/admin/brands" "Mozilla/5.0 (Macintosh; Intel Mac OS X 10_15_1) AppleWebKit/537.36 (KHTML, like Gecko) Chrome/79.0.3945.79 Safari/537.36"
::1 - - [16/Dec/2019:19:04:19 +0000] "GET /admin/imageM/payment/mastero.jpg HTTP/1.1" 404 171 "http://localhost:4000/admin/brands" "Mozilla/5.0 (Macintosh; Intel Mac OS X 10_15_1) AppleWebKit/537.36 (KHTML, like Gecko) Chrome/79.0.3945.79 Safari/537.36"
::1 - - [16/Dec/2019:19:04:19 +0000] "GET /image/cms-icon.png HTTP/1.1" 404 157 "http://localhost:4000/cssM/stylesheet.css" "Mozilla/5.0 (Macintosh; Intel Mac OS X 10_15_1) AppleWebKit/537.36 (KHTML, like Gecko) Chrome/79.0.3945.79 Safari/537.36"
::1 - - [16/Dec/2019:19:07:40 +0000] "GET /admin/brands HTTP/1.1" 200 - "http://localhost:4000/products" "Mozilla/5.0 (Macintosh; Intel Mac OS X 10_15_1) AppleWebKit/537.36 (KHTML, like Gecko) Chrome/79.0.3945.79 Safari/537.36"
::1 - - [16/Dec/2019:19:07:41 +0000] "GET /images/brands/work-sharp/Work%20Sharp.png HTTP/1.1" 404 180 "http://localhost:4000/admin/brands" "Mozilla/5.0 (Macintosh; Intel Mac OS X 10_15_1) AppleWebKit/537.36 (KHTML, like Gecko) Chrome/79.0.3945.79 Safari/537.36"
::1 - - [16/Dec/2019:19:07:41 +0000] "GET /admin/imageM/payment/mastero.jpg HTTP/1.1" 404 171 "http://localhost:4000/admin/brands" "Mozilla/5.0 (Macintosh; Intel Mac OS X 10_15_1) AppleWebKit/537.36 (KHTML, like Gecko) Chrome/79.0.3945.79 Safari/537.36"
::1 - - [16/Dec/2019:19:07:41 +0000] "GET /admin/imageM/payment/discover.jpg HTTP/1.1" 404 172 "http://localhost:4000/admin/brands" "Mozilla/5.0 (Macintosh; Intel Mac OS X 10_15_1) AppleWebKit/537.36 (KHTML, like Gecko) Chrome/79.0.3945.79 Safari/537.36"
::1 - - [16/Dec/2019:19:07:41 +0000] "GET /admin/imageM/payment/currus.jpg HTTP/1.1" 404 170 "http://localhost:4000/admin/brands" "Mozilla/5.0 (Macintosh; Intel Mac OS X 10_15_1) AppleWebKit/537.36 (KHTML, like Gecko) Chrome/79.0.3945.79 Safari/537.36"
::1 - - [16/Dec/2019:19:07:41 +0000] "GET /image/sprite.png HTTP/1.1" 404 155 "http://localhost:4000/cssM/stylesheet.css" "Mozilla/5.0 (Macintosh; Intel Mac OS X 10_15_1) AppleWebKit/537.36 (KHTML, like Gecko) Chrome/79.0.3945.79 Safari/537.36"
::1 - - [16/Dec/2019:19:07:41 +0000] "GET /admin/imageM/payment/visa.jpg HTTP/1.1" 404 168 "http://localhost:4000/admin/brands" "Mozilla/5.0 (Macintosh; Intel Mac OS X 10_15_1) AppleWebKit/537.36 (KHTML, like Gecko) Chrome/79.0.3945.79 Safari/537.36"
::1 - - [16/Dec/2019:19:07:41 +0000] "GET /image/cms-icon.png HTTP/1.1" 404 157 "http://localhost:4000/cssM/stylesheet.css" "Mozilla/5.0 (Macintosh; Intel Mac OS X 10_15_1) AppleWebKit/537.36 (KHTML, like Gecko) Chrome/79.0.3945.79 Safari/537.36"
::1 - - [16/Dec/2019:19:07:46 +0000] "GET /brands/alligator HTTP/1.1" 200 - "http://localhost:4000/admin/brands" "Mozilla/5.0 (Macintosh; Intel Mac OS X 10_15_1) AppleWebKit/537.36 (KHTML, like Gecko) Chrome/79.0.3945.79 Safari/537.36"
::1 - - [16/Dec/2019:19:07:47 +0000] "GET /brands/imageM/payment/mastero.jpg HTTP/1.1" 404 172 "http://localhost:4000/brands/alligator" "Mozilla/5.0 (Macintosh; Intel Mac OS X 10_15_1) AppleWebKit/537.36 (KHTML, like Gecko) Chrome/79.0.3945.79 Safari/537.36"
::1 - - [16/Dec/2019:19:07:47 +0000] "GET /brands/imageM/payment/discover.jpg HTTP/1.1" 404 173 "http://localhost:4000/brands/alligator" "Mozilla/5.0 (Macintosh; Intel Mac OS X 10_15_1) AppleWebKit/537.36 (KHTML, like Gecko) Chrome/79.0.3945.79 Safari/537.36"
::1 - - [16/Dec/2019:19:07:47 +0000] "GET /brands/imageM/payment/visa.jpg HTTP/1.1" 404 169 "http://localhost:4000/brands/alligator" "Mozilla/5.0 (Macintosh; Intel Mac OS X 10_15_1) AppleWebKit/537.36 (KHTML, like Gecko) Chrome/79.0.3945.79 Safari/537.36"
::1 - - [16/Dec/2019:19:07:47 +0000] "GET /brands/imageM/payment/currus.jpg HTTP/1.1" 404 171 "http://localhost:4000/brands/alligator" "Mozilla/5.0 (Macintosh; Intel Mac OS X 10_15_1) AppleWebKit/537.36 (KHTML, like Gecko) Chrome/79.0.3945.79 Safari/537.36"
::1 - - [16/Dec/2019:19:07:47 +0000] "GET /image/sprite.png HTTP/1.1" 404 155 "http://localhost:4000/cssM/stylesheet.css" "Mozilla/5.0 (Macintosh; Intel Mac OS X 10_15_1) AppleWebKit/537.36 (KHTML, like Gecko) Chrome/79.0.3945.79 Safari/537.36"
::1 - - [16/Dec/2019:19:07:47 +0000] "GET /image/gridlist.png HTTP/1.1" 404 157 "http://localhost:4000/cssM/stylesheet.css" "Mozilla/5.0 (Macintosh; Intel Mac OS X 10_15_1) AppleWebKit/537.36 (KHTML, like Gecko) Chrome/79.0.3945.79 Safari/537.36"
::1 - - [16/Dec/2019:19:07:47 +0000] "GET /image/cms-icon.png HTTP/1.1" 404 157 "http://localhost:4000/cssM/stylesheet.css" "Mozilla/5.0 (Macintosh; Intel Mac OS X 10_15_1) AppleWebKit/537.36 (KHTML, like Gecko) Chrome/79.0.3945.79 Safari/537.36"
::1 - - [16/Dec/2019:19:09:15 +0000] "GET /admin/brands HTTP/1.1" 200 - "http://localhost:4000/products" "Mozilla/5.0 (Macintosh; Intel Mac OS X 10_15_1) AppleWebKit/537.36 (KHTML, like Gecko) Chrome/79.0.3945.79 Safari/537.36"
::1 - - [16/Dec/2019:19:09:15 +0000] "GET /images/brands/work-sharp/Work%20Sharp.png HTTP/1.1" 404 180 "http://localhost:4000/admin/brands" "Mozilla/5.0 (Macintosh; Intel Mac OS X 10_15_1) AppleWebKit/537.36 (KHTML, like Gecko) Chrome/79.0.3945.79 Safari/537.36"
::1 - - [16/Dec/2019:19:09:15 +0000] "GET /admin/imageM/payment/mastero.jpg HTTP/1.1" 404 171 "http://localhost:4000/admin/brands" "Mozilla/5.0 (Macintosh; Intel Mac OS X 10_15_1) AppleWebKit/537.36 (KHTML, like Gecko) Chrome/79.0.3945.79 Safari/537.36"
::1 - - [16/Dec/2019:19:09:15 +0000] "GET /admin/imageM/payment/visa.jpg HTTP/1.1" 404 168 "http://localhost:4000/admin/brands" "Mozilla/5.0 (Macintosh; Intel Mac OS X 10_15_1) AppleWebKit/537.36 (KHTML, like Gecko) Chrome/79.0.3945.79 Safari/537.36"
::1 - - [16/Dec/2019:19:09:15 +0000] "GET /admin/imageM/payment/discover.jpg HTTP/1.1" 404 172 "http://localhost:4000/admin/brands" "Mozilla/5.0 (Macintosh; Intel Mac OS X 10_15_1) AppleWebKit/537.36 (KHTML, like Gecko) Chrome/79.0.3945.79 Safari/537.36"
::1 - - [16/Dec/2019:19:09:15 +0000] "GET /image/sprite.png HTTP/1.1" 404 155 "http://localhost:4000/cssM/stylesheet.css" "Mozilla/5.0 (Macintosh; Intel Mac OS X 10_15_1) AppleWebKit/537.36 (KHTML, like Gecko) Chrome/79.0.3945.79 Safari/537.36"
::1 - - [16/Dec/2019:19:09:15 +0000] "GET /admin/imageM/payment/currus.jpg HTTP/1.1" 404 170 "http://localhost:4000/admin/brands" "Mozilla/5.0 (Macintosh; Intel Mac OS X 10_15_1) AppleWebKit/537.36 (KHTML, like Gecko) Chrome/79.0.3945.79 Safari/537.36"
::1 - - [16/Dec/2019:19:09:16 +0000] "GET /image/cms-icon.png HTTP/1.1" 404 157 "http://localhost:4000/cssM/stylesheet.css" "Mozilla/5.0 (Macintosh; Intel Mac OS X 10_15_1) AppleWebKit/537.36 (KHTML, like Gecko) Chrome/79.0.3945.79 Safari/537.36"
::1 - - [16/Dec/2019:19:09:19 +0000] "GET /brands/avanti HTTP/1.1" 200 - "http://localhost:4000/admin/brands" "Mozilla/5.0 (Macintosh; Intel Mac OS X 10_15_1) AppleWebKit/537.36 (KHTML, like Gecko) Chrome/79.0.3945.79 Safari/537.36"
::1 - - [16/Dec/2019:19:09:20 +0000] "GET /brands/imageM/payment/currus.jpg HTTP/1.1" 404 171 "http://localhost:4000/brands/avanti" "Mozilla/5.0 (Macintosh; Intel Mac OS X 10_15_1) AppleWebKit/537.36 (KHTML, like Gecko) Chrome/79.0.3945.79 Safari/537.36"
::1 - - [16/Dec/2019:19:09:20 +0000] "GET /brands/imageM/payment/mastero.jpg HTTP/1.1" 404 172 "http://localhost:4000/brands/avanti" "Mozilla/5.0 (Macintosh; Intel Mac OS X 10_15_1) AppleWebKit/537.36 (KHTML, like Gecko) Chrome/79.0.3945.79 Safari/537.36"
::1 - - [16/Dec/2019:19:09:20 +0000] "GET /brands/imageM/payment/visa.jpg HTTP/1.1" 404 169 "http://localhost:4000/brands/avanti" "Mozilla/5.0 (Macintosh; Intel Mac OS X 10_15_1) AppleWebKit/537.36 (KHTML, like Gecko) Chrome/79.0.3945.79 Safari/537.36"
::1 - - [16/Dec/2019:19:09:20 +0000] "GET /brands/imageM/payment/discover.jpg HTTP/1.1" 404 173 "http://localhost:4000/brands/avanti" "Mozilla/5.0 (Macintosh; Intel Mac OS X 10_15_1) AppleWebKit/537.36 (KHTML, like Gecko) Chrome/79.0.3945.79 Safari/537.36"
::1 - - [16/Dec/2019:19:09:20 +0000] "GET /image/sprite.png HTTP/1.1" 404 155 "http://localhost:4000/cssM/stylesheet.css" "Mozilla/5.0 (Macintosh; Intel Mac OS X 10_15_1) AppleWebKit/537.36 (KHTML, like Gecko) Chrome/79.0.3945.79 Safari/537.36"
::1 - - [16/Dec/2019:19:09:20 +0000] "GET /image/gridlist.png HTTP/1.1" 404 157 "http://localhost:4000/cssM/stylesheet.css" "Mozilla/5.0 (Macintosh; Intel Mac OS X 10_15_1) AppleWebKit/537.36 (KHTML, like Gecko) Chrome/79.0.3945.79 Safari/537.36"
::1 - - [16/Dec/2019:19:09:21 +0000] "GET /image/cms-icon.png HTTP/1.1" 404 157 "http://localhost:4000/cssM/stylesheet.css" "Mozilla/5.0 (Macintosh; Intel Mac OS X 10_15_1) AppleWebKit/537.36 (KHTML, like Gecko) Chrome/79.0.3945.79 Safari/537.36"
::1 - - [16/Dec/2019:19:09:41 +0000] "GET /products/bar-&-glass/avanti-whisky-rocks HTTP/1.1" 200 - "http://localhost:4000/brands/avanti" "Mozilla/5.0 (Macintosh; Intel Mac OS X 10_15_1) AppleWebKit/537.36 (KHTML, like Gecko) Chrome/79.0.3945.79 Safari/537.36"
::1 - - [16/Dec/2019:19:09:41 +0000] "GET /products/bar-&-glass/imageM/payment/mastero.jpg HTTP/1.1" 404 190 "http://localhost:4000/products/bar-&-glass/avanti-whisky-rocks" "Mozilla/5.0 (Macintosh; Intel Mac OS X 10_15_1) AppleWebKit/537.36 (KHTML, like Gecko) Chrome/79.0.3945.79 Safari/537.36"
::1 - - [16/Dec/2019:19:09:41 +0000] "GET /products/bar-&-glass/imageM/payment/visa.jpg HTTP/1.1" 404 187 "http://localhost:4000/products/bar-&-glass/avanti-whisky-rocks" "Mozilla/5.0 (Macintosh; Intel Mac OS X 10_15_1) AppleWebKit/537.36 (KHTML, like Gecko) Chrome/79.0.3945.79 Safari/537.36"
::1 - - [16/Dec/2019:19:09:41 +0000] "GET /products/bar-&-glass/imageM/payment/discover.jpg HTTP/1.1" 404 191 "http://localhost:4000/products/bar-&-glass/avanti-whisky-rocks" "Mozilla/5.0 (Macintosh; Intel Mac OS X 10_15_1) AppleWebKit/537.36 (KHTML, like Gecko) Chrome/79.0.3945.79 Safari/537.36"
::1 - - [16/Dec/2019:19:09:41 +0000] "GET /products/bar-&-glass/imageM/payment/currus.jpg HTTP/1.1" 404 189 "http://localhost:4000/products/bar-&-glass/avanti-whisky-rocks" "Mozilla/5.0 (Macintosh; Intel Mac OS X 10_15_1) AppleWebKit/537.36 (KHTML, like Gecko) Chrome/79.0.3945.79 Safari/537.36"
::1 - - [16/Dec/2019:19:09:42 +0000] "GET /image/sprite.png HTTP/1.1" 404 155 "http://localhost:4000/cssM/stylesheet.css" "Mozilla/5.0 (Macintosh; Intel Mac OS X 10_15_1) AppleWebKit/537.36 (KHTML, like Gecko) Chrome/79.0.3945.79 Safari/537.36"
::1 - - [16/Dec/2019:19:09:42 +0000] "GET /image/cms-icon.png HTTP/1.1" 404 157 "http://localhost:4000/cssM/stylesheet.css" "Mozilla/5.0 (Macintosh; Intel Mac OS X 10_15_1) AppleWebKit/537.36 (KHTML, like Gecko) Chrome/79.0.3945.79 Safari/537.36"
::1 - - [16/Dec/2019:19:11:17 +0000] "GET /products/bar-&-glass/avanti-whisky-rocks HTTP/1.1" 200 - "http://localhost:4000/brands/avanti" "Mozilla/5.0 (Macintosh; Intel Mac OS X 10_15_1) AppleWebKit/537.36 (KHTML, like Gecko) Chrome/79.0.3945.79 Safari/537.36"
::1 - - [16/Dec/2019:19:11:18 +0000] "GET /products/bar-&-glass/imageM/payment/mastero.jpg HTTP/1.1" 404 190 "http://localhost:4000/products/bar-&-glass/avanti-whisky-rocks" "Mozilla/5.0 (Macintosh; Intel Mac OS X 10_15_1) AppleWebKit/537.36 (KHTML, like Gecko) Chrome/79.0.3945.79 Safari/537.36"
::1 - - [16/Dec/2019:19:11:18 +0000] "GET /products/bar-&-glass/imageM/payment/currus.jpg HTTP/1.1" 404 189 "http://localhost:4000/products/bar-&-glass/avanti-whisky-rocks" "Mozilla/5.0 (Macintosh; Intel Mac OS X 10_15_1) AppleWebKit/537.36 (KHTML, like Gecko) Chrome/79.0.3945.79 Safari/537.36"
::1 - - [16/Dec/2019:19:11:18 +0000] "GET /products/bar-&-glass/imageM/payment/visa.jpg HTTP/1.1" 404 187 "http://localhost:4000/products/bar-&-glass/avanti-whisky-rocks" "Mozilla/5.0 (Macintosh; Intel Mac OS X 10_15_1) AppleWebKit/537.36 (KHTML, like Gecko) Chrome/79.0.3945.79 Safari/537.36"
::1 - - [16/Dec/2019:19:11:18 +0000] "GET /products/bar-&-glass/imageM/payment/discover.jpg HTTP/1.1" 404 191 "http://localhost:4000/products/bar-&-glass/avanti-whisky-rocks" "Mozilla/5.0 (Macintosh; Intel Mac OS X 10_15_1) AppleWebKit/537.36 (KHTML, like Gecko) Chrome/79.0.3945.79 Safari/537.36"
::1 - - [16/Dec/2019:19:11:18 +0000] "GET /image/sprite.png HTTP/1.1" 404 155 "http://localhost:4000/cssM/stylesheet.css" "Mozilla/5.0 (Macintosh; Intel Mac OS X 10_15_1) AppleWebKit/537.36 (KHTML, like Gecko) Chrome/79.0.3945.79 Safari/537.36"
::1 - - [16/Dec/2019:19:11:18 +0000] "GET /image/cms-icon.png HTTP/1.1" 404 157 "http://localhost:4000/cssM/stylesheet.css" "Mozilla/5.0 (Macintosh; Intel Mac OS X 10_15_1) AppleWebKit/537.36 (KHTML, like Gecko) Chrome/79.0.3945.79 Safari/537.36"
::1 - - [16/Dec/2019:19:11:19 +0000] "GET /image/sprite.png HTTP/1.1" 404 155 "http://localhost:4000/cssM/stylesheet.css" "Mozilla/5.0 (Macintosh; Intel Mac OS X 10_15_1) AppleWebKit/537.36 (KHTML, like Gecko) Chrome/79.0.3945.79 Safari/537.36"
::1 - - [16/Dec/2019:19:11:23 +0000] "GET /brands/avanti HTTP/1.1" 304 - "http://localhost:4000/products/bar-&-glass/avanti-whisky-rocks" "Mozilla/5.0 (Macintosh; Intel Mac OS X 10_15_1) AppleWebKit/537.36 (KHTML, like Gecko) Chrome/79.0.3945.79 Safari/537.36"
::1 - - [16/Dec/2019:19:11:23 +0000] "GET /image/gridlist.png HTTP/1.1" 404 157 "http://localhost:4000/cssM/stylesheet.css" "Mozilla/5.0 (Macintosh; Intel Mac OS X 10_15_1) AppleWebKit/537.36 (KHTML, like Gecko) Chrome/79.0.3945.79 Safari/537.36"
::1 - - [16/Dec/2019:19:11:23 +0000] "GET /image/sprite.png HTTP/1.1" 404 155 "http://localhost:4000/cssM/stylesheet.css" "Mozilla/5.0 (Macintosh; Intel Mac OS X 10_15_1) AppleWebKit/537.36 (KHTML, like Gecko) Chrome/79.0.3945.79 Safari/537.36"
::1 - - [16/Dec/2019:19:11:23 +0000] "GET /brands/imageM/payment/visa.jpg HTTP/1.1" 404 169 "http://localhost:4000/brands/avanti" "Mozilla/5.0 (Macintosh; Intel Mac OS X 10_15_1) AppleWebKit/537.36 (KHTML, like Gecko) Chrome/79.0.3945.79 Safari/537.36"
::1 - - [16/Dec/2019:19:11:23 +0000] "GET /brands/imageM/payment/mastero.jpg HTTP/1.1" 404 172 "http://localhost:4000/brands/avanti" "Mozilla/5.0 (Macintosh; Intel Mac OS X 10_15_1) AppleWebKit/537.36 (KHTML, like Gecko) Chrome/79.0.3945.79 Safari/537.36"
::1 - - [16/Dec/2019:19:11:23 +0000] "GET /brands/imageM/payment/currus.jpg HTTP/1.1" 404 171 "http://localhost:4000/brands/avanti" "Mozilla/5.0 (Macintosh; Intel Mac OS X 10_15_1) AppleWebKit/537.36 (KHTML, like Gecko) Chrome/79.0.3945.79 Safari/537.36"
::1 - - [16/Dec/2019:19:11:23 +0000] "GET /brands/imageM/payment/discover.jpg HTTP/1.1" 404 173 "http://localhost:4000/brands/avanti" "Mozilla/5.0 (Macintosh; Intel Mac OS X 10_15_1) AppleWebKit/537.36 (KHTML, like Gecko) Chrome/79.0.3945.79 Safari/537.36"
::1 - - [16/Dec/2019:19:11:24 +0000] "GET /image/cms-icon.png HTTP/1.1" 404 157 "http://localhost:4000/cssM/stylesheet.css" "Mozilla/5.0 (Macintosh; Intel Mac OS X 10_15_1) AppleWebKit/537.36 (KHTML, like Gecko) Chrome/79.0.3945.79 Safari/537.36"
::1 - - [16/Dec/2019:19:11:24 +0000] "GET /image/gridlist.png HTTP/1.1" 404 157 "http://localhost:4000/cssM/stylesheet.css" "Mozilla/5.0 (Macintosh; Intel Mac OS X 10_15_1) AppleWebKit/537.36 (KHTML, like Gecko) Chrome/79.0.3945.79 Safari/537.36"
::1 - - [16/Dec/2019:20:23:08 +0000] "GET /admin/brands HTTP/1.1" 304 - "http://localhost:4000/brands/avanti" "Mozilla/5.0 (Macintosh; Intel Mac OS X 10_15_1) AppleWebKit/537.36 (KHTML, like Gecko) Chrome/79.0.3945.79 Safari/537.36"
::1 - - [16/Dec/2019:20:23:08 +0000] "GET /images/brands/work-sharp/Work%20Sharp.png HTTP/1.1" 404 180 "http://localhost:4000/admin/brands" "Mozilla/5.0 (Macintosh; Intel Mac OS X 10_15_1) AppleWebKit/537.36 (KHTML, like Gecko) Chrome/79.0.3945.79 Safari/537.36"
::1 - - [16/Dec/2019:20:23:08 +0000] "GET /admin/imageM/payment/discover.jpg HTTP/1.1" 404 172 "http://localhost:4000/admin/brands" "Mozilla/5.0 (Macintosh; Intel Mac OS X 10_15_1) AppleWebKit/537.36 (KHTML, like Gecko) Chrome/79.0.3945.79 Safari/537.36"
::1 - - [16/Dec/2019:20:23:08 +0000] "GET /admin/imageM/payment/mastero.jpg HTTP/1.1" 404 171 "http://localhost:4000/admin/brands" "Mozilla/5.0 (Macintosh; Intel Mac OS X 10_15_1) AppleWebKit/537.36 (KHTML, like Gecko) Chrome/79.0.3945.79 Safari/537.36"
::1 - - [16/Dec/2019:20:23:08 +0000] "GET /image/sprite.png HTTP/1.1" 404 155 "http://localhost:4000/cssM/stylesheet.css" "Mozilla/5.0 (Macintosh; Intel Mac OS X 10_15_1) AppleWebKit/537.36 (KHTML, like Gecko) Chrome/79.0.3945.79 Safari/537.36"
::1 - - [16/Dec/2019:20:23:08 +0000] "GET /admin/imageM/payment/currus.jpg HTTP/1.1" 404 170 "http://localhost:4000/admin/brands" "Mozilla/5.0 (Macintosh; Intel Mac OS X 10_15_1) AppleWebKit/537.36 (KHTML, like Gecko) Chrome/79.0.3945.79 Safari/537.36"
::1 - - [16/Dec/2019:20:23:08 +0000] "GET /admin/imageM/payment/visa.jpg HTTP/1.1" 404 168 "http://localhost:4000/admin/brands" "Mozilla/5.0 (Macintosh; Intel Mac OS X 10_15_1) AppleWebKit/537.36 (KHTML, like Gecko) Chrome/79.0.3945.79 Safari/537.36"
::1 - - [16/Dec/2019:20:23:09 +0000] "GET /image/cms-icon.png HTTP/1.1" 404 157 "http://localhost:4000/cssM/stylesheet.css" "Mozilla/5.0 (Macintosh; Intel Mac OS X 10_15_1) AppleWebKit/537.36 (KHTML, like Gecko) Chrome/79.0.3945.79 Safari/537.36"
::1 - - [16/Dec/2019:20:24:43 +0000] "GET /products HTTP/1.1" 304 - "http://localhost:4000/orders" "Mozilla/5.0 (Macintosh; Intel Mac OS X 10_15_1) AppleWebKit/537.36 (KHTML, like Gecko) Chrome/79.0.3945.79 Safari/537.36"
::1 - - [16/Dec/2019:20:24:44 +0000] "GET /image/cms-icon.png HTTP/1.1" 404 157 "http://localhost:4000/cssM/stylesheet.css" "Mozilla/5.0 (Macintosh; Intel Mac OS X 10_15_1) AppleWebKit/537.36 (KHTML, like Gecko) Chrome/79.0.3945.79 Safari/537.36"
::1 - - [16/Dec/2019:20:24:44 +0000] "GET /image/sprite.png HTTP/1.1" 404 155 "http://localhost:4000/cssM/stylesheet.css" "Mozilla/5.0 (Macintosh; Intel Mac OS X 10_15_1) AppleWebKit/537.36 (KHTML, like Gecko) Chrome/79.0.3945.79 Safari/537.36"
::1 - - [16/Dec/2019:20:24:44 +0000] "GET /image/gridlist.png HTTP/1.1" 404 157 "http://localhost:4000/cssM/stylesheet.css" "Mozilla/5.0 (Macintosh; Intel Mac OS X 10_15_1) AppleWebKit/537.36 (KHTML, like Gecko) Chrome/79.0.3945.79 Safari/537.36"
